Calling target program-options parser
[18:44:14.556] [bmv2] [D] [thread 15921] Set default default entry for table 'MyIngress.ipv4_lpm': MyIngress.drop - 
[18:44:14.556] [bmv2] [D] [thread 15921] Set default default entry for table 'tbl_clone_packet': MyIngress.clone_packet - 
Adding interface s1-eth1 as port 1
[18:44:14.557] [bmv2] [D] [thread 15921] Adding interface s1-eth1 as port 1
Adding interface s1-eth2 as port 2
[18:44:14.571] [bmv2] [D] [thread 15921] Adding interface s1-eth2 as port 2
Server listening on 0.0.0.0:50051
[18:44:14.596] [bmv2] [I] [thread 15921] Starting Thrift server on port 9090
[18:44:14.596] [bmv2] [I] [thread 15921] Thrift server was started
[18:44:14.635] [bmv2] [D] [thread 15931] [0.0] [cxt 0] Processing packet received on port 2
[18:44:14.635] [bmv2] [D] [thread 15931] [0.0] [cxt 0] Parser 'parser': start
[18:44:14.635] [bmv2] [D] [thread 15931] [0.0] [cxt 0] Parser 'parser' entering state 'start'
[18:44:14.635] [bmv2] [D] [thread 15931] [0.0] [cxt 0] Extracting header 'ethernet'
[18:44:14.635] [bmv2] [D] [thread 15931] [0.0] [cxt 0] Parser state 'start': key is 86dd
[18:44:14.635] [bmv2] [T] [thread 15931] [0.0] [cxt 0] Bytes parsed: 14
[18:44:14.635] [bmv2] [D] [thread 15931] [0.0] [cxt 0] Parser 'parser': end
[18:44:14.635] [bmv2] [D] [thread 15931] [0.0] [cxt 0] Pipeline 'ingress': start
[18:44:14.635] [bmv2] [T] [thread 15931] [0.0] [cxt 0] basic.p4(121) Condition "hdr.ipv4.isValid()" (node_2) is false
[18:44:14.635] [bmv2] [D] [thread 15931] [0.0] [cxt 0] Pipeline 'ingress': end
[18:44:14.635] [bmv2] [D] [thread 15931] [0.0] [cxt 0] Egress port is 0
[18:44:14.635] [bmv2] [D] [thread 15932] [0.0] [cxt 0] Pipeline 'egress': start
[18:44:14.635] [bmv2] [D] [thread 15932] [0.0] [cxt 0] Pipeline 'egress': end
[18:44:14.635] [bmv2] [D] [thread 15932] [0.0] [cxt 0] Deparser 'deparser': start
[18:44:14.635] [bmv2] [T] [thread 15932] [0.0] [cxt 0] Skipping checksum 'cksum' update because condition not met
[18:44:14.635] [bmv2] [D] [thread 15932] [0.0] [cxt 0] Deparsing header 'ethernet'
[18:44:14.635] [bmv2] [D] [thread 15932] [0.0] [cxt 0] Deparser 'deparser': end
[18:44:14.635] [bmv2] [D] [thread 15936] [0.0] [cxt 0] Transmitting packet of size 86 out of port 0
[18:44:15.107] [bmv2] [D] [thread 15931] [1.0] [cxt 0] Processing packet received on port 1
[18:44:15.107] [bmv2] [D] [thread 15931] [1.0] [cxt 0] Parser 'parser': start
[18:44:15.107] [bmv2] [D] [thread 15931] [1.0] [cxt 0] Parser 'parser' entering state 'start'
[18:44:15.107] [bmv2] [D] [thread 15931] [1.0] [cxt 0] Extracting header 'ethernet'
[18:44:15.107] [bmv2] [D] [thread 15931] [1.0] [cxt 0] Parser state 'start': key is 86dd
[18:44:15.107] [bmv2] [T] [thread 15931] [1.0] [cxt 0] Bytes parsed: 14
[18:44:15.107] [bmv2] [D] [thread 15931] [1.0] [cxt 0] Parser 'parser': end
[18:44:15.107] [bmv2] [D] [thread 15931] [1.0] [cxt 0] Pipeline 'ingress': start
[18:44:15.107] [bmv2] [T] [thread 15931] [1.0] [cxt 0] basic.p4(121) Condition "hdr.ipv4.isValid()" (node_2) is false
[18:44:15.107] [bmv2] [D] [thread 15931] [1.0] [cxt 0] Pipeline 'ingress': end
[18:44:15.107] [bmv2] [D] [thread 15931] [1.0] [cxt 0] Egress port is 0
[18:44:15.107] [bmv2] [D] [thread 15932] [1.0] [cxt 0] Pipeline 'egress': start
[18:44:15.107] [bmv2] [D] [thread 15932] [1.0] [cxt 0] Pipeline 'egress': end
[18:44:15.107] [bmv2] [D] [thread 15932] [1.0] [cxt 0] Deparser 'deparser': start
[18:44:15.107] [bmv2] [T] [thread 15932] [1.0] [cxt 0] Skipping checksum 'cksum' update because condition not met
[18:44:15.107] [bmv2] [D] [thread 15932] [1.0] [cxt 0] Deparsing header 'ethernet'
[18:44:15.107] [bmv2] [D] [thread 15932] [1.0] [cxt 0] Deparser 'deparser': end
[18:44:15.107] [bmv2] [D] [thread 15936] [1.0] [cxt 0] Transmitting packet of size 90 out of port 0
[18:44:15.167] [bmv2] [D] [thread 15931] [2.0] [cxt 0] Processing packet received on port 2
[18:44:15.167] [bmv2] [D] [thread 15931] [2.0] [cxt 0] Parser 'parser': start
[18:44:15.167] [bmv2] [D] [thread 15931] [2.0] [cxt 0] Parser 'parser' entering state 'start'
[18:44:15.167] [bmv2] [D] [thread 15931] [2.0] [cxt 0] Extracting header 'ethernet'
[18:44:15.167] [bmv2] [D] [thread 15931] [2.0] [cxt 0] Parser state 'start': key is 86dd
[18:44:15.167] [bmv2] [T] [thread 15931] [2.0] [cxt 0] Bytes parsed: 14
[18:44:15.167] [bmv2] [D] [thread 15931] [2.0] [cxt 0] Parser 'parser': end
[18:44:15.167] [bmv2] [D] [thread 15931] [2.0] [cxt 0] Pipeline 'ingress': start
[18:44:15.167] [bmv2] [T] [thread 15931] [2.0] [cxt 0] basic.p4(121) Condition "hdr.ipv4.isValid()" (node_2) is false
[18:44:15.167] [bmv2] [D] [thread 15931] [2.0] [cxt 0] Pipeline 'ingress': end
[18:44:15.167] [bmv2] [D] [thread 15931] [2.0] [cxt 0] Egress port is 0
[18:44:15.167] [bmv2] [D] [thread 15932] [2.0] [cxt 0] Pipeline 'egress': start
[18:44:15.167] [bmv2] [D] [thread 15932] [2.0] [cxt 0] Pipeline 'egress': end
[18:44:15.167] [bmv2] [D] [thread 15932] [2.0] [cxt 0] Deparser 'deparser': start
[18:44:15.167] [bmv2] [T] [thread 15932] [2.0] [cxt 0] Skipping checksum 'cksum' update because condition not met
[18:44:15.167] [bmv2] [D] [thread 15932] [2.0] [cxt 0] Deparsing header 'ethernet'
[18:44:15.167] [bmv2] [D] [thread 15932] [2.0] [cxt 0] Deparser 'deparser': end
[18:44:15.167] [bmv2] [D] [thread 15936] [2.0] [cxt 0] Transmitting packet of size 90 out of port 0
[18:44:15.199] [bmv2] [D] [thread 15931] [3.0] [cxt 0] Processing packet received on port 1
[18:44:15.199] [bmv2] [D] [thread 15931] [3.0] [cxt 0] Parser 'parser': start
[18:44:15.199] [bmv2] [D] [thread 15931] [3.0] [cxt 0] Parser 'parser' entering state 'start'
[18:44:15.199] [bmv2] [D] [thread 15931] [3.0] [cxt 0] Extracting header 'ethernet'
[18:44:15.199] [bmv2] [D] [thread 15931] [3.0] [cxt 0] Parser state 'start': key is 86dd
[18:44:15.199] [bmv2] [T] [thread 15931] [3.0] [cxt 0] Bytes parsed: 14
[18:44:15.199] [bmv2] [D] [thread 15931] [3.0] [cxt 0] Parser 'parser': end
[18:44:15.199] [bmv2] [D] [thread 15931] [3.0] [cxt 0] Pipeline 'ingress': start
[18:44:15.199] [bmv2] [T] [thread 15931] [3.0] [cxt 0] basic.p4(121) Condition "hdr.ipv4.isValid()" (node_2) is false
[18:44:15.199] [bmv2] [D] [thread 15931] [3.0] [cxt 0] Pipeline 'ingress': end
[18:44:15.199] [bmv2] [D] [thread 15931] [3.0] [cxt 0] Egress port is 0
[18:44:15.199] [bmv2] [D] [thread 15932] [3.0] [cxt 0] Pipeline 'egress': start
[18:44:15.199] [bmv2] [D] [thread 15932] [3.0] [cxt 0] Pipeline 'egress': end
[18:44:15.199] [bmv2] [D] [thread 15932] [3.0] [cxt 0] Deparser 'deparser': start
[18:44:15.199] [bmv2] [T] [thread 15932] [3.0] [cxt 0] Skipping checksum 'cksum' update because condition not met
[18:44:15.199] [bmv2] [D] [thread 15932] [3.0] [cxt 0] Deparsing header 'ethernet'
[18:44:15.199] [bmv2] [D] [thread 15932] [3.0] [cxt 0] Deparser 'deparser': end
[18:44:15.199] [bmv2] [D] [thread 15936] [3.0] [cxt 0] Transmitting packet of size 86 out of port 0
[18:44:15.391] [bmv2] [D] [thread 15931] [4.0] [cxt 0] Processing packet received on port 2
[18:44:15.391] [bmv2] [D] [thread 15931] [4.0] [cxt 0] Parser 'parser': start
[18:44:15.391] [bmv2] [D] [thread 15931] [4.0] [cxt 0] Parser 'parser' entering state 'start'
[18:44:15.391] [bmv2] [D] [thread 15931] [4.0] [cxt 0] Extracting header 'ethernet'
[18:44:15.391] [bmv2] [D] [thread 15931] [4.0] [cxt 0] Parser state 'start': key is 86dd
[18:44:15.391] [bmv2] [T] [thread 15931] [4.0] [cxt 0] Bytes parsed: 14
[18:44:15.391] [bmv2] [D] [thread 15931] [4.0] [cxt 0] Parser 'parser': end
[18:44:15.391] [bmv2] [D] [thread 15931] [4.0] [cxt 0] Pipeline 'ingress': start
[18:44:15.391] [bmv2] [T] [thread 15931] [4.0] [cxt 0] basic.p4(121) Condition "hdr.ipv4.isValid()" (node_2) is false
[18:44:15.391] [bmv2] [D] [thread 15931] [4.0] [cxt 0] Pipeline 'ingress': end
[18:44:15.391] [bmv2] [D] [thread 15931] [4.0] [cxt 0] Egress port is 0
[18:44:15.391] [bmv2] [D] [thread 15932] [4.0] [cxt 0] Pipeline 'egress': start
[18:44:15.391] [bmv2] [D] [thread 15932] [4.0] [cxt 0] Pipeline 'egress': end
[18:44:15.391] [bmv2] [D] [thread 15932] [4.0] [cxt 0] Deparser 'deparser': start
[18:44:15.392] [bmv2] [T] [thread 15932] [4.0] [cxt 0] Skipping checksum 'cksum' update because condition not met
[18:44:15.392] [bmv2] [D] [thread 15932] [4.0] [cxt 0] Deparsing header 'ethernet'
[18:44:15.392] [bmv2] [D] [thread 15932] [4.0] [cxt 0] Deparser 'deparser': end
[18:44:15.392] [bmv2] [D] [thread 15936] [4.0] [cxt 0] Transmitting packet of size 90 out of port 0
[18:44:15.496] [bmv2] [D] [thread 15931] [5.0] [cxt 0] Processing packet received on port 2
[18:44:15.496] [bmv2] [D] [thread 15931] [5.0] [cxt 0] Parser 'parser': start
[18:44:15.496] [bmv2] [D] [thread 15931] [5.0] [cxt 0] Parser 'parser' entering state 'start'
[18:44:15.496] [bmv2] [D] [thread 15931] [5.0] [cxt 0] Extracting header 'ethernet'
[18:44:15.496] [bmv2] [D] [thread 15931] [5.0] [cxt 0] Parser state 'start': key is 86dd
[18:44:15.496] [bmv2] [T] [thread 15931] [5.0] [cxt 0] Bytes parsed: 14
[18:44:15.496] [bmv2] [D] [thread 15931] [5.0] [cxt 0] Parser 'parser': end
[18:44:15.496] [bmv2] [D] [thread 15931] [5.0] [cxt 0] Pipeline 'ingress': start
[18:44:15.496] [bmv2] [T] [thread 15931] [5.0] [cxt 0] basic.p4(121) Condition "hdr.ipv4.isValid()" (node_2) is false
[18:44:15.496] [bmv2] [D] [thread 15931] [5.0] [cxt 0] Pipeline 'ingress': end
[18:44:15.497] [bmv2] [D] [thread 15931] [5.0] [cxt 0] Egress port is 0
[18:44:15.497] [bmv2] [D] [thread 15931] [6.0] [cxt 0] Processing packet received on port 2
[18:44:15.497] [bmv2] [D] [thread 15931] [6.0] [cxt 0] Parser 'parser': start
[18:44:15.497] [bmv2] [D] [thread 15931] [6.0] [cxt 0] Parser 'parser' entering state 'start'
[18:44:15.497] [bmv2] [D] [thread 15931] [6.0] [cxt 0] Extracting header 'ethernet'
[18:44:15.497] [bmv2] [D] [thread 15931] [6.0] [cxt 0] Parser state 'start': key is 86dd
[18:44:15.497] [bmv2] [T] [thread 15931] [6.0] [cxt 0] Bytes parsed: 14
[18:44:15.497] [bmv2] [D] [thread 15931] [6.0] [cxt 0] Parser 'parser': end
[18:44:15.497] [bmv2] [D] [thread 15931] [6.0] [cxt 0] Pipeline 'ingress': start
[18:44:15.497] [bmv2] [T] [thread 15931] [6.0] [cxt 0] basic.p4(121) Condition "hdr.ipv4.isValid()" (node_2) is false
[18:44:15.497] [bmv2] [D] [thread 15931] [6.0] [cxt 0] Pipeline 'ingress': end
[18:44:15.497] [bmv2] [D] [thread 15931] [6.0] [cxt 0] Egress port is 0
[18:44:15.497] [bmv2] [D] [thread 15932] [5.0] [cxt 0] Pipeline 'egress': start
[18:44:15.497] [bmv2] [D] [thread 15932] [5.0] [cxt 0] Pipeline 'egress': end
[18:44:15.497] [bmv2] [D] [thread 15932] [5.0] [cxt 0] Deparser 'deparser': start
[18:44:15.497] [bmv2] [T] [thread 15932] [5.0] [cxt 0] Skipping checksum 'cksum' update because condition not met
[18:44:15.497] [bmv2] [D] [thread 15932] [5.0] [cxt 0] Deparsing header 'ethernet'
[18:44:15.497] [bmv2] [D] [thread 15932] [5.0] [cxt 0] Deparser 'deparser': end
[18:44:15.497] [bmv2] [D] [thread 15932] [6.0] [cxt 0] Pipeline 'egress': start
[18:44:15.497] [bmv2] [D] [thread 15932] [6.0] [cxt 0] Pipeline 'egress': end
[18:44:15.497] [bmv2] [D] [thread 15932] [6.0] [cxt 0] Deparser 'deparser': start
[18:44:15.497] [bmv2] [T] [thread 15932] [6.0] [cxt 0] Skipping checksum 'cksum' update because condition not met
[18:44:15.497] [bmv2] [D] [thread 15932] [6.0] [cxt 0] Deparsing header 'ethernet'
[18:44:15.497] [bmv2] [D] [thread 15932] [6.0] [cxt 0] Deparser 'deparser': end
[18:44:15.497] [bmv2] [D] [thread 15936] [5.0] [cxt 0] Transmitting packet of size 90 out of port 0
[18:44:15.498] [bmv2] [D] [thread 15936] [6.0] [cxt 0] Transmitting packet of size 70 out of port 0
[18:44:15.499] [bmv2] [D] [thread 15931] [7.0] [cxt 0] Processing packet received on port 2
[18:44:15.499] [bmv2] [D] [thread 15931] [7.0] [cxt 0] Parser 'parser': start
[18:44:15.499] [bmv2] [D] [thread 15931] [7.0] [cxt 0] Parser 'parser' entering state 'start'
[18:44:15.499] [bmv2] [D] [thread 15931] [7.0] [cxt 0] Extracting header 'ethernet'
[18:44:15.499] [bmv2] [D] [thread 15931] [7.0] [cxt 0] Parser state 'start': key is 86dd
[18:44:15.499] [bmv2] [T] [thread 15931] [7.0] [cxt 0] Bytes parsed: 14
[18:44:15.499] [bmv2] [D] [thread 15931] [7.0] [cxt 0] Parser 'parser': end
[18:44:15.499] [bmv2] [D] [thread 15931] [7.0] [cxt 0] Pipeline 'ingress': start
[18:44:15.499] [bmv2] [T] [thread 15931] [7.0] [cxt 0] basic.p4(121) Condition "hdr.ipv4.isValid()" (node_2) is false
[18:44:15.499] [bmv2] [D] [thread 15931] [7.0] [cxt 0] Pipeline 'ingress': end
[18:44:15.499] [bmv2] [D] [thread 15931] [7.0] [cxt 0] Egress port is 0
[18:44:15.499] [bmv2] [D] [thread 15932] [7.0] [cxt 0] Pipeline 'egress': start
[18:44:15.499] [bmv2] [D] [thread 15932] [7.0] [cxt 0] Pipeline 'egress': end
[18:44:15.499] [bmv2] [D] [thread 15932] [7.0] [cxt 0] Deparser 'deparser': start
[18:44:15.499] [bmv2] [T] [thread 15932] [7.0] [cxt 0] Skipping checksum 'cksum' update because condition not met
[18:44:15.499] [bmv2] [D] [thread 15932] [7.0] [cxt 0] Deparsing header 'ethernet'
[18:44:15.499] [bmv2] [D] [thread 15932] [7.0] [cxt 0] Deparser 'deparser': end
[18:44:15.499] [bmv2] [D] [thread 15936] [7.0] [cxt 0] Transmitting packet of size 90 out of port 0
[18:44:15.576] [bmv2] [D] [thread 15931] [8.0] [cxt 0] Processing packet received on port 2
[18:44:15.576] [bmv2] [D] [thread 15931] [8.0] [cxt 0] Parser 'parser': start
[18:44:15.576] [bmv2] [D] [thread 15931] [8.0] [cxt 0] Parser 'parser' entering state 'start'
[18:44:15.576] [bmv2] [D] [thread 15931] [8.0] [cxt 0] Extracting header 'ethernet'
[18:44:15.576] [bmv2] [D] [thread 15931] [8.0] [cxt 0] Parser state 'start': key is 86dd
[18:44:15.576] [bmv2] [T] [thread 15931] [8.0] [cxt 0] Bytes parsed: 14
[18:44:15.576] [bmv2] [D] [thread 15931] [8.0] [cxt 0] Parser 'parser': end
[18:44:15.576] [bmv2] [D] [thread 15931] [8.0] [cxt 0] Pipeline 'ingress': start
[18:44:15.576] [bmv2] [T] [thread 15931] [8.0] [cxt 0] basic.p4(121) Condition "hdr.ipv4.isValid()" (node_2) is false
[18:44:15.576] [bmv2] [D] [thread 15931] [8.0] [cxt 0] Pipeline 'ingress': end
[18:44:15.576] [bmv2] [D] [thread 15931] [8.0] [cxt 0] Egress port is 0
[18:44:15.576] [bmv2] [D] [thread 15932] [8.0] [cxt 0] Pipeline 'egress': start
[18:44:15.576] [bmv2] [D] [thread 15932] [8.0] [cxt 0] Pipeline 'egress': end
[18:44:15.576] [bmv2] [D] [thread 15932] [8.0] [cxt 0] Deparser 'deparser': start
[18:44:15.576] [bmv2] [T] [thread 15932] [8.0] [cxt 0] Skipping checksum 'cksum' update because condition not met
[18:44:15.576] [bmv2] [D] [thread 15932] [8.0] [cxt 0] Deparsing header 'ethernet'
[18:44:15.576] [bmv2] [D] [thread 15932] [8.0] [cxt 0] Deparser 'deparser': end
[18:44:15.576] [bmv2] [D] [thread 15936] [8.0] [cxt 0] Transmitting packet of size 212 out of port 0
[18:44:15.591] [bmv2] [D] [thread 15931] [9.0] [cxt 0] Processing packet received on port 2
[18:44:15.591] [bmv2] [D] [thread 15931] [9.0] [cxt 0] Parser 'parser': start
[18:44:15.591] [bmv2] [D] [thread 15931] [9.0] [cxt 0] Parser 'parser' entering state 'start'
[18:44:15.591] [bmv2] [D] [thread 15931] [9.0] [cxt 0] Extracting header 'ethernet'
[18:44:15.591] [bmv2] [D] [thread 15931] [9.0] [cxt 0] Parser state 'start': key is 86dd
[18:44:15.591] [bmv2] [T] [thread 15931] [9.0] [cxt 0] Bytes parsed: 14
[18:44:15.591] [bmv2] [D] [thread 15931] [9.0] [cxt 0] Parser 'parser': end
[18:44:15.591] [bmv2] [D] [thread 15931] [9.0] [cxt 0] Pipeline 'ingress': start
[18:44:15.591] [bmv2] [T] [thread 15931] [9.0] [cxt 0] basic.p4(121) Condition "hdr.ipv4.isValid()" (node_2) is false
[18:44:15.591] [bmv2] [D] [thread 15931] [9.0] [cxt 0] Pipeline 'ingress': end
[18:44:15.591] [bmv2] [D] [thread 15931] [9.0] [cxt 0] Egress port is 0
[18:44:15.591] [bmv2] [D] [thread 15932] [9.0] [cxt 0] Pipeline 'egress': start
[18:44:15.591] [bmv2] [D] [thread 15932] [9.0] [cxt 0] Pipeline 'egress': end
[18:44:15.591] [bmv2] [D] [thread 15932] [9.0] [cxt 0] Deparser 'deparser': start
[18:44:15.591] [bmv2] [T] [thread 15932] [9.0] [cxt 0] Skipping checksum 'cksum' update because condition not met
[18:44:15.591] [bmv2] [D] [thread 15932] [9.0] [cxt 0] Deparsing header 'ethernet'
[18:44:15.591] [bmv2] [D] [thread 15932] [9.0] [cxt 0] Deparser 'deparser': end
[18:44:15.591] [bmv2] [D] [thread 15936] [9.0] [cxt 0] Transmitting packet of size 203 out of port 0
[18:44:15.648] [bmv2] [D] [thread 15931] [10.0] [cxt 0] Processing packet received on port 2
[18:44:15.648] [bmv2] [D] [thread 15931] [10.0] [cxt 0] Parser 'parser': start
[18:44:15.648] [bmv2] [D] [thread 15931] [10.0] [cxt 0] Parser 'parser' entering state 'start'
[18:44:15.648] [bmv2] [D] [thread 15931] [10.0] [cxt 0] Extracting header 'ethernet'
[18:44:15.648] [bmv2] [D] [thread 15931] [10.0] [cxt 0] Parser state 'start': key is 86dd
[18:44:15.648] [bmv2] [T] [thread 15931] [10.0] [cxt 0] Bytes parsed: 14
[18:44:15.648] [bmv2] [D] [thread 15931] [10.0] [cxt 0] Parser 'parser': end
[18:44:15.648] [bmv2] [D] [thread 15931] [10.0] [cxt 0] Pipeline 'ingress': start
[18:44:15.648] [bmv2] [T] [thread 15931] [10.0] [cxt 0] basic.p4(121) Condition "hdr.ipv4.isValid()" (node_2) is false
[18:44:15.648] [bmv2] [D] [thread 15931] [10.0] [cxt 0] Pipeline 'ingress': end
[18:44:15.648] [bmv2] [D] [thread 15931] [10.0] [cxt 0] Egress port is 0
[18:44:15.648] [bmv2] [D] [thread 15931] [11.0] [cxt 0] Processing packet received on port 2
[18:44:15.648] [bmv2] [D] [thread 15931] [11.0] [cxt 0] Parser 'parser': start
[18:44:15.648] [bmv2] [D] [thread 15931] [11.0] [cxt 0] Parser 'parser' entering state 'start'
[18:44:15.648] [bmv2] [D] [thread 15931] [11.0] [cxt 0] Extracting header 'ethernet'
[18:44:15.648] [bmv2] [D] [thread 15931] [11.0] [cxt 0] Parser state 'start': key is 86dd
[18:44:15.648] [bmv2] [T] [thread 15931] [11.0] [cxt 0] Bytes parsed: 14
[18:44:15.648] [bmv2] [D] [thread 15931] [11.0] [cxt 0] Parser 'parser': end
[18:44:15.648] [bmv2] [D] [thread 15931] [11.0] [cxt 0] Pipeline 'ingress': start
[18:44:15.648] [bmv2] [T] [thread 15931] [11.0] [cxt 0] basic.p4(121) Condition "hdr.ipv4.isValid()" (node_2) is false
[18:44:15.648] [bmv2] [D] [thread 15931] [11.0] [cxt 0] Pipeline 'ingress': end
[18:44:15.648] [bmv2] [D] [thread 15931] [11.0] [cxt 0] Egress port is 0
[18:44:15.648] [bmv2] [D] [thread 15932] [10.0] [cxt 0] Pipeline 'egress': start
[18:44:15.648] [bmv2] [D] [thread 15932] [10.0] [cxt 0] Pipeline 'egress': end
[18:44:15.648] [bmv2] [D] [thread 15932] [10.0] [cxt 0] Deparser 'deparser': start
[18:44:15.648] [bmv2] [T] [thread 15932] [10.0] [cxt 0] Skipping checksum 'cksum' update because condition not met
[18:44:15.648] [bmv2] [D] [thread 15932] [10.0] [cxt 0] Deparsing header 'ethernet'
[18:44:15.648] [bmv2] [D] [thread 15932] [10.0] [cxt 0] Deparser 'deparser': end
[18:44:15.648] [bmv2] [D] [thread 15932] [11.0] [cxt 0] Pipeline 'egress': start
[18:44:15.648] [bmv2] [D] [thread 15932] [11.0] [cxt 0] Pipeline 'egress': end
[18:44:15.648] [bmv2] [D] [thread 15932] [11.0] [cxt 0] Deparser 'deparser': start
[18:44:15.649] [bmv2] [T] [thread 15932] [11.0] [cxt 0] Skipping checksum 'cksum' update because condition not met
[18:44:15.649] [bmv2] [D] [thread 15932] [11.0] [cxt 0] Deparsing header 'ethernet'
[18:44:15.649] [bmv2] [D] [thread 15932] [11.0] [cxt 0] Deparser 'deparser': end
[18:44:15.649] [bmv2] [D] [thread 15936] [10.0] [cxt 0] Transmitting packet of size 90 out of port 0
[18:44:15.649] [bmv2] [D] [thread 15936] [11.0] [cxt 0] Transmitting packet of size 70 out of port 0
[18:44:15.659] [bmv2] [D] [thread 15931] [12.0] [cxt 0] Processing packet received on port 2
[18:44:15.659] [bmv2] [D] [thread 15931] [12.0] [cxt 0] Parser 'parser': start
[18:44:15.659] [bmv2] [D] [thread 15931] [12.0] [cxt 0] Parser 'parser' entering state 'start'
[18:44:15.659] [bmv2] [D] [thread 15931] [12.0] [cxt 0] Extracting header 'ethernet'
[18:44:15.659] [bmv2] [D] [thread 15931] [12.0] [cxt 0] Parser state 'start': key is 86dd
[18:44:15.659] [bmv2] [T] [thread 15931] [12.0] [cxt 0] Bytes parsed: 14
[18:44:15.659] [bmv2] [D] [thread 15931] [12.0] [cxt 0] Parser 'parser': end
[18:44:15.659] [bmv2] [D] [thread 15931] [12.0] [cxt 0] Pipeline 'ingress': start
[18:44:15.659] [bmv2] [T] [thread 15931] [12.0] [cxt 0] basic.p4(121) Condition "hdr.ipv4.isValid()" (node_2) is false
[18:44:15.659] [bmv2] [D] [thread 15931] [12.0] [cxt 0] Pipeline 'ingress': end
[18:44:15.659] [bmv2] [D] [thread 15931] [12.0] [cxt 0] Egress port is 0
[18:44:15.659] [bmv2] [D] [thread 15932] [12.0] [cxt 0] Pipeline 'egress': start
[18:44:15.659] [bmv2] [D] [thread 15932] [12.0] [cxt 0] Pipeline 'egress': end
[18:44:15.659] [bmv2] [D] [thread 15932] [12.0] [cxt 0] Deparser 'deparser': start
[18:44:15.659] [bmv2] [T] [thread 15932] [12.0] [cxt 0] Skipping checksum 'cksum' update because condition not met
[18:44:15.659] [bmv2] [D] [thread 15932] [12.0] [cxt 0] Deparsing header 'ethernet'
[18:44:15.659] [bmv2] [D] [thread 15932] [12.0] [cxt 0] Deparser 'deparser': end
[18:44:15.659] [bmv2] [D] [thread 15936] [12.0] [cxt 0] Transmitting packet of size 90 out of port 0
[18:44:15.734] [bmv2] [D] [thread 15931] [13.0] [cxt 0] Processing packet received on port 2
[18:44:15.734] [bmv2] [D] [thread 15931] [13.0] [cxt 0] Parser 'parser': start
[18:44:15.734] [bmv2] [D] [thread 15931] [13.0] [cxt 0] Parser 'parser' entering state 'start'
[18:44:15.734] [bmv2] [D] [thread 15931] [13.0] [cxt 0] Extracting header 'ethernet'
[18:44:15.734] [bmv2] [D] [thread 15931] [13.0] [cxt 0] Parser state 'start': key is 86dd
[18:44:15.734] [bmv2] [T] [thread 15931] [13.0] [cxt 0] Bytes parsed: 14
[18:44:15.734] [bmv2] [D] [thread 15931] [13.0] [cxt 0] Parser 'parser': end
[18:44:15.734] [bmv2] [D] [thread 15931] [13.0] [cxt 0] Pipeline 'ingress': start
[18:44:15.734] [bmv2] [T] [thread 15931] [13.0] [cxt 0] basic.p4(121) Condition "hdr.ipv4.isValid()" (node_2) is false
[18:44:15.734] [bmv2] [D] [thread 15931] [13.0] [cxt 0] Pipeline 'ingress': end
[18:44:15.734] [bmv2] [D] [thread 15931] [13.0] [cxt 0] Egress port is 0
[18:44:15.734] [bmv2] [D] [thread 15932] [13.0] [cxt 0] Pipeline 'egress': start
[18:44:15.734] [bmv2] [D] [thread 15932] [13.0] [cxt 0] Pipeline 'egress': end
[18:44:15.734] [bmv2] [D] [thread 15932] [13.0] [cxt 0] Deparser 'deparser': start
[18:44:15.734] [bmv2] [T] [thread 15932] [13.0] [cxt 0] Skipping checksum 'cksum' update because condition not met
[18:44:15.734] [bmv2] [D] [thread 15932] [13.0] [cxt 0] Deparsing header 'ethernet'
[18:44:15.734] [bmv2] [D] [thread 15932] [13.0] [cxt 0] Deparser 'deparser': end
[18:44:15.734] [bmv2] [D] [thread 15936] [13.0] [cxt 0] Transmitting packet of size 212 out of port 0
[18:44:15.747] [bmv2] [D] [thread 15931] [14.0] [cxt 0] Processing packet received on port 2
[18:44:15.747] [bmv2] [D] [thread 15931] [14.0] [cxt 0] Parser 'parser': start
[18:44:15.747] [bmv2] [D] [thread 15931] [14.0] [cxt 0] Parser 'parser' entering state 'start'
[18:44:15.747] [bmv2] [D] [thread 15931] [14.0] [cxt 0] Extracting header 'ethernet'
[18:44:15.748] [bmv2] [D] [thread 15931] [14.0] [cxt 0] Parser state 'start': key is 86dd
[18:44:15.748] [bmv2] [T] [thread 15931] [14.0] [cxt 0] Bytes parsed: 14
[18:44:15.748] [bmv2] [D] [thread 15931] [14.0] [cxt 0] Parser 'parser': end
[18:44:15.748] [bmv2] [D] [thread 15931] [14.0] [cxt 0] Pipeline 'ingress': start
[18:44:15.748] [bmv2] [T] [thread 15931] [14.0] [cxt 0] basic.p4(121) Condition "hdr.ipv4.isValid()" (node_2) is false
[18:44:15.748] [bmv2] [D] [thread 15931] [14.0] [cxt 0] Pipeline 'ingress': end
[18:44:15.748] [bmv2] [D] [thread 15931] [14.0] [cxt 0] Egress port is 0
[18:44:15.748] [bmv2] [D] [thread 15932] [14.0] [cxt 0] Pipeline 'egress': start
[18:44:15.748] [bmv2] [D] [thread 15932] [14.0] [cxt 0] Pipeline 'egress': end
[18:44:15.748] [bmv2] [D] [thread 15932] [14.0] [cxt 0] Deparser 'deparser': start
[18:44:15.748] [bmv2] [T] [thread 15932] [14.0] [cxt 0] Skipping checksum 'cksum' update because condition not met
[18:44:15.748] [bmv2] [D] [thread 15932] [14.0] [cxt 0] Deparsing header 'ethernet'
[18:44:15.748] [bmv2] [D] [thread 15932] [14.0] [cxt 0] Deparser 'deparser': end
[18:44:15.748] [bmv2] [D] [thread 15936] [14.0] [cxt 0] Transmitting packet of size 203 out of port 0
[18:44:15.826] [bmv2] [D] [thread 15931] [15.0] [cxt 0] Processing packet received on port 2
[18:44:15.826] [bmv2] [D] [thread 15931] [15.0] [cxt 0] Parser 'parser': start
[18:44:15.826] [bmv2] [D] [thread 15931] [15.0] [cxt 0] Parser 'parser' entering state 'start'
[18:44:15.826] [bmv2] [D] [thread 15931] [15.0] [cxt 0] Extracting header 'ethernet'
[18:44:15.827] [bmv2] [D] [thread 15931] [15.0] [cxt 0] Parser state 'start': key is 86dd
[18:44:15.827] [bmv2] [T] [thread 15931] [15.0] [cxt 0] Bytes parsed: 14
[18:44:15.827] [bmv2] [D] [thread 15931] [15.0] [cxt 0] Parser 'parser': end
[18:44:15.827] [bmv2] [D] [thread 15931] [15.0] [cxt 0] Pipeline 'ingress': start
[18:44:15.827] [bmv2] [T] [thread 15931] [15.0] [cxt 0] basic.p4(121) Condition "hdr.ipv4.isValid()" (node_2) is false
[18:44:15.827] [bmv2] [D] [thread 15931] [15.0] [cxt 0] Pipeline 'ingress': end
[18:44:15.827] [bmv2] [D] [thread 15931] [15.0] [cxt 0] Egress port is 0
[18:44:15.827] [bmv2] [D] [thread 15932] [15.0] [cxt 0] Pipeline 'egress': start
[18:44:15.827] [bmv2] [D] [thread 15932] [15.0] [cxt 0] Pipeline 'egress': end
[18:44:15.827] [bmv2] [D] [thread 15932] [15.0] [cxt 0] Deparser 'deparser': start
[18:44:15.827] [bmv2] [T] [thread 15932] [15.0] [cxt 0] Skipping checksum 'cksum' update because condition not met
[18:44:15.827] [bmv2] [D] [thread 15932] [15.0] [cxt 0] Deparsing header 'ethernet'
[18:44:15.827] [bmv2] [D] [thread 15932] [15.0] [cxt 0] Deparser 'deparser': end
[18:44:15.827] [bmv2] [D] [thread 15936] [15.0] [cxt 0] Transmitting packet of size 212 out of port 0
[18:44:15.872] [bmv2] [D] [thread 15931] [16.0] [cxt 0] Processing packet received on port 2
[18:44:15.872] [bmv2] [D] [thread 15931] [16.0] [cxt 0] Parser 'parser': start
[18:44:15.872] [bmv2] [D] [thread 15931] [16.0] [cxt 0] Parser 'parser' entering state 'start'
[18:44:15.872] [bmv2] [D] [thread 15931] [16.0] [cxt 0] Extracting header 'ethernet'
[18:44:15.872] [bmv2] [D] [thread 15931] [16.0] [cxt 0] Parser state 'start': key is 86dd
[18:44:15.872] [bmv2] [T] [thread 15931] [16.0] [cxt 0] Bytes parsed: 14
[18:44:15.872] [bmv2] [D] [thread 15931] [16.0] [cxt 0] Parser 'parser': end
[18:44:15.872] [bmv2] [D] [thread 15931] [16.0] [cxt 0] Pipeline 'ingress': start
[18:44:15.872] [bmv2] [T] [thread 15931] [16.0] [cxt 0] basic.p4(121) Condition "hdr.ipv4.isValid()" (node_2) is false
[18:44:15.872] [bmv2] [D] [thread 15931] [16.0] [cxt 0] Pipeline 'ingress': end
[18:44:15.872] [bmv2] [D] [thread 15931] [16.0] [cxt 0] Egress port is 0
[18:44:15.872] [bmv2] [D] [thread 15932] [16.0] [cxt 0] Pipeline 'egress': start
[18:44:15.872] [bmv2] [D] [thread 15932] [16.0] [cxt 0] Pipeline 'egress': end
[18:44:15.872] [bmv2] [D] [thread 15932] [16.0] [cxt 0] Deparser 'deparser': start
[18:44:15.872] [bmv2] [T] [thread 15932] [16.0] [cxt 0] Skipping checksum 'cksum' update because condition not met
[18:44:15.872] [bmv2] [D] [thread 15932] [16.0] [cxt 0] Deparsing header 'ethernet'
[18:44:15.872] [bmv2] [D] [thread 15932] [16.0] [cxt 0] Deparser 'deparser': end
[18:44:15.872] [bmv2] [D] [thread 15936] [16.0] [cxt 0] Transmitting packet of size 110 out of port 0
[18:44:15.972] [bmv2] [D] [thread 15931] [17.0] [cxt 0] Processing packet received on port 2
[18:44:15.972] [bmv2] [D] [thread 15931] [17.0] [cxt 0] Parser 'parser': start
[18:44:15.972] [bmv2] [D] [thread 15931] [17.0] [cxt 0] Parser 'parser' entering state 'start'
[18:44:15.972] [bmv2] [D] [thread 15931] [17.0] [cxt 0] Extracting header 'ethernet'
[18:44:15.972] [bmv2] [D] [thread 15931] [17.0] [cxt 0] Parser state 'start': key is 86dd
[18:44:15.972] [bmv2] [T] [thread 15931] [17.0] [cxt 0] Bytes parsed: 14
[18:44:15.972] [bmv2] [D] [thread 15931] [17.0] [cxt 0] Parser 'parser': end
[18:44:15.972] [bmv2] [D] [thread 15931] [17.0] [cxt 0] Pipeline 'ingress': start
[18:44:15.972] [bmv2] [T] [thread 15931] [17.0] [cxt 0] basic.p4(121) Condition "hdr.ipv4.isValid()" (node_2) is false
[18:44:15.972] [bmv2] [D] [thread 15931] [17.0] [cxt 0] Pipeline 'ingress': end
[18:44:15.972] [bmv2] [D] [thread 15931] [17.0] [cxt 0] Egress port is 0
[18:44:15.973] [bmv2] [D] [thread 15932] [17.0] [cxt 0] Pipeline 'egress': start
[18:44:15.973] [bmv2] [D] [thread 15932] [17.0] [cxt 0] Pipeline 'egress': end
[18:44:15.973] [bmv2] [D] [thread 15932] [17.0] [cxt 0] Deparser 'deparser': start
[18:44:15.973] [bmv2] [T] [thread 15932] [17.0] [cxt 0] Skipping checksum 'cksum' update because condition not met
[18:44:15.973] [bmv2] [D] [thread 15932] [17.0] [cxt 0] Deparsing header 'ethernet'
[18:44:15.973] [bmv2] [D] [thread 15932] [17.0] [cxt 0] Deparser 'deparser': end
[18:44:15.973] [bmv2] [D] [thread 15936] [17.0] [cxt 0] Transmitting packet of size 90 out of port 0
[18:44:15.984] [bmv2] [D] [thread 15931] [18.0] [cxt 0] Processing packet received on port 2
[18:44:15.984] [bmv2] [D] [thread 15931] [18.0] [cxt 0] Parser 'parser': start
[18:44:15.984] [bmv2] [D] [thread 15931] [18.0] [cxt 0] Parser 'parser' entering state 'start'
[18:44:15.984] [bmv2] [D] [thread 15931] [18.0] [cxt 0] Extracting header 'ethernet'
[18:44:15.984] [bmv2] [D] [thread 15931] [18.0] [cxt 0] Parser state 'start': key is 86dd
[18:44:15.984] [bmv2] [T] [thread 15931] [18.0] [cxt 0] Bytes parsed: 14
[18:44:15.984] [bmv2] [D] [thread 15931] [18.0] [cxt 0] Parser 'parser': end
[18:44:15.984] [bmv2] [D] [thread 15931] [18.0] [cxt 0] Pipeline 'ingress': start
[18:44:15.984] [bmv2] [T] [thread 15931] [18.0] [cxt 0] basic.p4(121) Condition "hdr.ipv4.isValid()" (node_2) is false
[18:44:15.984] [bmv2] [D] [thread 15931] [18.0] [cxt 0] Pipeline 'ingress': end
[18:44:15.984] [bmv2] [D] [thread 15931] [18.0] [cxt 0] Egress port is 0
[18:44:15.985] [bmv2] [D] [thread 15932] [18.0] [cxt 0] Pipeline 'egress': start
[18:44:15.985] [bmv2] [D] [thread 15932] [18.0] [cxt 0] Pipeline 'egress': end
[18:44:15.985] [bmv2] [D] [thread 15932] [18.0] [cxt 0] Deparser 'deparser': start
[18:44:15.985] [bmv2] [T] [thread 15932] [18.0] [cxt 0] Skipping checksum 'cksum' update because condition not met
[18:44:15.985] [bmv2] [D] [thread 15932] [18.0] [cxt 0] Deparsing header 'ethernet'
[18:44:15.985] [bmv2] [D] [thread 15932] [18.0] [cxt 0] Deparser 'deparser': end
[18:44:15.985] [bmv2] [D] [thread 15936] [18.0] [cxt 0] Transmitting packet of size 212 out of port 0
[18:44:16.078] [bmv2] [D] [thread 15931] [19.0] [cxt 0] Processing packet received on port 2
[18:44:16.078] [bmv2] [D] [thread 15931] [19.0] [cxt 0] Parser 'parser': start
[18:44:16.078] [bmv2] [D] [thread 15931] [19.0] [cxt 0] Parser 'parser' entering state 'start'
[18:44:16.078] [bmv2] [D] [thread 15931] [19.0] [cxt 0] Extracting header 'ethernet'
[18:44:16.078] [bmv2] [D] [thread 15931] [19.0] [cxt 0] Parser state 'start': key is 86dd
[18:44:16.078] [bmv2] [T] [thread 15931] [19.0] [cxt 0] Bytes parsed: 14
[18:44:16.078] [bmv2] [D] [thread 15931] [19.0] [cxt 0] Parser 'parser': end
[18:44:16.078] [bmv2] [D] [thread 15931] [19.0] [cxt 0] Pipeline 'ingress': start
[18:44:16.078] [bmv2] [T] [thread 15931] [19.0] [cxt 0] basic.p4(121) Condition "hdr.ipv4.isValid()" (node_2) is false
[18:44:16.078] [bmv2] [D] [thread 15931] [19.0] [cxt 0] Pipeline 'ingress': end
[18:44:16.078] [bmv2] [D] [thread 15931] [19.0] [cxt 0] Egress port is 0
[18:44:16.079] [bmv2] [D] [thread 15932] [19.0] [cxt 0] Pipeline 'egress': start
[18:44:16.079] [bmv2] [D] [thread 15932] [19.0] [cxt 0] Pipeline 'egress': end
[18:44:16.079] [bmv2] [D] [thread 15932] [19.0] [cxt 0] Deparser 'deparser': start
[18:44:16.079] [bmv2] [T] [thread 15932] [19.0] [cxt 0] Skipping checksum 'cksum' update because condition not met
[18:44:16.079] [bmv2] [D] [thread 15932] [19.0] [cxt 0] Deparsing header 'ethernet'
[18:44:16.079] [bmv2] [D] [thread 15932] [19.0] [cxt 0] Deparser 'deparser': end
[18:44:16.079] [bmv2] [D] [thread 15936] [19.0] [cxt 0] Transmitting packet of size 212 out of port 0
[18:44:16.225] [bmv2] [D] [thread 15931] [20.0] [cxt 0] Processing packet received on port 1
[18:44:16.225] [bmv2] [D] [thread 15931] [20.0] [cxt 0] Parser 'parser': start
[18:44:16.225] [bmv2] [D] [thread 15931] [20.0] [cxt 0] Parser 'parser' entering state 'start'
[18:44:16.225] [bmv2] [D] [thread 15931] [20.0] [cxt 0] Extracting header 'ethernet'
[18:44:16.225] [bmv2] [D] [thread 15931] [20.0] [cxt 0] Parser state 'start': key is 86dd
[18:44:16.225] [bmv2] [T] [thread 15931] [20.0] [cxt 0] Bytes parsed: 14
[18:44:16.225] [bmv2] [D] [thread 15931] [20.0] [cxt 0] Parser 'parser': end
[18:44:16.225] [bmv2] [D] [thread 15931] [20.0] [cxt 0] Pipeline 'ingress': start
[18:44:16.225] [bmv2] [T] [thread 15931] [20.0] [cxt 0] basic.p4(121) Condition "hdr.ipv4.isValid()" (node_2) is false
[18:44:16.225] [bmv2] [D] [thread 15931] [20.0] [cxt 0] Pipeline 'ingress': end
[18:44:16.225] [bmv2] [D] [thread 15931] [20.0] [cxt 0] Egress port is 0
[18:44:16.225] [bmv2] [D] [thread 15931] [21.0] [cxt 0] Processing packet received on port 1
[18:44:16.225] [bmv2] [D] [thread 15931] [21.0] [cxt 0] Parser 'parser': start
[18:44:16.225] [bmv2] [D] [thread 15931] [21.0] [cxt 0] Parser 'parser' entering state 'start'
[18:44:16.225] [bmv2] [D] [thread 15931] [21.0] [cxt 0] Extracting header 'ethernet'
[18:44:16.225] [bmv2] [D] [thread 15931] [21.0] [cxt 0] Parser state 'start': key is 86dd
[18:44:16.225] [bmv2] [T] [thread 15931] [21.0] [cxt 0] Bytes parsed: 14
[18:44:16.225] [bmv2] [D] [thread 15931] [21.0] [cxt 0] Parser 'parser': end
[18:44:16.225] [bmv2] [D] [thread 15931] [21.0] [cxt 0] Pipeline 'ingress': start
[18:44:16.225] [bmv2] [T] [thread 15931] [21.0] [cxt 0] basic.p4(121) Condition "hdr.ipv4.isValid()" (node_2) is false
[18:44:16.225] [bmv2] [D] [thread 15931] [21.0] [cxt 0] Pipeline 'ingress': end
[18:44:16.225] [bmv2] [D] [thread 15931] [21.0] [cxt 0] Egress port is 0
[18:44:16.225] [bmv2] [D] [thread 15932] [20.0] [cxt 0] Pipeline 'egress': start
[18:44:16.225] [bmv2] [D] [thread 15932] [20.0] [cxt 0] Pipeline 'egress': end
[18:44:16.225] [bmv2] [D] [thread 15932] [20.0] [cxt 0] Deparser 'deparser': start
[18:44:16.225] [bmv2] [T] [thread 15932] [20.0] [cxt 0] Skipping checksum 'cksum' update because condition not met
[18:44:16.225] [bmv2] [D] [thread 15932] [20.0] [cxt 0] Deparsing header 'ethernet'
[18:44:16.225] [bmv2] [D] [thread 15932] [20.0] [cxt 0] Deparser 'deparser': end
[18:44:16.225] [bmv2] [D] [thread 15932] [21.0] [cxt 0] Pipeline 'egress': start
[18:44:16.225] [bmv2] [D] [thread 15932] [21.0] [cxt 0] Pipeline 'egress': end
[18:44:16.225] [bmv2] [D] [thread 15932] [21.0] [cxt 0] Deparser 'deparser': start
[18:44:16.225] [bmv2] [T] [thread 15932] [21.0] [cxt 0] Skipping checksum 'cksum' update because condition not met
[18:44:16.225] [bmv2] [D] [thread 15932] [21.0] [cxt 0] Deparsing header 'ethernet'
[18:44:16.225] [bmv2] [D] [thread 15932] [21.0] [cxt 0] Deparser 'deparser': end
[18:44:16.225] [bmv2] [D] [thread 15936] [20.0] [cxt 0] Transmitting packet of size 90 out of port 0
[18:44:16.225] [bmv2] [D] [thread 15936] [21.0] [cxt 0] Transmitting packet of size 70 out of port 0
[18:44:16.235] [bmv2] [D] [thread 15931] [22.0] [cxt 0] Processing packet received on port 1
[18:44:16.235] [bmv2] [D] [thread 15931] [22.0] [cxt 0] Parser 'parser': start
[18:44:16.235] [bmv2] [D] [thread 15931] [22.0] [cxt 0] Parser 'parser' entering state 'start'
[18:44:16.235] [bmv2] [D] [thread 15931] [22.0] [cxt 0] Extracting header 'ethernet'
[18:44:16.235] [bmv2] [D] [thread 15931] [22.0] [cxt 0] Parser state 'start': key is 86dd
[18:44:16.235] [bmv2] [T] [thread 15931] [22.0] [cxt 0] Bytes parsed: 14
[18:44:16.235] [bmv2] [D] [thread 15931] [22.0] [cxt 0] Parser 'parser': end
[18:44:16.235] [bmv2] [D] [thread 15931] [22.0] [cxt 0] Pipeline 'ingress': start
[18:44:16.235] [bmv2] [T] [thread 15931] [22.0] [cxt 0] basic.p4(121) Condition "hdr.ipv4.isValid()" (node_2) is false
[18:44:16.235] [bmv2] [D] [thread 15931] [22.0] [cxt 0] Pipeline 'ingress': end
[18:44:16.235] [bmv2] [D] [thread 15931] [22.0] [cxt 0] Egress port is 0
[18:44:16.235] [bmv2] [D] [thread 15931] [23.0] [cxt 0] Processing packet received on port 2
[18:44:16.235] [bmv2] [D] [thread 15931] [23.0] [cxt 0] Parser 'parser': start
[18:44:16.235] [bmv2] [D] [thread 15931] [23.0] [cxt 0] Parser 'parser' entering state 'start'
[18:44:16.235] [bmv2] [D] [thread 15931] [23.0] [cxt 0] Extracting header 'ethernet'
[18:44:16.235] [bmv2] [D] [thread 15931] [23.0] [cxt 0] Parser state 'start': key is 86dd
[18:44:16.235] [bmv2] [T] [thread 15931] [23.0] [cxt 0] Bytes parsed: 14
[18:44:16.235] [bmv2] [D] [thread 15931] [23.0] [cxt 0] Parser 'parser': end
[18:44:16.235] [bmv2] [D] [thread 15931] [23.0] [cxt 0] Pipeline 'ingress': start
[18:44:16.235] [bmv2] [T] [thread 15931] [23.0] [cxt 0] basic.p4(121) Condition "hdr.ipv4.isValid()" (node_2) is false
[18:44:16.235] [bmv2] [D] [thread 15931] [23.0] [cxt 0] Pipeline 'ingress': end
[18:44:16.235] [bmv2] [D] [thread 15931] [23.0] [cxt 0] Egress port is 0
[18:44:16.235] [bmv2] [D] [thread 15932] [22.0] [cxt 0] Pipeline 'egress': start
[18:44:16.235] [bmv2] [D] [thread 15932] [22.0] [cxt 0] Pipeline 'egress': end
[18:44:16.235] [bmv2] [D] [thread 15932] [22.0] [cxt 0] Deparser 'deparser': start
[18:44:16.235] [bmv2] [T] [thread 15932] [22.0] [cxt 0] Skipping checksum 'cksum' update because condition not met
[18:44:16.235] [bmv2] [D] [thread 15932] [22.0] [cxt 0] Deparsing header 'ethernet'
[18:44:16.235] [bmv2] [D] [thread 15932] [22.0] [cxt 0] Deparser 'deparser': end
[18:44:16.235] [bmv2] [D] [thread 15932] [23.0] [cxt 0] Pipeline 'egress': start
[18:44:16.235] [bmv2] [D] [thread 15932] [23.0] [cxt 0] Pipeline 'egress': end
[18:44:16.235] [bmv2] [D] [thread 15932] [23.0] [cxt 0] Deparser 'deparser': start
[18:44:16.235] [bmv2] [T] [thread 15932] [23.0] [cxt 0] Skipping checksum 'cksum' update because condition not met
[18:44:16.235] [bmv2] [D] [thread 15932] [23.0] [cxt 0] Deparsing header 'ethernet'
[18:44:16.235] [bmv2] [D] [thread 15932] [23.0] [cxt 0] Deparser 'deparser': end
[18:44:16.235] [bmv2] [D] [thread 15936] [22.0] [cxt 0] Transmitting packet of size 90 out of port 0
[18:44:16.235] [bmv2] [D] [thread 15936] [23.0] [cxt 0] Transmitting packet of size 212 out of port 0
[18:44:16.279] [bmv2] [D] [thread 15931] [24.0] [cxt 0] Processing packet received on port 2
[18:44:16.279] [bmv2] [D] [thread 15931] [24.0] [cxt 0] Parser 'parser': start
[18:44:16.279] [bmv2] [D] [thread 15931] [24.0] [cxt 0] Parser 'parser' entering state 'start'
[18:44:16.279] [bmv2] [D] [thread 15931] [24.0] [cxt 0] Extracting header 'ethernet'
[18:44:16.279] [bmv2] [D] [thread 15931] [24.0] [cxt 0] Parser state 'start': key is 86dd
[18:44:16.279] [bmv2] [T] [thread 15931] [24.0] [cxt 0] Bytes parsed: 14
[18:44:16.279] [bmv2] [D] [thread 15931] [24.0] [cxt 0] Parser 'parser': end
[18:44:16.279] [bmv2] [D] [thread 15931] [24.0] [cxt 0] Pipeline 'ingress': start
[18:44:16.279] [bmv2] [T] [thread 15931] [24.0] [cxt 0] basic.p4(121) Condition "hdr.ipv4.isValid()" (node_2) is false
[18:44:16.279] [bmv2] [D] [thread 15931] [24.0] [cxt 0] Pipeline 'ingress': end
[18:44:16.279] [bmv2] [D] [thread 15931] [24.0] [cxt 0] Egress port is 0
[18:44:16.279] [bmv2] [D] [thread 15932] [24.0] [cxt 0] Pipeline 'egress': start
[18:44:16.279] [bmv2] [D] [thread 15932] [24.0] [cxt 0] Pipeline 'egress': end
[18:44:16.279] [bmv2] [D] [thread 15932] [24.0] [cxt 0] Deparser 'deparser': start
[18:44:16.279] [bmv2] [T] [thread 15932] [24.0] [cxt 0] Skipping checksum 'cksum' update because condition not met
[18:44:16.279] [bmv2] [D] [thread 15932] [24.0] [cxt 0] Deparsing header 'ethernet'
[18:44:16.279] [bmv2] [D] [thread 15932] [24.0] [cxt 0] Deparser 'deparser': end
[18:44:16.279] [bmv2] [D] [thread 15936] [24.0] [cxt 0] Transmitting packet of size 200 out of port 0
[18:44:16.310] [bmv2] [D] [thread 15931] [25.0] [cxt 0] Processing packet received on port 1
[18:44:16.310] [bmv2] [D] [thread 15931] [25.0] [cxt 0] Parser 'parser': start
[18:44:16.310] [bmv2] [D] [thread 15931] [25.0] [cxt 0] Parser 'parser' entering state 'start'
[18:44:16.310] [bmv2] [D] [thread 15931] [25.0] [cxt 0] Extracting header 'ethernet'
[18:44:16.310] [bmv2] [D] [thread 15931] [25.0] [cxt 0] Parser state 'start': key is 86dd
[18:44:16.310] [bmv2] [T] [thread 15931] [25.0] [cxt 0] Bytes parsed: 14
[18:44:16.310] [bmv2] [D] [thread 15931] [25.0] [cxt 0] Parser 'parser': end
[18:44:16.310] [bmv2] [D] [thread 15931] [25.0] [cxt 0] Pipeline 'ingress': start
[18:44:16.310] [bmv2] [T] [thread 15931] [25.0] [cxt 0] basic.p4(121) Condition "hdr.ipv4.isValid()" (node_2) is false
[18:44:16.310] [bmv2] [D] [thread 15931] [25.0] [cxt 0] Pipeline 'ingress': end
[18:44:16.310] [bmv2] [D] [thread 15931] [25.0] [cxt 0] Egress port is 0
[18:44:16.310] [bmv2] [D] [thread 15932] [25.0] [cxt 0] Pipeline 'egress': start
[18:44:16.310] [bmv2] [D] [thread 15932] [25.0] [cxt 0] Pipeline 'egress': end
[18:44:16.310] [bmv2] [D] [thread 15932] [25.0] [cxt 0] Deparser 'deparser': start
[18:44:16.310] [bmv2] [T] [thread 15932] [25.0] [cxt 0] Skipping checksum 'cksum' update because condition not met
[18:44:16.310] [bmv2] [D] [thread 15932] [25.0] [cxt 0] Deparsing header 'ethernet'
[18:44:16.310] [bmv2] [D] [thread 15932] [25.0] [cxt 0] Deparser 'deparser': end
[18:44:16.310] [bmv2] [D] [thread 15936] [25.0] [cxt 0] Transmitting packet of size 212 out of port 0
[18:44:16.320] [bmv2] [D] [thread 15931] [26.0] [cxt 0] Processing packet received on port 2
[18:44:16.320] [bmv2] [D] [thread 15931] [26.0] [cxt 0] Parser 'parser': start
[18:44:16.320] [bmv2] [D] [thread 15931] [26.0] [cxt 0] Parser 'parser' entering state 'start'
[18:44:16.320] [bmv2] [D] [thread 15931] [26.0] [cxt 0] Extracting header 'ethernet'
[18:44:16.320] [bmv2] [D] [thread 15931] [26.0] [cxt 0] Parser state 'start': key is 86dd
[18:44:16.320] [bmv2] [T] [thread 15931] [26.0] [cxt 0] Bytes parsed: 14
[18:44:16.320] [bmv2] [D] [thread 15931] [26.0] [cxt 0] Parser 'parser': end
[18:44:16.320] [bmv2] [D] [thread 15931] [26.0] [cxt 0] Pipeline 'ingress': start
[18:44:16.320] [bmv2] [T] [thread 15931] [26.0] [cxt 0] basic.p4(121) Condition "hdr.ipv4.isValid()" (node_2) is false
[18:44:16.320] [bmv2] [D] [thread 15931] [26.0] [cxt 0] Pipeline 'ingress': end
[18:44:16.320] [bmv2] [D] [thread 15931] [26.0] [cxt 0] Egress port is 0
[18:44:16.320] [bmv2] [D] [thread 15932] [26.0] [cxt 0] Pipeline 'egress': start
[18:44:16.320] [bmv2] [D] [thread 15932] [26.0] [cxt 0] Pipeline 'egress': end
[18:44:16.320] [bmv2] [D] [thread 15932] [26.0] [cxt 0] Deparser 'deparser': start
[18:44:16.320] [bmv2] [T] [thread 15932] [26.0] [cxt 0] Skipping checksum 'cksum' update because condition not met
[18:44:16.320] [bmv2] [D] [thread 15932] [26.0] [cxt 0] Deparsing header 'ethernet'
[18:44:16.320] [bmv2] [D] [thread 15932] [26.0] [cxt 0] Deparser 'deparser': end
[18:44:16.320] [bmv2] [D] [thread 15936] [26.0] [cxt 0] Transmitting packet of size 90 out of port 0
[18:44:16.325] [bmv2] [D] [thread 15931] [27.0] [cxt 0] Processing packet received on port 1
[18:44:16.325] [bmv2] [D] [thread 15931] [27.0] [cxt 0] Parser 'parser': start
[18:44:16.325] [bmv2] [D] [thread 15931] [27.0] [cxt 0] Parser 'parser' entering state 'start'
[18:44:16.325] [bmv2] [D] [thread 15931] [27.0] [cxt 0] Extracting header 'ethernet'
[18:44:16.325] [bmv2] [D] [thread 15931] [27.0] [cxt 0] Parser state 'start': key is 86dd
[18:44:16.325] [bmv2] [T] [thread 15931] [27.0] [cxt 0] Bytes parsed: 14
[18:44:16.325] [bmv2] [D] [thread 15931] [27.0] [cxt 0] Parser 'parser': end
[18:44:16.325] [bmv2] [D] [thread 15931] [27.0] [cxt 0] Pipeline 'ingress': start
[18:44:16.325] [bmv2] [T] [thread 15931] [27.0] [cxt 0] basic.p4(121) Condition "hdr.ipv4.isValid()" (node_2) is false
[18:44:16.325] [bmv2] [D] [thread 15931] [27.0] [cxt 0] Pipeline 'ingress': end
[18:44:16.325] [bmv2] [D] [thread 15931] [27.0] [cxt 0] Egress port is 0
[18:44:16.325] [bmv2] [D] [thread 15932] [27.0] [cxt 0] Pipeline 'egress': start
[18:44:16.325] [bmv2] [D] [thread 15932] [27.0] [cxt 0] Pipeline 'egress': end
[18:44:16.325] [bmv2] [D] [thread 15932] [27.0] [cxt 0] Deparser 'deparser': start
[18:44:16.325] [bmv2] [T] [thread 15932] [27.0] [cxt 0] Skipping checksum 'cksum' update because condition not met
[18:44:16.325] [bmv2] [D] [thread 15932] [27.0] [cxt 0] Deparsing header 'ethernet'
[18:44:16.325] [bmv2] [D] [thread 15932] [27.0] [cxt 0] Deparser 'deparser': end
[18:44:16.325] [bmv2] [D] [thread 15936] [27.0] [cxt 0] Transmitting packet of size 203 out of port 0
[18:44:16.352] [bmv2] [D] [thread 15931] [28.0] [cxt 0] Processing packet received on port 2
[18:44:16.352] [bmv2] [D] [thread 15931] [28.0] [cxt 0] Parser 'parser': start
[18:44:16.352] [bmv2] [D] [thread 15931] [28.0] [cxt 0] Parser 'parser' entering state 'start'
[18:44:16.352] [bmv2] [D] [thread 15931] [28.0] [cxt 0] Extracting header 'ethernet'
[18:44:16.352] [bmv2] [D] [thread 15931] [28.0] [cxt 0] Parser state 'start': key is 86dd
[18:44:16.352] [bmv2] [T] [thread 15931] [28.0] [cxt 0] Bytes parsed: 14
[18:44:16.352] [bmv2] [D] [thread 15931] [28.0] [cxt 0] Parser 'parser': end
[18:44:16.352] [bmv2] [D] [thread 15931] [28.0] [cxt 0] Pipeline 'ingress': start
[18:44:16.352] [bmv2] [T] [thread 15931] [28.0] [cxt 0] basic.p4(121) Condition "hdr.ipv4.isValid()" (node_2) is false
[18:44:16.352] [bmv2] [D] [thread 15931] [28.0] [cxt 0] Pipeline 'ingress': end
[18:44:16.352] [bmv2] [D] [thread 15931] [28.0] [cxt 0] Egress port is 0
[18:44:16.352] [bmv2] [D] [thread 15932] [28.0] [cxt 0] Pipeline 'egress': start
[18:44:16.352] [bmv2] [D] [thread 15932] [28.0] [cxt 0] Pipeline 'egress': end
[18:44:16.352] [bmv2] [D] [thread 15932] [28.0] [cxt 0] Deparser 'deparser': start
[18:44:16.352] [bmv2] [T] [thread 15932] [28.0] [cxt 0] Skipping checksum 'cksum' update because condition not met
[18:44:16.352] [bmv2] [D] [thread 15932] [28.0] [cxt 0] Deparsing header 'ethernet'
[18:44:16.352] [bmv2] [D] [thread 15932] [28.0] [cxt 0] Deparser 'deparser': end
[18:44:16.352] [bmv2] [D] [thread 15936] [28.0] [cxt 0] Transmitting packet of size 110 out of port 0
[18:44:16.435] [bmv2] [D] [thread 15931] [29.0] [cxt 0] Processing packet received on port 2
[18:44:16.435] [bmv2] [D] [thread 15931] [29.0] [cxt 0] Parser 'parser': start
[18:44:16.435] [bmv2] [D] [thread 15931] [29.0] [cxt 0] Parser 'parser' entering state 'start'
[18:44:16.435] [bmv2] [D] [thread 15931] [29.0] [cxt 0] Extracting header 'ethernet'
[18:44:16.435] [bmv2] [D] [thread 15931] [29.0] [cxt 0] Parser state 'start': key is 86dd
[18:44:16.435] [bmv2] [T] [thread 15931] [29.0] [cxt 0] Bytes parsed: 14
[18:44:16.435] [bmv2] [D] [thread 15931] [29.0] [cxt 0] Parser 'parser': end
[18:44:16.435] [bmv2] [D] [thread 15931] [29.0] [cxt 0] Pipeline 'ingress': start
[18:44:16.435] [bmv2] [T] [thread 15931] [29.0] [cxt 0] basic.p4(121) Condition "hdr.ipv4.isValid()" (node_2) is false
[18:44:16.435] [bmv2] [D] [thread 15931] [29.0] [cxt 0] Pipeline 'ingress': end
[18:44:16.435] [bmv2] [D] [thread 15931] [29.0] [cxt 0] Egress port is 0
[18:44:16.435] [bmv2] [D] [thread 15932] [29.0] [cxt 0] Pipeline 'egress': start
[18:44:16.435] [bmv2] [D] [thread 15932] [29.0] [cxt 0] Pipeline 'egress': end
[18:44:16.435] [bmv2] [D] [thread 15932] [29.0] [cxt 0] Deparser 'deparser': start
[18:44:16.435] [bmv2] [T] [thread 15932] [29.0] [cxt 0] Skipping checksum 'cksum' update because condition not met
[18:44:16.435] [bmv2] [D] [thread 15932] [29.0] [cxt 0] Deparsing header 'ethernet'
[18:44:16.435] [bmv2] [D] [thread 15932] [29.0] [cxt 0] Deparser 'deparser': end
[18:44:16.435] [bmv2] [D] [thread 15936] [29.0] [cxt 0] Transmitting packet of size 200 out of port 0
[18:44:16.561] [bmv2] [D] [thread 15931] [30.0] [cxt 0] Processing packet received on port 1
[18:44:16.561] [bmv2] [D] [thread 15931] [30.0] [cxt 0] Parser 'parser': start
[18:44:16.561] [bmv2] [D] [thread 15931] [30.0] [cxt 0] Parser 'parser' entering state 'start'
[18:44:16.561] [bmv2] [D] [thread 15931] [30.0] [cxt 0] Extracting header 'ethernet'
[18:44:16.561] [bmv2] [D] [thread 15931] [30.0] [cxt 0] Parser state 'start': key is 86dd
[18:44:16.561] [bmv2] [T] [thread 15931] [30.0] [cxt 0] Bytes parsed: 14
[18:44:16.561] [bmv2] [D] [thread 15931] [30.0] [cxt 0] Parser 'parser': end
[18:44:16.561] [bmv2] [D] [thread 15931] [30.0] [cxt 0] Pipeline 'ingress': start
[18:44:16.561] [bmv2] [T] [thread 15931] [30.0] [cxt 0] basic.p4(121) Condition "hdr.ipv4.isValid()" (node_2) is false
[18:44:16.561] [bmv2] [D] [thread 15931] [30.0] [cxt 0] Pipeline 'ingress': end
[18:44:16.561] [bmv2] [D] [thread 15931] [30.0] [cxt 0] Egress port is 0
[18:44:16.561] [bmv2] [D] [thread 15932] [30.0] [cxt 0] Pipeline 'egress': start
[18:44:16.561] [bmv2] [D] [thread 15932] [30.0] [cxt 0] Pipeline 'egress': end
[18:44:16.561] [bmv2] [D] [thread 15932] [30.0] [cxt 0] Deparser 'deparser': start
[18:44:16.561] [bmv2] [T] [thread 15932] [30.0] [cxt 0] Skipping checksum 'cksum' update because condition not met
[18:44:16.561] [bmv2] [D] [thread 15932] [30.0] [cxt 0] Deparsing header 'ethernet'
[18:44:16.561] [bmv2] [D] [thread 15932] [30.0] [cxt 0] Deparser 'deparser': end
[18:44:16.561] [bmv2] [D] [thread 15936] [30.0] [cxt 0] Transmitting packet of size 212 out of port 0
[18:44:16.591] [bmv2] [D] [thread 15931] [31.0] [cxt 0] Processing packet received on port 2
[18:44:16.591] [bmv2] [D] [thread 15931] [31.0] [cxt 0] Parser 'parser': start
[18:44:16.591] [bmv2] [D] [thread 15931] [31.0] [cxt 0] Parser 'parser' entering state 'start'
[18:44:16.591] [bmv2] [D] [thread 15931] [31.0] [cxt 0] Extracting header 'ethernet'
[18:44:16.591] [bmv2] [D] [thread 15931] [31.0] [cxt 0] Parser state 'start': key is 86dd
[18:44:16.591] [bmv2] [T] [thread 15931] [31.0] [cxt 0] Bytes parsed: 14
[18:44:16.591] [bmv2] [D] [thread 15931] [31.0] [cxt 0] Parser 'parser': end
[18:44:16.591] [bmv2] [D] [thread 15931] [31.0] [cxt 0] Pipeline 'ingress': start
[18:44:16.591] [bmv2] [T] [thread 15931] [31.0] [cxt 0] basic.p4(121) Condition "hdr.ipv4.isValid()" (node_2) is false
[18:44:16.591] [bmv2] [D] [thread 15931] [31.0] [cxt 0] Pipeline 'ingress': end
[18:44:16.591] [bmv2] [D] [thread 15931] [31.0] [cxt 0] Egress port is 0
[18:44:16.591] [bmv2] [D] [thread 15932] [31.0] [cxt 0] Pipeline 'egress': start
[18:44:16.591] [bmv2] [D] [thread 15932] [31.0] [cxt 0] Pipeline 'egress': end
[18:44:16.591] [bmv2] [D] [thread 15932] [31.0] [cxt 0] Deparser 'deparser': start
[18:44:16.591] [bmv2] [T] [thread 15932] [31.0] [cxt 0] Skipping checksum 'cksum' update because condition not met
[18:44:16.591] [bmv2] [D] [thread 15932] [31.0] [cxt 0] Deparsing header 'ethernet'
[18:44:16.591] [bmv2] [D] [thread 15932] [31.0] [cxt 0] Deparser 'deparser': end
[18:44:16.591] [bmv2] [D] [thread 15936] [31.0] [cxt 0] Transmitting packet of size 203 out of port 0
[18:44:16.639] [bmv2] [D] [thread 15931] [32.0] [cxt 0] Processing packet received on port 1
[18:44:16.639] [bmv2] [D] [thread 15931] [32.0] [cxt 0] Parser 'parser': start
[18:44:16.639] [bmv2] [D] [thread 15931] [32.0] [cxt 0] Parser 'parser' entering state 'start'
[18:44:16.639] [bmv2] [D] [thread 15931] [32.0] [cxt 0] Extracting header 'ethernet'
[18:44:16.639] [bmv2] [D] [thread 15931] [32.0] [cxt 0] Parser state 'start': key is 86dd
[18:44:16.639] [bmv2] [T] [thread 15931] [32.0] [cxt 0] Bytes parsed: 14
[18:44:16.639] [bmv2] [D] [thread 15931] [32.0] [cxt 0] Parser 'parser': end
[18:44:16.639] [bmv2] [D] [thread 15931] [32.0] [cxt 0] Pipeline 'ingress': start
[18:44:16.639] [bmv2] [T] [thread 15931] [32.0] [cxt 0] basic.p4(121) Condition "hdr.ipv4.isValid()" (node_2) is false
[18:44:16.639] [bmv2] [D] [thread 15931] [32.0] [cxt 0] Pipeline 'ingress': end
[18:44:16.639] [bmv2] [D] [thread 15931] [32.0] [cxt 0] Egress port is 0
[18:44:16.639] [bmv2] [D] [thread 15932] [32.0] [cxt 0] Pipeline 'egress': start
[18:44:16.639] [bmv2] [D] [thread 15932] [32.0] [cxt 0] Pipeline 'egress': end
[18:44:16.639] [bmv2] [D] [thread 15932] [32.0] [cxt 0] Deparser 'deparser': start
[18:44:16.639] [bmv2] [T] [thread 15932] [32.0] [cxt 0] Skipping checksum 'cksum' update because condition not met
[18:44:16.639] [bmv2] [D] [thread 15932] [32.0] [cxt 0] Deparsing header 'ethernet'
[18:44:16.639] [bmv2] [D] [thread 15932] [32.0] [cxt 0] Deparser 'deparser': end
[18:44:16.639] [bmv2] [D] [thread 15936] [32.0] [cxt 0] Transmitting packet of size 90 out of port 0
[18:44:16.703] [bmv2] [D] [thread 15931] [33.0] [cxt 0] Processing packet received on port 1
[18:44:16.703] [bmv2] [D] [thread 15931] [33.0] [cxt 0] Parser 'parser': start
[18:44:16.703] [bmv2] [D] [thread 15931] [33.0] [cxt 0] Parser 'parser' entering state 'start'
[18:44:16.703] [bmv2] [D] [thread 15931] [33.0] [cxt 0] Extracting header 'ethernet'
[18:44:16.703] [bmv2] [D] [thread 15931] [33.0] [cxt 0] Parser state 'start': key is 86dd
[18:44:16.703] [bmv2] [T] [thread 15931] [33.0] [cxt 0] Bytes parsed: 14
[18:44:16.703] [bmv2] [D] [thread 15931] [33.0] [cxt 0] Parser 'parser': end
[18:44:16.703] [bmv2] [D] [thread 15931] [33.0] [cxt 0] Pipeline 'ingress': start
[18:44:16.703] [bmv2] [T] [thread 15931] [33.0] [cxt 0] basic.p4(121) Condition "hdr.ipv4.isValid()" (node_2) is false
[18:44:16.703] [bmv2] [D] [thread 15931] [33.0] [cxt 0] Pipeline 'ingress': end
[18:44:16.703] [bmv2] [D] [thread 15931] [33.0] [cxt 0] Egress port is 0
[18:44:16.703] [bmv2] [D] [thread 15932] [33.0] [cxt 0] Pipeline 'egress': start
[18:44:16.703] [bmv2] [D] [thread 15932] [33.0] [cxt 0] Pipeline 'egress': end
[18:44:16.703] [bmv2] [D] [thread 15932] [33.0] [cxt 0] Deparser 'deparser': start
[18:44:16.703] [bmv2] [T] [thread 15932] [33.0] [cxt 0] Skipping checksum 'cksum' update because condition not met
[18:44:16.703] [bmv2] [D] [thread 15932] [33.0] [cxt 0] Deparsing header 'ethernet'
[18:44:16.703] [bmv2] [D] [thread 15932] [33.0] [cxt 0] Deparser 'deparser': end
[18:44:16.703] [bmv2] [D] [thread 15936] [33.0] [cxt 0] Transmitting packet of size 110 out of port 0
[18:44:16.811] [bmv2] [D] [thread 15931] [34.0] [cxt 0] Processing packet received on port 1
[18:44:16.811] [bmv2] [D] [thread 15931] [34.0] [cxt 0] Parser 'parser': start
[18:44:16.811] [bmv2] [D] [thread 15931] [34.0] [cxt 0] Parser 'parser' entering state 'start'
[18:44:16.811] [bmv2] [D] [thread 15931] [34.0] [cxt 0] Extracting header 'ethernet'
[18:44:16.811] [bmv2] [D] [thread 15931] [34.0] [cxt 0] Parser state 'start': key is 86dd
[18:44:16.811] [bmv2] [T] [thread 15931] [34.0] [cxt 0] Bytes parsed: 14
[18:44:16.811] [bmv2] [D] [thread 15931] [34.0] [cxt 0] Parser 'parser': end
[18:44:16.811] [bmv2] [D] [thread 15931] [34.0] [cxt 0] Pipeline 'ingress': start
[18:44:16.811] [bmv2] [T] [thread 15931] [34.0] [cxt 0] basic.p4(121) Condition "hdr.ipv4.isValid()" (node_2) is false
[18:44:16.811] [bmv2] [D] [thread 15931] [34.0] [cxt 0] Pipeline 'ingress': end
[18:44:16.811] [bmv2] [D] [thread 15931] [34.0] [cxt 0] Egress port is 0
[18:44:16.811] [bmv2] [D] [thread 15932] [34.0] [cxt 0] Pipeline 'egress': start
[18:44:16.811] [bmv2] [D] [thread 15932] [34.0] [cxt 0] Pipeline 'egress': end
[18:44:16.811] [bmv2] [D] [thread 15932] [34.0] [cxt 0] Deparser 'deparser': start
[18:44:16.811] [bmv2] [T] [thread 15932] [34.0] [cxt 0] Skipping checksum 'cksum' update because condition not met
[18:44:16.811] [bmv2] [D] [thread 15932] [34.0] [cxt 0] Deparsing header 'ethernet'
[18:44:16.811] [bmv2] [D] [thread 15932] [34.0] [cxt 0] Deparser 'deparser': end
[18:44:16.811] [bmv2] [D] [thread 15936] [34.0] [cxt 0] Transmitting packet of size 212 out of port 0
[18:44:17.011] [bmv2] [D] [thread 15931] [35.0] [cxt 0] Processing packet received on port 1
[18:44:17.011] [bmv2] [D] [thread 15931] [35.0] [cxt 0] Parser 'parser': start
[18:44:17.011] [bmv2] [D] [thread 15931] [35.0] [cxt 0] Parser 'parser' entering state 'start'
[18:44:17.011] [bmv2] [D] [thread 15931] [35.0] [cxt 0] Extracting header 'ethernet'
[18:44:17.011] [bmv2] [D] [thread 15931] [35.0] [cxt 0] Parser state 'start': key is 86dd
[18:44:17.011] [bmv2] [T] [thread 15931] [35.0] [cxt 0] Bytes parsed: 14
[18:44:17.011] [bmv2] [D] [thread 15931] [35.0] [cxt 0] Parser 'parser': end
[18:44:17.011] [bmv2] [D] [thread 15931] [35.0] [cxt 0] Pipeline 'ingress': start
[18:44:17.011] [bmv2] [T] [thread 15931] [35.0] [cxt 0] basic.p4(121) Condition "hdr.ipv4.isValid()" (node_2) is false
[18:44:17.011] [bmv2] [D] [thread 15931] [35.0] [cxt 0] Pipeline 'ingress': end
[18:44:17.011] [bmv2] [D] [thread 15931] [35.0] [cxt 0] Egress port is 0
[18:44:17.011] [bmv2] [D] [thread 15932] [35.0] [cxt 0] Pipeline 'egress': start
[18:44:17.011] [bmv2] [D] [thread 15932] [35.0] [cxt 0] Pipeline 'egress': end
[18:44:17.011] [bmv2] [D] [thread 15932] [35.0] [cxt 0] Deparser 'deparser': start
[18:44:17.011] [bmv2] [T] [thread 15932] [35.0] [cxt 0] Skipping checksum 'cksum' update because condition not met
[18:44:17.011] [bmv2] [D] [thread 15932] [35.0] [cxt 0] Deparsing header 'ethernet'
[18:44:17.011] [bmv2] [D] [thread 15932] [35.0] [cxt 0] Deparser 'deparser': end
[18:44:17.011] [bmv2] [D] [thread 15936] [35.0] [cxt 0] Transmitting packet of size 200 out of port 0
[18:44:17.216] [bmv2] [W] [thread 15991] [P4Runtime] p4::tmp::P4DeviceConfig is deprecated
[18:44:17.218] [bmv2] [D] [thread 15991] Set default default entry for table 'MyIngress.ipv4_lpm': MyIngress.drop - 
[18:44:17.218] [bmv2] [D] [thread 15991] Set default default entry for table 'tbl_clone_packet': MyIngress.clone_packet - 
[18:44:17.219] [bmv2] [D] [thread 15991] simple_switch target has been notified of a config swap
[18:44:17.221] [bmv2] [D] [thread 15992] Set default entry for table 'MyIngress.ipv4_lpm': MyIngress.drop - 
[18:44:17.222] [bmv2] [D] [thread 15991] Entry 0 added to table 'MyIngress.ipv4_lpm'
[18:44:17.222] [bmv2] [D] [thread 15991] Dumping entry 0
Match key:
* hdr.ipv4.dstAddr    : LPM       0a000101/32
Action entry: MyIngress.ipv4_forward - 80000000111,1,

[18:44:17.223] [bmv2] [D] [thread 15992] Entry 1 added to table 'MyIngress.ipv4_lpm'
[18:44:17.223] [bmv2] [D] [thread 15992] Dumping entry 1
Match key:
* hdr.ipv4.dstAddr    : LPM       0a000202/32
Action entry: MyIngress.ipv4_forward - 80000000222,2,

[18:44:17.224] [bmv2] [D] [thread 15991] Entry 2 added to table 'MyIngress.ipv4_lpm'
[18:44:17.224] [bmv2] [D] [thread 15991] Dumping entry 2
Match key:
* hdr.ipv4.dstAddr    : LPM       0a000303/32
Action entry: MyIngress.ipv4_forward - 80000000333,2,

[18:44:17.314] [bmv2] [D] [thread 15931] [36.0] [cxt 0] Processing packet received on port 2
[18:44:17.314] [bmv2] [D] [thread 15931] [36.0] [cxt 0] Parser 'parser': start
[18:44:17.314] [bmv2] [D] [thread 15931] [36.0] [cxt 0] Parser 'parser' entering state 'start'
[18:44:17.314] [bmv2] [D] [thread 15931] [36.0] [cxt 0] Extracting header 'ethernet'
[18:44:17.314] [bmv2] [D] [thread 15931] [36.0] [cxt 0] Parser state 'start': key is 86dd
[18:44:17.314] [bmv2] [T] [thread 15931] [36.0] [cxt 0] Bytes parsed: 14
[18:44:17.314] [bmv2] [D] [thread 15931] [36.0] [cxt 0] Parser 'parser': end
[18:44:17.314] [bmv2] [D] [thread 15931] [36.0] [cxt 0] Pipeline 'ingress': start
[18:44:17.314] [bmv2] [T] [thread 15931] [36.0] [cxt 0] basic.p4(121) Condition "hdr.ipv4.isValid()" (node_2) is false
[18:44:17.314] [bmv2] [D] [thread 15931] [36.0] [cxt 0] Pipeline 'ingress': end
[18:44:17.314] [bmv2] [D] [thread 15931] [36.0] [cxt 0] Egress port is 0
[18:44:17.314] [bmv2] [D] [thread 15932] [36.0] [cxt 0] Pipeline 'egress': start
[18:44:17.314] [bmv2] [D] [thread 15932] [36.0] [cxt 0] Pipeline 'egress': end
[18:44:17.314] [bmv2] [D] [thread 15932] [36.0] [cxt 0] Deparser 'deparser': start
[18:44:17.314] [bmv2] [T] [thread 15932] [36.0] [cxt 0] Skipping checksum 'cksum' update because condition not met
[18:44:17.314] [bmv2] [D] [thread 15932] [36.0] [cxt 0] Deparsing header 'ethernet'
[18:44:17.314] [bmv2] [D] [thread 15932] [36.0] [cxt 0] Deparser 'deparser': end
[18:44:17.315] [bmv2] [D] [thread 15936] [36.0] [cxt 0] Transmitting packet of size 200 out of port 0
[18:44:17.326] [bmv2] [D] [thread 15931] [37.0] [cxt 0] Processing packet received on port 1
[18:44:17.326] [bmv2] [D] [thread 15931] [37.0] [cxt 0] Parser 'parser': start
[18:44:17.326] [bmv2] [D] [thread 15931] [37.0] [cxt 0] Parser 'parser' entering state 'start'
[18:44:17.326] [bmv2] [D] [thread 15931] [37.0] [cxt 0] Extracting header 'ethernet'
[18:44:17.326] [bmv2] [D] [thread 15931] [37.0] [cxt 0] Parser state 'start': key is 86dd
[18:44:17.326] [bmv2] [T] [thread 15931] [37.0] [cxt 0] Bytes parsed: 14
[18:44:17.326] [bmv2] [D] [thread 15931] [37.0] [cxt 0] Parser 'parser': end
[18:44:17.326] [bmv2] [D] [thread 15931] [37.0] [cxt 0] Pipeline 'ingress': start
[18:44:17.326] [bmv2] [T] [thread 15931] [37.0] [cxt 0] basic.p4(121) Condition "hdr.ipv4.isValid()" (node_2) is false
[18:44:17.326] [bmv2] [D] [thread 15931] [37.0] [cxt 0] Pipeline 'ingress': end
[18:44:17.326] [bmv2] [D] [thread 15931] [37.0] [cxt 0] Egress port is 0
[18:44:17.326] [bmv2] [D] [thread 15932] [37.0] [cxt 0] Pipeline 'egress': start
[18:44:17.326] [bmv2] [D] [thread 15932] [37.0] [cxt 0] Pipeline 'egress': end
[18:44:17.326] [bmv2] [D] [thread 15932] [37.0] [cxt 0] Deparser 'deparser': start
[18:44:17.326] [bmv2] [T] [thread 15932] [37.0] [cxt 0] Skipping checksum 'cksum' update because condition not met
[18:44:17.326] [bmv2] [D] [thread 15932] [37.0] [cxt 0] Deparsing header 'ethernet'
[18:44:17.326] [bmv2] [D] [thread 15932] [37.0] [cxt 0] Deparser 'deparser': end
[18:44:17.326] [bmv2] [D] [thread 15936] [37.0] [cxt 0] Transmitting packet of size 203 out of port 0
[18:44:17.472] [bmv2] [D] [thread 15931] [38.0] [cxt 0] Processing packet received on port 2
[18:44:17.472] [bmv2] [D] [thread 15931] [38.0] [cxt 0] Parser 'parser': start
[18:44:17.472] [bmv2] [D] [thread 15931] [38.0] [cxt 0] Parser 'parser' entering state 'start'
[18:44:17.472] [bmv2] [D] [thread 15931] [38.0] [cxt 0] Extracting header 'ethernet'
[18:44:17.472] [bmv2] [D] [thread 15931] [38.0] [cxt 0] Parser state 'start': key is 86dd
[18:44:17.472] [bmv2] [T] [thread 15931] [38.0] [cxt 0] Bytes parsed: 14
[18:44:17.472] [bmv2] [D] [thread 15931] [38.0] [cxt 0] Parser 'parser': end
[18:44:17.472] [bmv2] [D] [thread 15931] [38.0] [cxt 0] Pipeline 'ingress': start
[18:44:17.472] [bmv2] [T] [thread 15931] [38.0] [cxt 0] basic.p4(121) Condition "hdr.ipv4.isValid()" (node_2) is false
[18:44:17.472] [bmv2] [D] [thread 15931] [38.0] [cxt 0] Pipeline 'ingress': end
[18:44:17.472] [bmv2] [D] [thread 15931] [38.0] [cxt 0] Egress port is 0
[18:44:17.472] [bmv2] [D] [thread 15932] [38.0] [cxt 0] Pipeline 'egress': start
[18:44:17.472] [bmv2] [D] [thread 15932] [38.0] [cxt 0] Pipeline 'egress': end
[18:44:17.472] [bmv2] [D] [thread 15932] [38.0] [cxt 0] Deparser 'deparser': start
[18:44:17.472] [bmv2] [T] [thread 15932] [38.0] [cxt 0] Skipping checksum 'cksum' update because condition not met
[18:44:17.472] [bmv2] [D] [thread 15932] [38.0] [cxt 0] Deparsing header 'ethernet'
[18:44:17.472] [bmv2] [D] [thread 15932] [38.0] [cxt 0] Deparser 'deparser': end
[18:44:17.472] [bmv2] [D] [thread 15936] [38.0] [cxt 0] Transmitting packet of size 200 out of port 0
[18:44:18.047] [bmv2] [D] [thread 15931] [39.0] [cxt 0] Processing packet received on port 1
[18:44:18.047] [bmv2] [D] [thread 15931] [39.0] [cxt 0] Parser 'parser': start
[18:44:18.047] [bmv2] [D] [thread 15931] [39.0] [cxt 0] Parser 'parser' entering state 'start'
[18:44:18.047] [bmv2] [D] [thread 15931] [39.0] [cxt 0] Extracting header 'ethernet'
[18:44:18.047] [bmv2] [D] [thread 15931] [39.0] [cxt 0] Parser state 'start': key is 86dd
[18:44:18.047] [bmv2] [T] [thread 15931] [39.0] [cxt 0] Bytes parsed: 14
[18:44:18.047] [bmv2] [D] [thread 15931] [39.0] [cxt 0] Parser 'parser': end
[18:44:18.047] [bmv2] [D] [thread 15931] [39.0] [cxt 0] Pipeline 'ingress': start
[18:44:18.047] [bmv2] [T] [thread 15931] [39.0] [cxt 0] basic.p4(121) Condition "hdr.ipv4.isValid()" (node_2) is false
[18:44:18.047] [bmv2] [D] [thread 15931] [39.0] [cxt 0] Pipeline 'ingress': end
[18:44:18.047] [bmv2] [D] [thread 15931] [39.0] [cxt 0] Egress port is 0
[18:44:18.047] [bmv2] [D] [thread 15932] [39.0] [cxt 0] Pipeline 'egress': start
[18:44:18.047] [bmv2] [D] [thread 15932] [39.0] [cxt 0] Pipeline 'egress': end
[18:44:18.047] [bmv2] [D] [thread 15932] [39.0] [cxt 0] Deparser 'deparser': start
[18:44:18.047] [bmv2] [T] [thread 15932] [39.0] [cxt 0] Skipping checksum 'cksum' update because condition not met
[18:44:18.047] [bmv2] [D] [thread 15932] [39.0] [cxt 0] Deparsing header 'ethernet'
[18:44:18.047] [bmv2] [D] [thread 15932] [39.0] [cxt 0] Deparser 'deparser': end
[18:44:18.047] [bmv2] [D] [thread 15936] [39.0] [cxt 0] Transmitting packet of size 200 out of port 0
[18:44:18.595] [bmv2] [D] [thread 15931] [40.0] [cxt 0] Processing packet received on port 2
[18:44:18.595] [bmv2] [D] [thread 15931] [40.0] [cxt 0] Parser 'parser': start
[18:44:18.595] [bmv2] [D] [thread 15931] [40.0] [cxt 0] Parser 'parser' entering state 'start'
[18:44:18.595] [bmv2] [D] [thread 15931] [40.0] [cxt 0] Extracting header 'ethernet'
[18:44:18.595] [bmv2] [D] [thread 15931] [40.0] [cxt 0] Parser state 'start': key is 86dd
[18:44:18.595] [bmv2] [T] [thread 15931] [40.0] [cxt 0] Bytes parsed: 14
[18:44:18.595] [bmv2] [D] [thread 15931] [40.0] [cxt 0] Parser 'parser': end
[18:44:18.595] [bmv2] [D] [thread 15931] [40.0] [cxt 0] Pipeline 'ingress': start
[18:44:18.595] [bmv2] [T] [thread 15931] [40.0] [cxt 0] basic.p4(121) Condition "hdr.ipv4.isValid()" (node_2) is false
[18:44:18.595] [bmv2] [D] [thread 15931] [40.0] [cxt 0] Pipeline 'ingress': end
[18:44:18.595] [bmv2] [D] [thread 15931] [40.0] [cxt 0] Egress port is 0
[18:44:18.596] [bmv2] [D] [thread 15932] [40.0] [cxt 0] Pipeline 'egress': start
[18:44:18.596] [bmv2] [D] [thread 15932] [40.0] [cxt 0] Pipeline 'egress': end
[18:44:18.596] [bmv2] [D] [thread 15932] [40.0] [cxt 0] Deparser 'deparser': start
[18:44:18.596] [bmv2] [T] [thread 15932] [40.0] [cxt 0] Skipping checksum 'cksum' update because condition not met
[18:44:18.596] [bmv2] [D] [thread 15932] [40.0] [cxt 0] Deparsing header 'ethernet'
[18:44:18.596] [bmv2] [D] [thread 15932] [40.0] [cxt 0] Deparser 'deparser': end
[18:44:18.596] [bmv2] [D] [thread 15936] [40.0] [cxt 0] Transmitting packet of size 203 out of port 0
[18:44:19.327] [bmv2] [D] [thread 15931] [41.0] [cxt 0] Processing packet received on port 1
[18:44:19.327] [bmv2] [D] [thread 15931] [41.0] [cxt 0] Parser 'parser': start
[18:44:19.327] [bmv2] [D] [thread 15931] [41.0] [cxt 0] Parser 'parser' entering state 'start'
[18:44:19.327] [bmv2] [D] [thread 15931] [41.0] [cxt 0] Extracting header 'ethernet'
[18:44:19.327] [bmv2] [D] [thread 15931] [41.0] [cxt 0] Parser state 'start': key is 86dd
[18:44:19.327] [bmv2] [T] [thread 15931] [41.0] [cxt 0] Bytes parsed: 14
[18:44:19.327] [bmv2] [D] [thread 15931] [41.0] [cxt 0] Parser 'parser': end
[18:44:19.327] [bmv2] [D] [thread 15931] [41.0] [cxt 0] Pipeline 'ingress': start
[18:44:19.327] [bmv2] [T] [thread 15931] [41.0] [cxt 0] basic.p4(121) Condition "hdr.ipv4.isValid()" (node_2) is false
[18:44:19.327] [bmv2] [D] [thread 15931] [41.0] [cxt 0] Pipeline 'ingress': end
[18:44:19.327] [bmv2] [D] [thread 15931] [41.0] [cxt 0] Egress port is 0
[18:44:19.327] [bmv2] [D] [thread 15932] [41.0] [cxt 0] Pipeline 'egress': start
[18:44:19.327] [bmv2] [D] [thread 15932] [41.0] [cxt 0] Pipeline 'egress': end
[18:44:19.327] [bmv2] [D] [thread 15932] [41.0] [cxt 0] Deparser 'deparser': start
[18:44:19.327] [bmv2] [T] [thread 15932] [41.0] [cxt 0] Skipping checksum 'cksum' update because condition not met
[18:44:19.327] [bmv2] [D] [thread 15932] [41.0] [cxt 0] Deparsing header 'ethernet'
[18:44:19.327] [bmv2] [D] [thread 15932] [41.0] [cxt 0] Deparser 'deparser': end
[18:44:19.327] [bmv2] [D] [thread 15936] [41.0] [cxt 0] Transmitting packet of size 203 out of port 0
[18:44:19.351] [bmv2] [D] [thread 15931] [42.0] [cxt 0] Processing packet received on port 2
[18:44:19.351] [bmv2] [D] [thread 15931] [42.0] [cxt 0] Parser 'parser': start
[18:44:19.351] [bmv2] [D] [thread 15931] [42.0] [cxt 0] Parser 'parser' entering state 'start'
[18:44:19.351] [bmv2] [D] [thread 15931] [42.0] [cxt 0] Extracting header 'ethernet'
[18:44:19.351] [bmv2] [D] [thread 15931] [42.0] [cxt 0] Parser state 'start': key is 86dd
[18:44:19.351] [bmv2] [T] [thread 15931] [42.0] [cxt 0] Bytes parsed: 14
[18:44:19.351] [bmv2] [D] [thread 15931] [42.0] [cxt 0] Parser 'parser': end
[18:44:19.351] [bmv2] [D] [thread 15931] [42.0] [cxt 0] Pipeline 'ingress': start
[18:44:19.351] [bmv2] [T] [thread 15931] [42.0] [cxt 0] basic.p4(121) Condition "hdr.ipv4.isValid()" (node_2) is false
[18:44:19.351] [bmv2] [D] [thread 15931] [42.0] [cxt 0] Pipeline 'ingress': end
[18:44:19.351] [bmv2] [D] [thread 15931] [42.0] [cxt 0] Egress port is 0
[18:44:19.351] [bmv2] [D] [thread 15932] [42.0] [cxt 0] Pipeline 'egress': start
[18:44:19.351] [bmv2] [D] [thread 15932] [42.0] [cxt 0] Pipeline 'egress': end
[18:44:19.351] [bmv2] [D] [thread 15932] [42.0] [cxt 0] Deparser 'deparser': start
[18:44:19.351] [bmv2] [T] [thread 15932] [42.0] [cxt 0] Skipping checksum 'cksum' update because condition not met
[18:44:19.351] [bmv2] [D] [thread 15932] [42.0] [cxt 0] Deparsing header 'ethernet'
[18:44:19.351] [bmv2] [D] [thread 15932] [42.0] [cxt 0] Deparser 'deparser': end
[18:44:19.351] [bmv2] [D] [thread 15936] [42.0] [cxt 0] Transmitting packet of size 200 out of port 0
[18:44:19.508] [bmv2] [D] [thread 15931] [43.0] [cxt 0] Processing packet received on port 2
[18:44:19.508] [bmv2] [D] [thread 15931] [43.0] [cxt 0] Parser 'parser': start
[18:44:19.508] [bmv2] [D] [thread 15931] [43.0] [cxt 0] Parser 'parser' entering state 'start'
[18:44:19.508] [bmv2] [D] [thread 15931] [43.0] [cxt 0] Extracting header 'ethernet'
[18:44:19.508] [bmv2] [D] [thread 15931] [43.0] [cxt 0] Parser state 'start': key is 86dd
[18:44:19.508] [bmv2] [T] [thread 15931] [43.0] [cxt 0] Bytes parsed: 14
[18:44:19.508] [bmv2] [D] [thread 15931] [43.0] [cxt 0] Parser 'parser': end
[18:44:19.508] [bmv2] [D] [thread 15931] [43.0] [cxt 0] Pipeline 'ingress': start
[18:44:19.508] [bmv2] [T] [thread 15931] [43.0] [cxt 0] basic.p4(121) Condition "hdr.ipv4.isValid()" (node_2) is false
[18:44:19.508] [bmv2] [D] [thread 15931] [43.0] [cxt 0] Pipeline 'ingress': end
[18:44:19.508] [bmv2] [D] [thread 15931] [43.0] [cxt 0] Egress port is 0
[18:44:19.508] [bmv2] [D] [thread 15932] [43.0] [cxt 0] Pipeline 'egress': start
[18:44:19.508] [bmv2] [D] [thread 15932] [43.0] [cxt 0] Pipeline 'egress': end
[18:44:19.508] [bmv2] [D] [thread 15932] [43.0] [cxt 0] Deparser 'deparser': start
[18:44:19.508] [bmv2] [T] [thread 15932] [43.0] [cxt 0] Skipping checksum 'cksum' update because condition not met
[18:44:19.508] [bmv2] [D] [thread 15932] [43.0] [cxt 0] Deparsing header 'ethernet'
[18:44:19.508] [bmv2] [D] [thread 15932] [43.0] [cxt 0] Deparser 'deparser': end
[18:44:19.508] [bmv2] [D] [thread 15936] [43.0] [cxt 0] Transmitting packet of size 200 out of port 0
[18:44:19.743] [bmv2] [D] [thread 15931] [44.0] [cxt 0] Processing packet received on port 2
[18:44:19.743] [bmv2] [D] [thread 15931] [44.0] [cxt 0] Parser 'parser': start
[18:44:19.743] [bmv2] [D] [thread 15931] [44.0] [cxt 0] Parser 'parser' entering state 'start'
[18:44:19.743] [bmv2] [D] [thread 15931] [44.0] [cxt 0] Extracting header 'ethernet'
[18:44:19.743] [bmv2] [D] [thread 15931] [44.0] [cxt 0] Parser state 'start': key is 86dd
[18:44:19.743] [bmv2] [T] [thread 15931] [44.0] [cxt 0] Bytes parsed: 14
[18:44:19.743] [bmv2] [D] [thread 15931] [44.0] [cxt 0] Parser 'parser': end
[18:44:19.743] [bmv2] [D] [thread 15931] [44.0] [cxt 0] Pipeline 'ingress': start
[18:44:19.743] [bmv2] [T] [thread 15931] [44.0] [cxt 0] basic.p4(121) Condition "hdr.ipv4.isValid()" (node_2) is false
[18:44:19.743] [bmv2] [D] [thread 15931] [44.0] [cxt 0] Pipeline 'ingress': end
[18:44:19.743] [bmv2] [D] [thread 15931] [44.0] [cxt 0] Egress port is 0
[18:44:19.743] [bmv2] [D] [thread 15932] [44.0] [cxt 0] Pipeline 'egress': start
[18:44:19.743] [bmv2] [D] [thread 15932] [44.0] [cxt 0] Pipeline 'egress': end
[18:44:19.743] [bmv2] [D] [thread 15932] [44.0] [cxt 0] Deparser 'deparser': start
[18:44:19.743] [bmv2] [T] [thread 15932] [44.0] [cxt 0] Skipping checksum 'cksum' update because condition not met
[18:44:19.743] [bmv2] [D] [thread 15932] [44.0] [cxt 0] Deparsing header 'ethernet'
[18:44:19.743] [bmv2] [D] [thread 15932] [44.0] [cxt 0] Deparser 'deparser': end
[18:44:19.743] [bmv2] [D] [thread 15936] [44.0] [cxt 0] Transmitting packet of size 70 out of port 0
[18:44:19.747] [bmv2] [D] [thread 15931] [45.0] [cxt 0] Processing packet received on port 2
[18:44:19.747] [bmv2] [D] [thread 15931] [45.0] [cxt 0] Parser 'parser': start
[18:44:19.747] [bmv2] [D] [thread 15931] [45.0] [cxt 0] Parser 'parser' entering state 'start'
[18:44:19.747] [bmv2] [D] [thread 15931] [45.0] [cxt 0] Extracting header 'ethernet'
[18:44:19.747] [bmv2] [D] [thread 15931] [45.0] [cxt 0] Parser state 'start': key is 86dd
[18:44:19.747] [bmv2] [T] [thread 15931] [45.0] [cxt 0] Bytes parsed: 14
[18:44:19.747] [bmv2] [D] [thread 15931] [45.0] [cxt 0] Parser 'parser': end
[18:44:19.747] [bmv2] [D] [thread 15931] [45.0] [cxt 0] Pipeline 'ingress': start
[18:44:19.747] [bmv2] [T] [thread 15931] [45.0] [cxt 0] basic.p4(121) Condition "hdr.ipv4.isValid()" (node_2) is false
[18:44:19.747] [bmv2] [D] [thread 15931] [45.0] [cxt 0] Pipeline 'ingress': end
[18:44:19.747] [bmv2] [D] [thread 15931] [45.0] [cxt 0] Egress port is 0
[18:44:19.747] [bmv2] [D] [thread 15932] [45.0] [cxt 0] Pipeline 'egress': start
[18:44:19.747] [bmv2] [D] [thread 15932] [45.0] [cxt 0] Pipeline 'egress': end
[18:44:19.747] [bmv2] [D] [thread 15932] [45.0] [cxt 0] Deparser 'deparser': start
[18:44:19.747] [bmv2] [T] [thread 15932] [45.0] [cxt 0] Skipping checksum 'cksum' update because condition not met
[18:44:19.747] [bmv2] [D] [thread 15932] [45.0] [cxt 0] Deparsing header 'ethernet'
[18:44:19.747] [bmv2] [D] [thread 15932] [45.0] [cxt 0] Deparser 'deparser': end
[18:44:19.747] [bmv2] [D] [thread 15936] [45.0] [cxt 0] Transmitting packet of size 70 out of port 0
[18:44:20.082] [bmv2] [D] [thread 15931] [46.0] [cxt 0] Processing packet received on port 1
[18:44:20.082] [bmv2] [D] [thread 15931] [46.0] [cxt 0] Parser 'parser': start
[18:44:20.082] [bmv2] [D] [thread 15931] [46.0] [cxt 0] Parser 'parser' entering state 'start'
[18:44:20.082] [bmv2] [D] [thread 15931] [46.0] [cxt 0] Extracting header 'ethernet'
[18:44:20.082] [bmv2] [D] [thread 15931] [46.0] [cxt 0] Parser state 'start': key is 86dd
[18:44:20.082] [bmv2] [T] [thread 15931] [46.0] [cxt 0] Bytes parsed: 14
[18:44:20.082] [bmv2] [D] [thread 15931] [46.0] [cxt 0] Parser 'parser': end
[18:44:20.082] [bmv2] [D] [thread 15931] [46.0] [cxt 0] Pipeline 'ingress': start
[18:44:20.082] [bmv2] [T] [thread 15931] [46.0] [cxt 0] basic.p4(121) Condition "hdr.ipv4.isValid()" (node_2) is false
[18:44:20.082] [bmv2] [D] [thread 15931] [46.0] [cxt 0] Pipeline 'ingress': end
[18:44:20.082] [bmv2] [D] [thread 15931] [46.0] [cxt 0] Egress port is 0
[18:44:20.082] [bmv2] [D] [thread 15932] [46.0] [cxt 0] Pipeline 'egress': start
[18:44:20.082] [bmv2] [D] [thread 15932] [46.0] [cxt 0] Pipeline 'egress': end
[18:44:20.082] [bmv2] [D] [thread 15932] [46.0] [cxt 0] Deparser 'deparser': start
[18:44:20.082] [bmv2] [T] [thread 15932] [46.0] [cxt 0] Skipping checksum 'cksum' update because condition not met
[18:44:20.082] [bmv2] [D] [thread 15932] [46.0] [cxt 0] Deparsing header 'ethernet'
[18:44:20.082] [bmv2] [D] [thread 15932] [46.0] [cxt 0] Deparser 'deparser': end
[18:44:20.083] [bmv2] [D] [thread 15936] [46.0] [cxt 0] Transmitting packet of size 200 out of port 0
[18:44:20.767] [bmv2] [D] [thread 15931] [47.0] [cxt 0] Processing packet received on port 1
[18:44:20.767] [bmv2] [D] [thread 15931] [47.0] [cxt 0] Parser 'parser': start
[18:44:20.767] [bmv2] [D] [thread 15931] [47.0] [cxt 0] Parser 'parser' entering state 'start'
[18:44:20.767] [bmv2] [D] [thread 15931] [47.0] [cxt 0] Extracting header 'ethernet'
[18:44:20.767] [bmv2] [D] [thread 15931] [47.0] [cxt 0] Parser state 'start': key is 86dd
[18:44:20.767] [bmv2] [T] [thread 15931] [47.0] [cxt 0] Bytes parsed: 14
[18:44:20.767] [bmv2] [D] [thread 15931] [47.0] [cxt 0] Parser 'parser': end
[18:44:20.767] [bmv2] [D] [thread 15931] [47.0] [cxt 0] Pipeline 'ingress': start
[18:44:20.767] [bmv2] [T] [thread 15931] [47.0] [cxt 0] basic.p4(121) Condition "hdr.ipv4.isValid()" (node_2) is false
[18:44:20.767] [bmv2] [D] [thread 15931] [47.0] [cxt 0] Pipeline 'ingress': end
[18:44:20.767] [bmv2] [D] [thread 15931] [47.0] [cxt 0] Egress port is 0
[18:44:20.767] [bmv2] [D] [thread 15932] [47.0] [cxt 0] Pipeline 'egress': start
[18:44:20.767] [bmv2] [D] [thread 15932] [47.0] [cxt 0] Pipeline 'egress': end
[18:44:20.767] [bmv2] [D] [thread 15932] [47.0] [cxt 0] Deparser 'deparser': start
[18:44:20.767] [bmv2] [T] [thread 15932] [47.0] [cxt 0] Skipping checksum 'cksum' update because condition not met
[18:44:20.767] [bmv2] [D] [thread 15932] [47.0] [cxt 0] Deparsing header 'ethernet'
[18:44:20.767] [bmv2] [D] [thread 15932] [47.0] [cxt 0] Deparser 'deparser': end
[18:44:20.767] [bmv2] [D] [thread 15936] [47.0] [cxt 0] Transmitting packet of size 70 out of port 0
[18:44:22.595] [bmv2] [D] [thread 15931] [48.0] [cxt 0] Processing packet received on port 2
[18:44:22.595] [bmv2] [D] [thread 15931] [48.0] [cxt 0] Parser 'parser': start
[18:44:22.595] [bmv2] [D] [thread 15931] [48.0] [cxt 0] Parser 'parser' entering state 'start'
[18:44:22.595] [bmv2] [D] [thread 15931] [48.0] [cxt 0] Extracting header 'ethernet'
[18:44:22.595] [bmv2] [D] [thread 15931] [48.0] [cxt 0] Parser state 'start': key is 86dd
[18:44:22.595] [bmv2] [T] [thread 15931] [48.0] [cxt 0] Bytes parsed: 14
[18:44:22.595] [bmv2] [D] [thread 15931] [48.0] [cxt 0] Parser 'parser': end
[18:44:22.595] [bmv2] [D] [thread 15931] [48.0] [cxt 0] Pipeline 'ingress': start
[18:44:22.595] [bmv2] [T] [thread 15931] [48.0] [cxt 0] basic.p4(121) Condition "hdr.ipv4.isValid()" (node_2) is false
[18:44:22.595] [bmv2] [D] [thread 15931] [48.0] [cxt 0] Pipeline 'ingress': end
[18:44:22.595] [bmv2] [D] [thread 15931] [48.0] [cxt 0] Egress port is 0
[18:44:22.595] [bmv2] [D] [thread 15932] [48.0] [cxt 0] Pipeline 'egress': start
[18:44:22.595] [bmv2] [D] [thread 15932] [48.0] [cxt 0] Pipeline 'egress': end
[18:44:22.595] [bmv2] [D] [thread 15932] [48.0] [cxt 0] Deparser 'deparser': start
[18:44:22.595] [bmv2] [T] [thread 15932] [48.0] [cxt 0] Skipping checksum 'cksum' update because condition not met
[18:44:22.595] [bmv2] [D] [thread 15932] [48.0] [cxt 0] Deparsing header 'ethernet'
[18:44:22.595] [bmv2] [D] [thread 15932] [48.0] [cxt 0] Deparser 'deparser': end
[18:44:22.595] [bmv2] [D] [thread 15936] [48.0] [cxt 0] Transmitting packet of size 203 out of port 0
[18:44:23.327] [bmv2] [D] [thread 15931] [49.0] [cxt 0] Processing packet received on port 1
[18:44:23.327] [bmv2] [D] [thread 15931] [49.0] [cxt 0] Parser 'parser': start
[18:44:23.327] [bmv2] [D] [thread 15931] [49.0] [cxt 0] Parser 'parser' entering state 'start'
[18:44:23.327] [bmv2] [D] [thread 15931] [49.0] [cxt 0] Extracting header 'ethernet'
[18:44:23.327] [bmv2] [D] [thread 15931] [49.0] [cxt 0] Parser state 'start': key is 86dd
[18:44:23.327] [bmv2] [T] [thread 15931] [49.0] [cxt 0] Bytes parsed: 14
[18:44:23.327] [bmv2] [D] [thread 15931] [49.0] [cxt 0] Parser 'parser': end
[18:44:23.327] [bmv2] [D] [thread 15931] [49.0] [cxt 0] Pipeline 'ingress': start
[18:44:23.327] [bmv2] [T] [thread 15931] [49.0] [cxt 0] basic.p4(121) Condition "hdr.ipv4.isValid()" (node_2) is false
[18:44:23.327] [bmv2] [D] [thread 15931] [49.0] [cxt 0] Pipeline 'ingress': end
[18:44:23.327] [bmv2] [D] [thread 15931] [49.0] [cxt 0] Egress port is 0
[18:44:23.327] [bmv2] [D] [thread 15932] [49.0] [cxt 0] Pipeline 'egress': start
[18:44:23.327] [bmv2] [D] [thread 15932] [49.0] [cxt 0] Pipeline 'egress': end
[18:44:23.327] [bmv2] [D] [thread 15932] [49.0] [cxt 0] Deparser 'deparser': start
[18:44:23.327] [bmv2] [T] [thread 15932] [49.0] [cxt 0] Skipping checksum 'cksum' update because condition not met
[18:44:23.327] [bmv2] [D] [thread 15932] [49.0] [cxt 0] Deparsing header 'ethernet'
[18:44:23.327] [bmv2] [D] [thread 15932] [49.0] [cxt 0] Deparser 'deparser': end
[18:44:23.327] [bmv2] [D] [thread 15936] [49.0] [cxt 0] Transmitting packet of size 203 out of port 0
open: No such file or directory
