Calling target program-options parser
[18:44:15.646] [bmv2] [D] [thread 15959] Set default default entry for table 'MyIngress.ipv4_lpm': MyIngress.drop - 
[18:44:15.646] [bmv2] [D] [thread 15959] Set default default entry for table 'tbl_clone_packet': MyIngress.clone_packet - 
Adding interface s3-eth1 as port 1
[18:44:15.649] [bmv2] [D] [thread 15959] Adding interface s3-eth1 as port 1
Adding interface s3-eth2 as port 2
[18:44:15.666] [bmv2] [D] [thread 15959] Adding interface s3-eth2 as port 2
Server listening on 0.0.0.0:50053
[18:44:15.688] [bmv2] [I] [thread 15959] Starting Thrift server on port 9092
[18:44:15.688] [bmv2] [I] [thread 15959] Thrift server was started
[18:44:15.971] [bmv2] [D] [thread 15969] [0.0] [cxt 0] Processing packet received on port 1
[18:44:15.972] [bmv2] [D] [thread 15969] [0.0] [cxt 0] Parser 'parser': start
[18:44:15.972] [bmv2] [D] [thread 15969] [0.0] [cxt 0] Parser 'parser' entering state 'start'
[18:44:15.972] [bmv2] [D] [thread 15969] [0.0] [cxt 0] Extracting header 'ethernet'
[18:44:15.972] [bmv2] [D] [thread 15969] [0.0] [cxt 0] Parser state 'start': key is 86dd
[18:44:15.972] [bmv2] [T] [thread 15969] [0.0] [cxt 0] Bytes parsed: 14
[18:44:15.972] [bmv2] [D] [thread 15969] [0.0] [cxt 0] Parser 'parser': end
[18:44:15.972] [bmv2] [D] [thread 15969] [0.0] [cxt 0] Pipeline 'ingress': start
[18:44:15.972] [bmv2] [T] [thread 15969] [0.0] [cxt 0] basic.p4(121) Condition "hdr.ipv4.isValid()" (node_2) is false
[18:44:15.972] [bmv2] [D] [thread 15969] [0.0] [cxt 0] Pipeline 'ingress': end
[18:44:15.972] [bmv2] [D] [thread 15969] [0.0] [cxt 0] Egress port is 0
[18:44:15.972] [bmv2] [D] [thread 15969] [1.0] [cxt 0] Processing packet received on port 1
[18:44:15.972] [bmv2] [D] [thread 15969] [1.0] [cxt 0] Parser 'parser': start
[18:44:15.972] [bmv2] [D] [thread 15969] [1.0] [cxt 0] Parser 'parser' entering state 'start'
[18:44:15.972] [bmv2] [D] [thread 15969] [1.0] [cxt 0] Extracting header 'ethernet'
[18:44:15.972] [bmv2] [D] [thread 15969] [1.0] [cxt 0] Parser state 'start': key is 86dd
[18:44:15.972] [bmv2] [T] [thread 15969] [1.0] [cxt 0] Bytes parsed: 14
[18:44:15.972] [bmv2] [D] [thread 15969] [1.0] [cxt 0] Parser 'parser': end
[18:44:15.972] [bmv2] [D] [thread 15969] [1.0] [cxt 0] Pipeline 'ingress': start
[18:44:15.972] [bmv2] [T] [thread 15969] [1.0] [cxt 0] basic.p4(121) Condition "hdr.ipv4.isValid()" (node_2) is false
[18:44:15.972] [bmv2] [D] [thread 15969] [1.0] [cxt 0] Pipeline 'ingress': end
[18:44:15.972] [bmv2] [D] [thread 15969] [1.0] [cxt 0] Egress port is 0
[18:44:15.972] [bmv2] [D] [thread 15970] [0.0] [cxt 0] Pipeline 'egress': start
[18:44:15.972] [bmv2] [D] [thread 15970] [0.0] [cxt 0] Pipeline 'egress': end
[18:44:15.972] [bmv2] [D] [thread 15970] [0.0] [cxt 0] Deparser 'deparser': start
[18:44:15.972] [bmv2] [T] [thread 15970] [0.0] [cxt 0] Skipping checksum 'cksum' update because condition not met
[18:44:15.972] [bmv2] [D] [thread 15970] [0.0] [cxt 0] Deparsing header 'ethernet'
[18:44:15.972] [bmv2] [D] [thread 15970] [0.0] [cxt 0] Deparser 'deparser': end
[18:44:15.972] [bmv2] [D] [thread 15970] [1.0] [cxt 0] Pipeline 'egress': start
[18:44:15.972] [bmv2] [D] [thread 15970] [1.0] [cxt 0] Pipeline 'egress': end
[18:44:15.972] [bmv2] [D] [thread 15970] [1.0] [cxt 0] Deparser 'deparser': start
[18:44:15.972] [bmv2] [T] [thread 15970] [1.0] [cxt 0] Skipping checksum 'cksum' update because condition not met
[18:44:15.972] [bmv2] [D] [thread 15970] [1.0] [cxt 0] Deparsing header 'ethernet'
[18:44:15.972] [bmv2] [D] [thread 15970] [1.0] [cxt 0] Deparser 'deparser': end
[18:44:15.973] [bmv2] [D] [thread 15974] [0.0] [cxt 0] Transmitting packet of size 90 out of port 0
[18:44:15.973] [bmv2] [D] [thread 15974] [1.0] [cxt 0] Transmitting packet of size 70 out of port 0
[18:44:15.983] [bmv2] [D] [thread 15969] [2.0] [cxt 0] Processing packet received on port 1
[18:44:15.983] [bmv2] [D] [thread 15969] [2.0] [cxt 0] Parser 'parser': start
[18:44:15.983] [bmv2] [D] [thread 15969] [2.0] [cxt 0] Parser 'parser' entering state 'start'
[18:44:15.983] [bmv2] [D] [thread 15969] [2.0] [cxt 0] Extracting header 'ethernet'
[18:44:15.983] [bmv2] [D] [thread 15969] [2.0] [cxt 0] Parser state 'start': key is 86dd
[18:44:15.983] [bmv2] [T] [thread 15969] [2.0] [cxt 0] Bytes parsed: 14
[18:44:15.983] [bmv2] [D] [thread 15969] [2.0] [cxt 0] Parser 'parser': end
[18:44:15.983] [bmv2] [D] [thread 15969] [2.0] [cxt 0] Pipeline 'ingress': start
[18:44:15.983] [bmv2] [T] [thread 15969] [2.0] [cxt 0] basic.p4(121) Condition "hdr.ipv4.isValid()" (node_2) is false
[18:44:15.983] [bmv2] [D] [thread 15969] [2.0] [cxt 0] Pipeline 'ingress': end
[18:44:15.983] [bmv2] [D] [thread 15969] [2.0] [cxt 0] Egress port is 0
[18:44:15.983] [bmv2] [D] [thread 15970] [2.0] [cxt 0] Pipeline 'egress': start
[18:44:15.983] [bmv2] [D] [thread 15970] [2.0] [cxt 0] Pipeline 'egress': end
[18:44:15.983] [bmv2] [D] [thread 15970] [2.0] [cxt 0] Deparser 'deparser': start
[18:44:15.983] [bmv2] [T] [thread 15970] [2.0] [cxt 0] Skipping checksum 'cksum' update because condition not met
[18:44:15.983] [bmv2] [D] [thread 15970] [2.0] [cxt 0] Deparsing header 'ethernet'
[18:44:15.983] [bmv2] [D] [thread 15970] [2.0] [cxt 0] Deparser 'deparser': end
[18:44:15.983] [bmv2] [D] [thread 15974] [2.0] [cxt 0] Transmitting packet of size 90 out of port 0
[18:44:16.055] [bmv2] [D] [thread 15969] [3.0] [cxt 0] Processing packet received on port 1
[18:44:16.055] [bmv2] [D] [thread 15969] [3.0] [cxt 0] Parser 'parser': start
[18:44:16.055] [bmv2] [D] [thread 15969] [3.0] [cxt 0] Parser 'parser' entering state 'start'
[18:44:16.055] [bmv2] [D] [thread 15969] [3.0] [cxt 0] Extracting header 'ethernet'
[18:44:16.055] [bmv2] [D] [thread 15969] [3.0] [cxt 0] Parser state 'start': key is 86dd
[18:44:16.055] [bmv2] [T] [thread 15969] [3.0] [cxt 0] Bytes parsed: 14
[18:44:16.055] [bmv2] [D] [thread 15969] [3.0] [cxt 0] Parser 'parser': end
[18:44:16.055] [bmv2] [D] [thread 15969] [3.0] [cxt 0] Pipeline 'ingress': start
[18:44:16.055] [bmv2] [T] [thread 15969] [3.0] [cxt 0] basic.p4(121) Condition "hdr.ipv4.isValid()" (node_2) is false
[18:44:16.055] [bmv2] [D] [thread 15969] [3.0] [cxt 0] Pipeline 'ingress': end
[18:44:16.055] [bmv2] [D] [thread 15969] [3.0] [cxt 0] Egress port is 0
[18:44:16.056] [bmv2] [D] [thread 15970] [3.0] [cxt 0] Pipeline 'egress': start
[18:44:16.056] [bmv2] [D] [thread 15970] [3.0] [cxt 0] Pipeline 'egress': end
[18:44:16.056] [bmv2] [D] [thread 15970] [3.0] [cxt 0] Deparser 'deparser': start
[18:44:16.056] [bmv2] [T] [thread 15970] [3.0] [cxt 0] Skipping checksum 'cksum' update because condition not met
[18:44:16.056] [bmv2] [D] [thread 15970] [3.0] [cxt 0] Deparsing header 'ethernet'
[18:44:16.056] [bmv2] [D] [thread 15970] [3.0] [cxt 0] Deparser 'deparser': end
[18:44:16.056] [bmv2] [D] [thread 15974] [3.0] [cxt 0] Transmitting packet of size 212 out of port 0
[18:44:16.069] [bmv2] [D] [thread 15969] [4.0] [cxt 0] Processing packet received on port 1
[18:44:16.069] [bmv2] [D] [thread 15969] [4.0] [cxt 0] Parser 'parser': start
[18:44:16.069] [bmv2] [D] [thread 15969] [4.0] [cxt 0] Parser 'parser' entering state 'start'
[18:44:16.069] [bmv2] [D] [thread 15969] [4.0] [cxt 0] Extracting header 'ethernet'
[18:44:16.069] [bmv2] [D] [thread 15969] [4.0] [cxt 0] Parser state 'start': key is 86dd
[18:44:16.069] [bmv2] [T] [thread 15969] [4.0] [cxt 0] Bytes parsed: 14
[18:44:16.069] [bmv2] [D] [thread 15969] [4.0] [cxt 0] Parser 'parser': end
[18:44:16.069] [bmv2] [D] [thread 15969] [4.0] [cxt 0] Pipeline 'ingress': start
[18:44:16.069] [bmv2] [T] [thread 15969] [4.0] [cxt 0] basic.p4(121) Condition "hdr.ipv4.isValid()" (node_2) is false
[18:44:16.069] [bmv2] [D] [thread 15969] [4.0] [cxt 0] Pipeline 'ingress': end
[18:44:16.069] [bmv2] [D] [thread 15969] [4.0] [cxt 0] Egress port is 0
[18:44:16.069] [bmv2] [D] [thread 15970] [4.0] [cxt 0] Pipeline 'egress': start
[18:44:16.069] [bmv2] [D] [thread 15970] [4.0] [cxt 0] Pipeline 'egress': end
[18:44:16.069] [bmv2] [D] [thread 15970] [4.0] [cxt 0] Deparser 'deparser': start
[18:44:16.069] [bmv2] [T] [thread 15970] [4.0] [cxt 0] Skipping checksum 'cksum' update because condition not met
[18:44:16.070] [bmv2] [D] [thread 15970] [4.0] [cxt 0] Deparsing header 'ethernet'
[18:44:16.070] [bmv2] [D] [thread 15970] [4.0] [cxt 0] Deparser 'deparser': end
[18:44:16.070] [bmv2] [D] [thread 15974] [4.0] [cxt 0] Transmitting packet of size 203 out of port 0
[18:44:16.195] [bmv2] [D] [thread 15969] [5.0] [cxt 0] Processing packet received on port 1
[18:44:16.195] [bmv2] [D] [thread 15969] [5.0] [cxt 0] Parser 'parser': start
[18:44:16.195] [bmv2] [D] [thread 15969] [5.0] [cxt 0] Parser 'parser' entering state 'start'
[18:44:16.195] [bmv2] [D] [thread 15969] [5.0] [cxt 0] Extracting header 'ethernet'
[18:44:16.195] [bmv2] [D] [thread 15969] [5.0] [cxt 0] Parser state 'start': key is 86dd
[18:44:16.195] [bmv2] [T] [thread 15969] [5.0] [cxt 0] Bytes parsed: 14
[18:44:16.195] [bmv2] [D] [thread 15969] [5.0] [cxt 0] Parser 'parser': end
[18:44:16.195] [bmv2] [D] [thread 15969] [5.0] [cxt 0] Pipeline 'ingress': start
[18:44:16.195] [bmv2] [T] [thread 15969] [5.0] [cxt 0] basic.p4(121) Condition "hdr.ipv4.isValid()" (node_2) is false
[18:44:16.195] [bmv2] [D] [thread 15969] [5.0] [cxt 0] Pipeline 'ingress': end
[18:44:16.195] [bmv2] [D] [thread 15969] [5.0] [cxt 0] Egress port is 0
[18:44:16.195] [bmv2] [D] [thread 15969] [6.0] [cxt 0] Processing packet received on port 2
[18:44:16.195] [bmv2] [D] [thread 15969] [6.0] [cxt 0] Parser 'parser': start
[18:44:16.195] [bmv2] [D] [thread 15969] [6.0] [cxt 0] Parser 'parser' entering state 'start'
[18:44:16.195] [bmv2] [D] [thread 15969] [6.0] [cxt 0] Extracting header 'ethernet'
[18:44:16.195] [bmv2] [D] [thread 15969] [6.0] [cxt 0] Parser state 'start': key is 86dd
[18:44:16.195] [bmv2] [T] [thread 15969] [6.0] [cxt 0] Bytes parsed: 14
[18:44:16.195] [bmv2] [D] [thread 15969] [6.0] [cxt 0] Parser 'parser': end
[18:44:16.195] [bmv2] [D] [thread 15969] [6.0] [cxt 0] Pipeline 'ingress': start
[18:44:16.195] [bmv2] [T] [thread 15969] [6.0] [cxt 0] basic.p4(121) Condition "hdr.ipv4.isValid()" (node_2) is false
[18:44:16.195] [bmv2] [D] [thread 15969] [6.0] [cxt 0] Pipeline 'ingress': end
[18:44:16.196] [bmv2] [D] [thread 15969] [6.0] [cxt 0] Egress port is 0
[18:44:16.196] [bmv2] [D] [thread 15969] [7.0] [cxt 0] Processing packet received on port 1
[18:44:16.196] [bmv2] [D] [thread 15969] [7.0] [cxt 0] Parser 'parser': start
[18:44:16.196] [bmv2] [D] [thread 15969] [7.0] [cxt 0] Parser 'parser' entering state 'start'
[18:44:16.196] [bmv2] [D] [thread 15969] [7.0] [cxt 0] Extracting header 'ethernet'
[18:44:16.196] [bmv2] [D] [thread 15969] [7.0] [cxt 0] Parser state 'start': key is 86dd
[18:44:16.196] [bmv2] [T] [thread 15969] [7.0] [cxt 0] Bytes parsed: 14
[18:44:16.196] [bmv2] [D] [thread 15969] [7.0] [cxt 0] Parser 'parser': end
[18:44:16.196] [bmv2] [D] [thread 15969] [7.0] [cxt 0] Pipeline 'ingress': start
[18:44:16.196] [bmv2] [T] [thread 15969] [7.0] [cxt 0] basic.p4(121) Condition "hdr.ipv4.isValid()" (node_2) is false
[18:44:16.196] [bmv2] [D] [thread 15969] [7.0] [cxt 0] Pipeline 'ingress': end
[18:44:16.196] [bmv2] [D] [thread 15969] [7.0] [cxt 0] Egress port is 0
[18:44:16.196] [bmv2] [D] [thread 15969] [8.0] [cxt 0] Processing packet received on port 2
[18:44:16.196] [bmv2] [D] [thread 15969] [8.0] [cxt 0] Parser 'parser': start
[18:44:16.196] [bmv2] [D] [thread 15969] [8.0] [cxt 0] Parser 'parser' entering state 'start'
[18:44:16.196] [bmv2] [D] [thread 15969] [8.0] [cxt 0] Extracting header 'ethernet'
[18:44:16.196] [bmv2] [D] [thread 15969] [8.0] [cxt 0] Parser state 'start': key is 86dd
[18:44:16.196] [bmv2] [T] [thread 15969] [8.0] [cxt 0] Bytes parsed: 14
[18:44:16.196] [bmv2] [D] [thread 15969] [8.0] [cxt 0] Parser 'parser': end
[18:44:16.196] [bmv2] [D] [thread 15969] [8.0] [cxt 0] Pipeline 'ingress': start
[18:44:16.196] [bmv2] [T] [thread 15969] [8.0] [cxt 0] basic.p4(121) Condition "hdr.ipv4.isValid()" (node_2) is false
[18:44:16.196] [bmv2] [D] [thread 15969] [8.0] [cxt 0] Pipeline 'ingress': end
[18:44:16.196] [bmv2] [D] [thread 15969] [8.0] [cxt 0] Egress port is 0
[18:44:16.196] [bmv2] [D] [thread 15970] [5.0] [cxt 0] Pipeline 'egress': start
[18:44:16.196] [bmv2] [D] [thread 15970] [5.0] [cxt 0] Pipeline 'egress': end
[18:44:16.196] [bmv2] [D] [thread 15970] [5.0] [cxt 0] Deparser 'deparser': start
[18:44:16.196] [bmv2] [T] [thread 15970] [5.0] [cxt 0] Skipping checksum 'cksum' update because condition not met
[18:44:16.196] [bmv2] [D] [thread 15970] [5.0] [cxt 0] Deparsing header 'ethernet'
[18:44:16.196] [bmv2] [D] [thread 15970] [5.0] [cxt 0] Deparser 'deparser': end
[18:44:16.196] [bmv2] [D] [thread 15970] [6.0] [cxt 0] Pipeline 'egress': start
[18:44:16.196] [bmv2] [D] [thread 15970] [6.0] [cxt 0] Pipeline 'egress': end
[18:44:16.196] [bmv2] [D] [thread 15970] [6.0] [cxt 0] Deparser 'deparser': start
[18:44:16.196] [bmv2] [T] [thread 15970] [6.0] [cxt 0] Skipping checksum 'cksum' update because condition not met
[18:44:16.196] [bmv2] [D] [thread 15970] [6.0] [cxt 0] Deparsing header 'ethernet'
[18:44:16.196] [bmv2] [D] [thread 15970] [6.0] [cxt 0] Deparser 'deparser': end
[18:44:16.196] [bmv2] [D] [thread 15970] [7.0] [cxt 0] Pipeline 'egress': start
[18:44:16.196] [bmv2] [D] [thread 15970] [7.0] [cxt 0] Pipeline 'egress': end
[18:44:16.196] [bmv2] [D] [thread 15970] [7.0] [cxt 0] Deparser 'deparser': start
[18:44:16.196] [bmv2] [T] [thread 15970] [7.0] [cxt 0] Skipping checksum 'cksum' update because condition not met
[18:44:16.196] [bmv2] [D] [thread 15970] [7.0] [cxt 0] Deparsing header 'ethernet'
[18:44:16.196] [bmv2] [D] [thread 15970] [7.0] [cxt 0] Deparser 'deparser': end
[18:44:16.196] [bmv2] [D] [thread 15970] [8.0] [cxt 0] Pipeline 'egress': start
[18:44:16.196] [bmv2] [D] [thread 15970] [8.0] [cxt 0] Pipeline 'egress': end
[18:44:16.196] [bmv2] [D] [thread 15970] [8.0] [cxt 0] Deparser 'deparser': start
[18:44:16.196] [bmv2] [T] [thread 15970] [8.0] [cxt 0] Skipping checksum 'cksum' update because condition not met
[18:44:16.196] [bmv2] [D] [thread 15970] [8.0] [cxt 0] Deparsing header 'ethernet'
[18:44:16.196] [bmv2] [D] [thread 15970] [8.0] [cxt 0] Deparser 'deparser': end
[18:44:16.196] [bmv2] [D] [thread 15974] [5.0] [cxt 0] Transmitting packet of size 90 out of port 0
[18:44:16.196] [bmv2] [D] [thread 15974] [6.0] [cxt 0] Transmitting packet of size 90 out of port 0
[18:44:16.196] [bmv2] [D] [thread 15974] [7.0] [cxt 0] Transmitting packet of size 70 out of port 0
[18:44:16.196] [bmv2] [D] [thread 15974] [8.0] [cxt 0] Transmitting packet of size 70 out of port 0
[18:44:16.203] [bmv2] [D] [thread 15969] [9.0] [cxt 0] Processing packet received on port 1
[18:44:16.203] [bmv2] [D] [thread 15969] [9.0] [cxt 0] Parser 'parser': start
[18:44:16.203] [bmv2] [D] [thread 15969] [9.0] [cxt 0] Parser 'parser' entering state 'start'
[18:44:16.203] [bmv2] [D] [thread 15969] [9.0] [cxt 0] Extracting header 'ethernet'
[18:44:16.203] [bmv2] [D] [thread 15969] [9.0] [cxt 0] Parser state 'start': key is 86dd
[18:44:16.203] [bmv2] [T] [thread 15969] [9.0] [cxt 0] Bytes parsed: 14
[18:44:16.203] [bmv2] [D] [thread 15969] [9.0] [cxt 0] Parser 'parser': end
[18:44:16.203] [bmv2] [D] [thread 15969] [9.0] [cxt 0] Pipeline 'ingress': start
[18:44:16.203] [bmv2] [T] [thread 15969] [9.0] [cxt 0] basic.p4(121) Condition "hdr.ipv4.isValid()" (node_2) is false
[18:44:16.203] [bmv2] [D] [thread 15969] [9.0] [cxt 0] Pipeline 'ingress': end
[18:44:16.203] [bmv2] [D] [thread 15969] [9.0] [cxt 0] Egress port is 0
[18:44:16.203] [bmv2] [D] [thread 15970] [9.0] [cxt 0] Pipeline 'egress': start
[18:44:16.203] [bmv2] [D] [thread 15970] [9.0] [cxt 0] Pipeline 'egress': end
[18:44:16.203] [bmv2] [D] [thread 15970] [9.0] [cxt 0] Deparser 'deparser': start
[18:44:16.203] [bmv2] [T] [thread 15970] [9.0] [cxt 0] Skipping checksum 'cksum' update because condition not met
[18:44:16.203] [bmv2] [D] [thread 15970] [9.0] [cxt 0] Deparsing header 'ethernet'
[18:44:16.203] [bmv2] [D] [thread 15970] [9.0] [cxt 0] Deparser 'deparser': end
[18:44:16.203] [bmv2] [D] [thread 15974] [9.0] [cxt 0] Transmitting packet of size 90 out of port 0
[18:44:16.203] [bmv2] [D] [thread 15969] [10.0] [cxt 0] Processing packet received on port 2
[18:44:16.203] [bmv2] [D] [thread 15969] [10.0] [cxt 0] Parser 'parser': start
[18:44:16.203] [bmv2] [D] [thread 15969] [10.0] [cxt 0] Parser 'parser' entering state 'start'
[18:44:16.203] [bmv2] [D] [thread 15969] [10.0] [cxt 0] Extracting header 'ethernet'
[18:44:16.203] [bmv2] [D] [thread 15969] [10.0] [cxt 0] Parser state 'start': key is 86dd
[18:44:16.203] [bmv2] [T] [thread 15969] [10.0] [cxt 0] Bytes parsed: 14
[18:44:16.203] [bmv2] [D] [thread 15969] [10.0] [cxt 0] Parser 'parser': end
[18:44:16.203] [bmv2] [D] [thread 15969] [10.0] [cxt 0] Pipeline 'ingress': start
[18:44:16.203] [bmv2] [T] [thread 15969] [10.0] [cxt 0] basic.p4(121) Condition "hdr.ipv4.isValid()" (node_2) is false
[18:44:16.203] [bmv2] [D] [thread 15969] [10.0] [cxt 0] Pipeline 'ingress': end
[18:44:16.203] [bmv2] [D] [thread 15969] [10.0] [cxt 0] Egress port is 0
[18:44:16.203] [bmv2] [D] [thread 15970] [10.0] [cxt 0] Pipeline 'egress': start
[18:44:16.203] [bmv2] [D] [thread 15970] [10.0] [cxt 0] Pipeline 'egress': end
[18:44:16.203] [bmv2] [D] [thread 15970] [10.0] [cxt 0] Deparser 'deparser': start
[18:44:16.203] [bmv2] [T] [thread 15970] [10.0] [cxt 0] Skipping checksum 'cksum' update because condition not met
[18:44:16.203] [bmv2] [D] [thread 15970] [10.0] [cxt 0] Deparsing header 'ethernet'
[18:44:16.203] [bmv2] [D] [thread 15970] [10.0] [cxt 0] Deparser 'deparser': end
[18:44:16.203] [bmv2] [D] [thread 15974] [10.0] [cxt 0] Transmitting packet of size 90 out of port 0
[18:44:16.280] [bmv2] [D] [thread 15969] [11.0] [cxt 0] Processing packet received on port 1
[18:44:16.280] [bmv2] [D] [thread 15969] [11.0] [cxt 0] Parser 'parser': start
[18:44:16.280] [bmv2] [D] [thread 15969] [11.0] [cxt 0] Parser 'parser' entering state 'start'
[18:44:16.280] [bmv2] [D] [thread 15969] [11.0] [cxt 0] Extracting header 'ethernet'
[18:44:16.280] [bmv2] [D] [thread 15969] [11.0] [cxt 0] Parser state 'start': key is 86dd
[18:44:16.280] [bmv2] [T] [thread 15969] [11.0] [cxt 0] Bytes parsed: 14
[18:44:16.280] [bmv2] [D] [thread 15969] [11.0] [cxt 0] Parser 'parser': end
[18:44:16.280] [bmv2] [D] [thread 15969] [11.0] [cxt 0] Pipeline 'ingress': start
[18:44:16.280] [bmv2] [T] [thread 15969] [11.0] [cxt 0] basic.p4(121) Condition "hdr.ipv4.isValid()" (node_2) is false
[18:44:16.280] [bmv2] [D] [thread 15969] [11.0] [cxt 0] Pipeline 'ingress': end
[18:44:16.280] [bmv2] [D] [thread 15969] [11.0] [cxt 0] Egress port is 0
[18:44:16.280] [bmv2] [D] [thread 15969] [12.0] [cxt 0] Processing packet received on port 2
[18:44:16.280] [bmv2] [D] [thread 15969] [12.0] [cxt 0] Parser 'parser': start
[18:44:16.280] [bmv2] [D] [thread 15969] [12.0] [cxt 0] Parser 'parser' entering state 'start'
[18:44:16.280] [bmv2] [D] [thread 15969] [12.0] [cxt 0] Extracting header 'ethernet'
[18:44:16.280] [bmv2] [D] [thread 15969] [12.0] [cxt 0] Parser state 'start': key is 86dd
[18:44:16.280] [bmv2] [D] [thread 15970] [11.0] [cxt 0] Pipeline 'egress': start
[18:44:16.280] [bmv2] [D] [thread 15970] [11.0] [cxt 0] Pipeline 'egress': end
[18:44:16.280] [bmv2] [D] [thread 15970] [11.0] [cxt 0] Deparser 'deparser': start
[18:44:16.280] [bmv2] [T] [thread 15969] [12.0] [cxt 0] Bytes parsed: 14
[18:44:16.280] [bmv2] [T] [thread 15970] [11.0] [cxt 0] Skipping checksum 'cksum' update because condition not met
[18:44:16.280] [bmv2] [D] [thread 15969] [12.0] [cxt 0] Parser 'parser': end
[18:44:16.280] [bmv2] [D] [thread 15970] [11.0] [cxt 0] Deparsing header 'ethernet'
[18:44:16.280] [bmv2] [D] [thread 15969] [12.0] [cxt 0] Pipeline 'ingress': start
[18:44:16.280] [bmv2] [D] [thread 15970] [11.0] [cxt 0] Deparser 'deparser': end
[18:44:16.280] [bmv2] [T] [thread 15969] [12.0] [cxt 0] basic.p4(121) Condition "hdr.ipv4.isValid()" (node_2) is false
[18:44:16.280] [bmv2] [D] [thread 15969] [12.0] [cxt 0] Pipeline 'ingress': end
[18:44:16.280] [bmv2] [D] [thread 15974] [11.0] [cxt 0] Transmitting packet of size 212 out of port 0
[18:44:16.280] [bmv2] [D] [thread 15969] [12.0] [cxt 0] Egress port is 0
[18:44:16.280] [bmv2] [D] [thread 15970] [12.0] [cxt 0] Pipeline 'egress': start
[18:44:16.280] [bmv2] [D] [thread 15970] [12.0] [cxt 0] Pipeline 'egress': end
[18:44:16.280] [bmv2] [D] [thread 15970] [12.0] [cxt 0] Deparser 'deparser': start
[18:44:16.280] [bmv2] [T] [thread 15970] [12.0] [cxt 0] Skipping checksum 'cksum' update because condition not met
[18:44:16.280] [bmv2] [D] [thread 15970] [12.0] [cxt 0] Deparsing header 'ethernet'
[18:44:16.280] [bmv2] [D] [thread 15970] [12.0] [cxt 0] Deparser 'deparser': end
[18:44:16.280] [bmv2] [D] [thread 15974] [12.0] [cxt 0] Transmitting packet of size 212 out of port 0
[18:44:16.293] [bmv2] [D] [thread 15969] [13.0] [cxt 0] Processing packet received on port 1
[18:44:16.293] [bmv2] [D] [thread 15969] [13.0] [cxt 0] Parser 'parser': start
[18:44:16.293] [bmv2] [D] [thread 15969] [13.0] [cxt 0] Parser 'parser' entering state 'start'
[18:44:16.293] [bmv2] [D] [thread 15969] [13.0] [cxt 0] Extracting header 'ethernet'
[18:44:16.293] [bmv2] [D] [thread 15969] [13.0] [cxt 0] Parser state 'start': key is 86dd
[18:44:16.293] [bmv2] [T] [thread 15969] [13.0] [cxt 0] Bytes parsed: 14
[18:44:16.293] [bmv2] [D] [thread 15969] [13.0] [cxt 0] Parser 'parser': end
[18:44:16.294] [bmv2] [D] [thread 15969] [13.0] [cxt 0] Pipeline 'ingress': start
[18:44:16.294] [bmv2] [T] [thread 15969] [13.0] [cxt 0] basic.p4(121) Condition "hdr.ipv4.isValid()" (node_2) is false
[18:44:16.294] [bmv2] [D] [thread 15969] [13.0] [cxt 0] Pipeline 'ingress': end
[18:44:16.294] [bmv2] [D] [thread 15969] [13.0] [cxt 0] Egress port is 0
[18:44:16.294] [bmv2] [D] [thread 15969] [14.0] [cxt 0] Processing packet received on port 2
[18:44:16.294] [bmv2] [D] [thread 15969] [14.0] [cxt 0] Parser 'parser': start
[18:44:16.294] [bmv2] [D] [thread 15969] [14.0] [cxt 0] Parser 'parser' entering state 'start'
[18:44:16.294] [bmv2] [D] [thread 15969] [14.0] [cxt 0] Extracting header 'ethernet'
[18:44:16.294] [bmv2] [D] [thread 15969] [14.0] [cxt 0] Parser state 'start': key is 86dd
[18:44:16.294] [bmv2] [T] [thread 15969] [14.0] [cxt 0] Bytes parsed: 14
[18:44:16.294] [bmv2] [D] [thread 15969] [14.0] [cxt 0] Parser 'parser': end
[18:44:16.294] [bmv2] [D] [thread 15969] [14.0] [cxt 0] Pipeline 'ingress': start
[18:44:16.294] [bmv2] [T] [thread 15969] [14.0] [cxt 0] basic.p4(121) Condition "hdr.ipv4.isValid()" (node_2) is false
[18:44:16.294] [bmv2] [D] [thread 15969] [14.0] [cxt 0] Pipeline 'ingress': end
[18:44:16.294] [bmv2] [D] [thread 15969] [14.0] [cxt 0] Egress port is 0
[18:44:16.294] [bmv2] [D] [thread 15970] [13.0] [cxt 0] Pipeline 'egress': start
[18:44:16.294] [bmv2] [D] [thread 15970] [13.0] [cxt 0] Pipeline 'egress': end
[18:44:16.294] [bmv2] [D] [thread 15970] [13.0] [cxt 0] Deparser 'deparser': start
[18:44:16.294] [bmv2] [T] [thread 15970] [13.0] [cxt 0] Skipping checksum 'cksum' update because condition not met
[18:44:16.294] [bmv2] [D] [thread 15970] [13.0] [cxt 0] Deparsing header 'ethernet'
[18:44:16.294] [bmv2] [D] [thread 15970] [13.0] [cxt 0] Deparser 'deparser': end
[18:44:16.294] [bmv2] [D] [thread 15970] [14.0] [cxt 0] Pipeline 'egress': start
[18:44:16.294] [bmv2] [D] [thread 15970] [14.0] [cxt 0] Pipeline 'egress': end
[18:44:16.294] [bmv2] [D] [thread 15970] [14.0] [cxt 0] Deparser 'deparser': start
[18:44:16.294] [bmv2] [T] [thread 15970] [14.0] [cxt 0] Skipping checksum 'cksum' update because condition not met
[18:44:16.294] [bmv2] [D] [thread 15970] [14.0] [cxt 0] Deparsing header 'ethernet'
[18:44:16.294] [bmv2] [D] [thread 15970] [14.0] [cxt 0] Deparser 'deparser': end
[18:44:16.294] [bmv2] [D] [thread 15974] [13.0] [cxt 0] Transmitting packet of size 203 out of port 0
[18:44:16.294] [bmv2] [D] [thread 15974] [14.0] [cxt 0] Transmitting packet of size 203 out of port 0
[18:44:16.305] [bmv2] [D] [thread 15969] [15.0] [cxt 0] Processing packet received on port 1
[18:44:16.305] [bmv2] [D] [thread 15969] [15.0] [cxt 0] Parser 'parser': start
[18:44:16.305] [bmv2] [D] [thread 15969] [15.0] [cxt 0] Parser 'parser' entering state 'start'
[18:44:16.305] [bmv2] [D] [thread 15969] [15.0] [cxt 0] Extracting header 'ethernet'
[18:44:16.305] [bmv2] [D] [thread 15969] [15.0] [cxt 0] Parser state 'start': key is 86dd
[18:44:16.305] [bmv2] [T] [thread 15969] [15.0] [cxt 0] Bytes parsed: 14
[18:44:16.305] [bmv2] [D] [thread 15969] [15.0] [cxt 0] Parser 'parser': end
[18:44:16.305] [bmv2] [D] [thread 15969] [15.0] [cxt 0] Pipeline 'ingress': start
[18:44:16.305] [bmv2] [T] [thread 15969] [15.0] [cxt 0] basic.p4(121) Condition "hdr.ipv4.isValid()" (node_2) is false
[18:44:16.305] [bmv2] [D] [thread 15969] [15.0] [cxt 0] Pipeline 'ingress': end
[18:44:16.305] [bmv2] [D] [thread 15969] [15.0] [cxt 0] Egress port is 0
[18:44:16.305] [bmv2] [D] [thread 15970] [15.0] [cxt 0] Pipeline 'egress': start
[18:44:16.305] [bmv2] [D] [thread 15970] [15.0] [cxt 0] Pipeline 'egress': end
[18:44:16.305] [bmv2] [D] [thread 15970] [15.0] [cxt 0] Deparser 'deparser': start
[18:44:16.305] [bmv2] [T] [thread 15970] [15.0] [cxt 0] Skipping checksum 'cksum' update because condition not met
[18:44:16.305] [bmv2] [D] [thread 15970] [15.0] [cxt 0] Deparsing header 'ethernet'
[18:44:16.305] [bmv2] [D] [thread 15970] [15.0] [cxt 0] Deparser 'deparser': end
[18:44:16.305] [bmv2] [D] [thread 15974] [15.0] [cxt 0] Transmitting packet of size 212 out of port 0
[18:44:16.411] [bmv2] [D] [thread 15969] [16.0] [cxt 0] Processing packet received on port 1
[18:44:16.411] [bmv2] [D] [thread 15969] [16.0] [cxt 0] Parser 'parser': start
[18:44:16.411] [bmv2] [D] [thread 15969] [16.0] [cxt 0] Parser 'parser' entering state 'start'
[18:44:16.411] [bmv2] [D] [thread 15969] [16.0] [cxt 0] Extracting header 'ethernet'
[18:44:16.411] [bmv2] [D] [thread 15969] [16.0] [cxt 0] Parser state 'start': key is 86dd
[18:44:16.411] [bmv2] [T] [thread 15969] [16.0] [cxt 0] Bytes parsed: 14
[18:44:16.411] [bmv2] [D] [thread 15969] [16.0] [cxt 0] Parser 'parser': end
[18:44:16.411] [bmv2] [D] [thread 15969] [16.0] [cxt 0] Pipeline 'ingress': start
[18:44:16.411] [bmv2] [T] [thread 15969] [16.0] [cxt 0] basic.p4(121) Condition "hdr.ipv4.isValid()" (node_2) is false
[18:44:16.411] [bmv2] [D] [thread 15969] [16.0] [cxt 0] Pipeline 'ingress': end
[18:44:16.411] [bmv2] [D] [thread 15969] [16.0] [cxt 0] Egress port is 0
[18:44:16.411] [bmv2] [D] [thread 15970] [16.0] [cxt 0] Pipeline 'egress': start
[18:44:16.411] [bmv2] [D] [thread 15970] [16.0] [cxt 0] Pipeline 'egress': end
[18:44:16.411] [bmv2] [D] [thread 15970] [16.0] [cxt 0] Deparser 'deparser': start
[18:44:16.411] [bmv2] [T] [thread 15970] [16.0] [cxt 0] Skipping checksum 'cksum' update because condition not met
[18:44:16.411] [bmv2] [D] [thread 15970] [16.0] [cxt 0] Deparsing header 'ethernet'
[18:44:16.411] [bmv2] [D] [thread 15970] [16.0] [cxt 0] Deparser 'deparser': end
[18:44:16.411] [bmv2] [D] [thread 15974] [16.0] [cxt 0] Transmitting packet of size 90 out of port 0
[18:44:16.511] [bmv2] [D] [thread 15969] [17.0] [cxt 0] Processing packet received on port 1
[18:44:16.511] [bmv2] [D] [thread 15969] [17.0] [cxt 0] Parser 'parser': start
[18:44:16.511] [bmv2] [D] [thread 15969] [17.0] [cxt 0] Parser 'parser' entering state 'start'
[18:44:16.511] [bmv2] [D] [thread 15969] [17.0] [cxt 0] Extracting header 'ethernet'
[18:44:16.511] [bmv2] [D] [thread 15969] [17.0] [cxt 0] Parser state 'start': key is 86dd
[18:44:16.511] [bmv2] [T] [thread 15969] [17.0] [cxt 0] Bytes parsed: 14
[18:44:16.511] [bmv2] [D] [thread 15969] [17.0] [cxt 0] Parser 'parser': end
[18:44:16.511] [bmv2] [D] [thread 15969] [17.0] [cxt 0] Pipeline 'ingress': start
[18:44:16.511] [bmv2] [T] [thread 15969] [17.0] [cxt 0] basic.p4(121) Condition "hdr.ipv4.isValid()" (node_2) is false
[18:44:16.511] [bmv2] [D] [thread 15969] [17.0] [cxt 0] Pipeline 'ingress': end
[18:44:16.511] [bmv2] [D] [thread 15969] [17.0] [cxt 0] Egress port is 0
[18:44:16.511] [bmv2] [D] [thread 15970] [17.0] [cxt 0] Pipeline 'egress': start
[18:44:16.511] [bmv2] [D] [thread 15970] [17.0] [cxt 0] Pipeline 'egress': end
[18:44:16.511] [bmv2] [D] [thread 15970] [17.0] [cxt 0] Deparser 'deparser': start
[18:44:16.511] [bmv2] [T] [thread 15970] [17.0] [cxt 0] Skipping checksum 'cksum' update because condition not met
[18:44:16.511] [bmv2] [D] [thread 15970] [17.0] [cxt 0] Deparsing header 'ethernet'
[18:44:16.511] [bmv2] [D] [thread 15970] [17.0] [cxt 0] Deparser 'deparser': end
[18:44:16.511] [bmv2] [D] [thread 15974] [17.0] [cxt 0] Transmitting packet of size 90 out of port 0
[18:44:16.529] [bmv2] [D] [thread 15969] [18.0] [cxt 0] Processing packet received on port 1
[18:44:16.529] [bmv2] [D] [thread 15969] [18.0] [cxt 0] Parser 'parser': start
[18:44:16.529] [bmv2] [D] [thread 15969] [18.0] [cxt 0] Parser 'parser' entering state 'start'
[18:44:16.529] [bmv2] [D] [thread 15969] [18.0] [cxt 0] Extracting header 'ethernet'
[18:44:16.529] [bmv2] [D] [thread 15969] [18.0] [cxt 0] Parser state 'start': key is 86dd
[18:44:16.529] [bmv2] [T] [thread 15969] [18.0] [cxt 0] Bytes parsed: 14
[18:44:16.529] [bmv2] [D] [thread 15969] [18.0] [cxt 0] Parser 'parser': end
[18:44:16.529] [bmv2] [D] [thread 15969] [18.0] [cxt 0] Pipeline 'ingress': start
[18:44:16.529] [bmv2] [T] [thread 15969] [18.0] [cxt 0] basic.p4(121) Condition "hdr.ipv4.isValid()" (node_2) is false
[18:44:16.529] [bmv2] [D] [thread 15969] [18.0] [cxt 0] Pipeline 'ingress': end
[18:44:16.529] [bmv2] [D] [thread 15969] [18.0] [cxt 0] Egress port is 0
[18:44:16.529] [bmv2] [D] [thread 15969] [19.0] [cxt 0] Processing packet received on port 2
[18:44:16.529] [bmv2] [D] [thread 15969] [19.0] [cxt 0] Parser 'parser': start
[18:44:16.529] [bmv2] [D] [thread 15969] [19.0] [cxt 0] Parser 'parser' entering state 'start'
[18:44:16.529] [bmv2] [D] [thread 15969] [19.0] [cxt 0] Extracting header 'ethernet'
[18:44:16.529] [bmv2] [D] [thread 15969] [19.0] [cxt 0] Parser state 'start': key is 86dd
[18:44:16.529] [bmv2] [T] [thread 15969] [19.0] [cxt 0] Bytes parsed: 14
[18:44:16.529] [bmv2] [D] [thread 15969] [19.0] [cxt 0] Parser 'parser': end
[18:44:16.529] [bmv2] [D] [thread 15969] [19.0] [cxt 0] Pipeline 'ingress': start
[18:44:16.529] [bmv2] [T] [thread 15969] [19.0] [cxt 0] basic.p4(121) Condition "hdr.ipv4.isValid()" (node_2) is false
[18:44:16.529] [bmv2] [D] [thread 15969] [19.0] [cxt 0] Pipeline 'ingress': end
[18:44:16.529] [bmv2] [D] [thread 15969] [19.0] [cxt 0] Egress port is 0
[18:44:16.529] [bmv2] [D] [thread 15970] [18.0] [cxt 0] Pipeline 'egress': start
[18:44:16.529] [bmv2] [D] [thread 15970] [18.0] [cxt 0] Pipeline 'egress': end
[18:44:16.529] [bmv2] [D] [thread 15970] [18.0] [cxt 0] Deparser 'deparser': start
[18:44:16.529] [bmv2] [T] [thread 15970] [18.0] [cxt 0] Skipping checksum 'cksum' update because condition not met
[18:44:16.529] [bmv2] [D] [thread 15970] [18.0] [cxt 0] Deparsing header 'ethernet'
[18:44:16.529] [bmv2] [D] [thread 15970] [18.0] [cxt 0] Deparser 'deparser': end
[18:44:16.529] [bmv2] [D] [thread 15970] [19.0] [cxt 0] Pipeline 'egress': start
[18:44:16.529] [bmv2] [D] [thread 15970] [19.0] [cxt 0] Pipeline 'egress': end
[18:44:16.529] [bmv2] [D] [thread 15970] [19.0] [cxt 0] Deparser 'deparser': start
[18:44:16.529] [bmv2] [T] [thread 15970] [19.0] [cxt 0] Skipping checksum 'cksum' update because condition not met
[18:44:16.529] [bmv2] [D] [thread 15970] [19.0] [cxt 0] Deparsing header 'ethernet'
[18:44:16.529] [bmv2] [D] [thread 15970] [19.0] [cxt 0] Deparser 'deparser': end
[18:44:16.529] [bmv2] [D] [thread 15974] [18.0] [cxt 0] Transmitting packet of size 212 out of port 0
[18:44:16.529] [bmv2] [D] [thread 15974] [19.0] [cxt 0] Transmitting packet of size 212 out of port 0
[18:44:16.555] [bmv2] [D] [thread 15969] [20.0] [cxt 0] Processing packet received on port 1
[18:44:16.555] [bmv2] [D] [thread 15969] [20.0] [cxt 0] Parser 'parser': start
[18:44:16.555] [bmv2] [D] [thread 15969] [20.0] [cxt 0] Parser 'parser' entering state 'start'
[18:44:16.555] [bmv2] [D] [thread 15969] [20.0] [cxt 0] Extracting header 'ethernet'
[18:44:16.555] [bmv2] [D] [thread 15969] [20.0] [cxt 0] Parser state 'start': key is 86dd
[18:44:16.555] [bmv2] [T] [thread 15969] [20.0] [cxt 0] Bytes parsed: 14
[18:44:16.555] [bmv2] [D] [thread 15969] [20.0] [cxt 0] Parser 'parser': end
[18:44:16.555] [bmv2] [D] [thread 15969] [20.0] [cxt 0] Pipeline 'ingress': start
[18:44:16.555] [bmv2] [T] [thread 15969] [20.0] [cxt 0] basic.p4(121) Condition "hdr.ipv4.isValid()" (node_2) is false
[18:44:16.555] [bmv2] [D] [thread 15969] [20.0] [cxt 0] Pipeline 'ingress': end
[18:44:16.555] [bmv2] [D] [thread 15969] [20.0] [cxt 0] Egress port is 0
[18:44:16.556] [bmv2] [D] [thread 15970] [20.0] [cxt 0] Pipeline 'egress': start
[18:44:16.556] [bmv2] [D] [thread 15970] [20.0] [cxt 0] Pipeline 'egress': end
[18:44:16.556] [bmv2] [D] [thread 15970] [20.0] [cxt 0] Deparser 'deparser': start
[18:44:16.556] [bmv2] [T] [thread 15970] [20.0] [cxt 0] Skipping checksum 'cksum' update because condition not met
[18:44:16.556] [bmv2] [D] [thread 15970] [20.0] [cxt 0] Deparsing header 'ethernet'
[18:44:16.556] [bmv2] [D] [thread 15970] [20.0] [cxt 0] Deparser 'deparser': end
[18:44:16.556] [bmv2] [D] [thread 15974] [20.0] [cxt 0] Transmitting packet of size 212 out of port 0
[18:44:16.755] [bmv2] [D] [thread 15969] [21.0] [cxt 0] Processing packet received on port 1
[18:44:16.755] [bmv2] [D] [thread 15969] [21.0] [cxt 0] Parser 'parser': start
[18:44:16.755] [bmv2] [D] [thread 15969] [21.0] [cxt 0] Parser 'parser' entering state 'start'
[18:44:16.755] [bmv2] [D] [thread 15969] [21.0] [cxt 0] Extracting header 'ethernet'
[18:44:16.755] [bmv2] [D] [thread 15969] [21.0] [cxt 0] Parser state 'start': key is 86dd
[18:44:16.755] [bmv2] [T] [thread 15969] [21.0] [cxt 0] Bytes parsed: 14
[18:44:16.755] [bmv2] [D] [thread 15969] [21.0] [cxt 0] Parser 'parser': end
[18:44:16.755] [bmv2] [D] [thread 15969] [21.0] [cxt 0] Pipeline 'ingress': start
[18:44:16.755] [bmv2] [T] [thread 15969] [21.0] [cxt 0] basic.p4(121) Condition "hdr.ipv4.isValid()" (node_2) is false
[18:44:16.755] [bmv2] [D] [thread 15969] [21.0] [cxt 0] Pipeline 'ingress': end
[18:44:16.755] [bmv2] [D] [thread 15969] [21.0] [cxt 0] Egress port is 0
[18:44:16.755] [bmv2] [D] [thread 15970] [21.0] [cxt 0] Pipeline 'egress': start
[18:44:16.755] [bmv2] [D] [thread 15970] [21.0] [cxt 0] Pipeline 'egress': end
[18:44:16.755] [bmv2] [D] [thread 15970] [21.0] [cxt 0] Deparser 'deparser': start
[18:44:16.755] [bmv2] [T] [thread 15970] [21.0] [cxt 0] Skipping checksum 'cksum' update because condition not met
[18:44:16.755] [bmv2] [D] [thread 15970] [21.0] [cxt 0] Deparsing header 'ethernet'
[18:44:16.755] [bmv2] [D] [thread 15970] [21.0] [cxt 0] Deparser 'deparser': end
[18:44:16.755] [bmv2] [D] [thread 15974] [21.0] [cxt 0] Transmitting packet of size 200 out of port 0
[18:44:16.780] [bmv2] [D] [thread 15969] [22.0] [cxt 0] Processing packet received on port 2
[18:44:16.780] [bmv2] [D] [thread 15969] [22.0] [cxt 0] Parser 'parser': start
[18:44:16.780] [bmv2] [D] [thread 15969] [22.0] [cxt 0] Parser 'parser' entering state 'start'
[18:44:16.780] [bmv2] [D] [thread 15969] [22.0] [cxt 0] Extracting header 'ethernet'
[18:44:16.780] [bmv2] [D] [thread 15969] [22.0] [cxt 0] Parser state 'start': key is 86dd
[18:44:16.780] [bmv2] [T] [thread 15969] [22.0] [cxt 0] Bytes parsed: 14
[18:44:16.780] [bmv2] [D] [thread 15969] [22.0] [cxt 0] Parser 'parser': end
[18:44:16.781] [bmv2] [D] [thread 15969] [22.0] [cxt 0] Pipeline 'ingress': start
[18:44:16.781] [bmv2] [T] [thread 15969] [22.0] [cxt 0] basic.p4(121) Condition "hdr.ipv4.isValid()" (node_2) is false
[18:44:16.781] [bmv2] [D] [thread 15969] [22.0] [cxt 0] Pipeline 'ingress': end
[18:44:16.781] [bmv2] [D] [thread 15969] [22.0] [cxt 0] Egress port is 0
[18:44:16.781] [bmv2] [D] [thread 15969] [23.0] [cxt 0] Processing packet received on port 1
[18:44:16.781] [bmv2] [D] [thread 15969] [23.0] [cxt 0] Parser 'parser': start
[18:44:16.781] [bmv2] [D] [thread 15969] [23.0] [cxt 0] Parser 'parser' entering state 'start'
[18:44:16.781] [bmv2] [D] [thread 15969] [23.0] [cxt 0] Extracting header 'ethernet'
[18:44:16.781] [bmv2] [D] [thread 15969] [23.0] [cxt 0] Parser state 'start': key is 86dd
[18:44:16.781] [bmv2] [T] [thread 15969] [23.0] [cxt 0] Bytes parsed: 14
[18:44:16.781] [bmv2] [D] [thread 15969] [23.0] [cxt 0] Parser 'parser': end
[18:44:16.781] [bmv2] [D] [thread 15969] [23.0] [cxt 0] Pipeline 'ingress': start
[18:44:16.781] [bmv2] [T] [thread 15969] [23.0] [cxt 0] basic.p4(121) Condition "hdr.ipv4.isValid()" (node_2) is false
[18:44:16.781] [bmv2] [D] [thread 15969] [23.0] [cxt 0] Pipeline 'ingress': end
[18:44:16.781] [bmv2] [D] [thread 15969] [23.0] [cxt 0] Egress port is 0
[18:44:16.781] [bmv2] [D] [thread 15970] [22.0] [cxt 0] Pipeline 'egress': start
[18:44:16.781] [bmv2] [D] [thread 15970] [22.0] [cxt 0] Pipeline 'egress': end
[18:44:16.781] [bmv2] [D] [thread 15970] [22.0] [cxt 0] Deparser 'deparser': start
[18:44:16.781] [bmv2] [T] [thread 15970] [22.0] [cxt 0] Skipping checksum 'cksum' update because condition not met
[18:44:16.781] [bmv2] [D] [thread 15970] [22.0] [cxt 0] Deparsing header 'ethernet'
[18:44:16.781] [bmv2] [D] [thread 15970] [22.0] [cxt 0] Deparser 'deparser': end
[18:44:16.781] [bmv2] [D] [thread 15970] [23.0] [cxt 0] Pipeline 'egress': start
[18:44:16.781] [bmv2] [D] [thread 15970] [23.0] [cxt 0] Pipeline 'egress': end
[18:44:16.781] [bmv2] [D] [thread 15970] [23.0] [cxt 0] Deparser 'deparser': start
[18:44:16.781] [bmv2] [T] [thread 15970] [23.0] [cxt 0] Skipping checksum 'cksum' update because condition not met
[18:44:16.781] [bmv2] [D] [thread 15970] [23.0] [cxt 0] Deparsing header 'ethernet'
[18:44:16.781] [bmv2] [D] [thread 15970] [23.0] [cxt 0] Deparser 'deparser': end
[18:44:16.781] [bmv2] [D] [thread 15974] [22.0] [cxt 0] Transmitting packet of size 212 out of port 0
[18:44:16.781] [bmv2] [D] [thread 15974] [23.0] [cxt 0] Transmitting packet of size 212 out of port 0
[18:44:16.799] [bmv2] [D] [thread 15969] [24.0] [cxt 0] Processing packet received on port 1
[18:44:16.799] [bmv2] [D] [thread 15969] [24.0] [cxt 0] Parser 'parser': start
[18:44:16.799] [bmv2] [D] [thread 15969] [24.0] [cxt 0] Parser 'parser' entering state 'start'
[18:44:16.799] [bmv2] [D] [thread 15969] [24.0] [cxt 0] Extracting header 'ethernet'
[18:44:16.799] [bmv2] [D] [thread 15969] [24.0] [cxt 0] Parser state 'start': key is 86dd
[18:44:16.799] [bmv2] [T] [thread 15969] [24.0] [cxt 0] Bytes parsed: 14
[18:44:16.799] [bmv2] [D] [thread 15969] [24.0] [cxt 0] Parser 'parser': end
[18:44:16.799] [bmv2] [D] [thread 15969] [24.0] [cxt 0] Pipeline 'ingress': start
[18:44:16.799] [bmv2] [T] [thread 15969] [24.0] [cxt 0] basic.p4(121) Condition "hdr.ipv4.isValid()" (node_2) is false
[18:44:16.799] [bmv2] [D] [thread 15969] [24.0] [cxt 0] Pipeline 'ingress': end
[18:44:16.799] [bmv2] [D] [thread 15969] [24.0] [cxt 0] Egress port is 0
[18:44:16.799] [bmv2] [D] [thread 15970] [24.0] [cxt 0] Pipeline 'egress': start
[18:44:16.799] [bmv2] [D] [thread 15970] [24.0] [cxt 0] Pipeline 'egress': end
[18:44:16.799] [bmv2] [D] [thread 15970] [24.0] [cxt 0] Deparser 'deparser': start
[18:44:16.799] [bmv2] [T] [thread 15970] [24.0] [cxt 0] Skipping checksum 'cksum' update because condition not met
[18:44:16.799] [bmv2] [D] [thread 15970] [24.0] [cxt 0] Deparsing header 'ethernet'
[18:44:16.799] [bmv2] [D] [thread 15970] [24.0] [cxt 0] Deparser 'deparser': end
[18:44:16.799] [bmv2] [D] [thread 15974] [24.0] [cxt 0] Transmitting packet of size 110 out of port 0
[18:44:16.927] [bmv2] [D] [thread 15969] [25.0] [cxt 0] Processing packet received on port 2
[18:44:16.927] [bmv2] [D] [thread 15969] [25.0] [cxt 0] Parser 'parser': start
[18:44:16.927] [bmv2] [D] [thread 15969] [25.0] [cxt 0] Parser 'parser' entering state 'start'
[18:44:16.927] [bmv2] [D] [thread 15969] [25.0] [cxt 0] Extracting header 'ethernet'
[18:44:16.927] [bmv2] [D] [thread 15969] [25.0] [cxt 0] Parser state 'start': key is 86dd
[18:44:16.927] [bmv2] [T] [thread 15969] [25.0] [cxt 0] Bytes parsed: 14
[18:44:16.927] [bmv2] [D] [thread 15969] [25.0] [cxt 0] Parser 'parser': end
[18:44:16.927] [bmv2] [D] [thread 15969] [25.0] [cxt 0] Pipeline 'ingress': start
[18:44:16.927] [bmv2] [T] [thread 15969] [25.0] [cxt 0] basic.p4(121) Condition "hdr.ipv4.isValid()" (node_2) is false
[18:44:16.927] [bmv2] [D] [thread 15969] [25.0] [cxt 0] Pipeline 'ingress': end
[18:44:16.927] [bmv2] [D] [thread 15969] [25.0] [cxt 0] Egress port is 0
[18:44:16.927] [bmv2] [D] [thread 15970] [25.0] [cxt 0] Pipeline 'egress': start
[18:44:16.927] [bmv2] [D] [thread 15970] [25.0] [cxt 0] Pipeline 'egress': end
[18:44:16.927] [bmv2] [D] [thread 15970] [25.0] [cxt 0] Deparser 'deparser': start
[18:44:16.927] [bmv2] [T] [thread 15970] [25.0] [cxt 0] Skipping checksum 'cksum' update because condition not met
[18:44:16.927] [bmv2] [D] [thread 15970] [25.0] [cxt 0] Deparsing header 'ethernet'
[18:44:16.927] [bmv2] [D] [thread 15970] [25.0] [cxt 0] Deparser 'deparser': end
[18:44:16.927] [bmv2] [D] [thread 15974] [25.0] [cxt 0] Transmitting packet of size 90 out of port 0
[18:44:16.959] [bmv2] [D] [thread 15969] [26.0] [cxt 0] Processing packet received on port 2
[18:44:16.959] [bmv2] [D] [thread 15969] [26.0] [cxt 0] Parser 'parser': start
[18:44:16.959] [bmv2] [D] [thread 15969] [26.0] [cxt 0] Parser 'parser' entering state 'start'
[18:44:16.959] [bmv2] [D] [thread 15969] [26.0] [cxt 0] Extracting header 'ethernet'
[18:44:16.959] [bmv2] [D] [thread 15969] [26.0] [cxt 0] Parser state 'start': key is 86dd
[18:44:16.959] [bmv2] [T] [thread 15969] [26.0] [cxt 0] Bytes parsed: 14
[18:44:16.959] [bmv2] [D] [thread 15969] [26.0] [cxt 0] Parser 'parser': end
[18:44:16.959] [bmv2] [D] [thread 15969] [26.0] [cxt 0] Pipeline 'ingress': start
[18:44:16.959] [bmv2] [T] [thread 15969] [26.0] [cxt 0] basic.p4(121) Condition "hdr.ipv4.isValid()" (node_2) is false
[18:44:16.959] [bmv2] [D] [thread 15969] [26.0] [cxt 0] Pipeline 'ingress': end
[18:44:16.959] [bmv2] [D] [thread 15969] [26.0] [cxt 0] Egress port is 0
[18:44:16.959] [bmv2] [D] [thread 15970] [26.0] [cxt 0] Pipeline 'egress': start
[18:44:16.959] [bmv2] [D] [thread 15970] [26.0] [cxt 0] Pipeline 'egress': end
[18:44:16.959] [bmv2] [D] [thread 15970] [26.0] [cxt 0] Deparser 'deparser': start
[18:44:16.959] [bmv2] [T] [thread 15970] [26.0] [cxt 0] Skipping checksum 'cksum' update because condition not met
[18:44:16.959] [bmv2] [D] [thread 15970] [26.0] [cxt 0] Deparsing header 'ethernet'
[18:44:16.959] [bmv2] [D] [thread 15970] [26.0] [cxt 0] Deparser 'deparser': end
[18:44:16.959] [bmv2] [D] [thread 15974] [26.0] [cxt 0] Transmitting packet of size 110 out of port 0
[18:44:16.981] [bmv2] [D] [thread 15969] [27.0] [cxt 0] Processing packet received on port 2
[18:44:16.981] [bmv2] [D] [thread 15969] [27.0] [cxt 0] Parser 'parser': start
[18:44:16.981] [bmv2] [D] [thread 15969] [27.0] [cxt 0] Parser 'parser' entering state 'start'
[18:44:16.981] [bmv2] [D] [thread 15969] [27.0] [cxt 0] Extracting header 'ethernet'
[18:44:16.981] [bmv2] [D] [thread 15969] [27.0] [cxt 0] Parser state 'start': key is 86dd
[18:44:16.981] [bmv2] [T] [thread 15969] [27.0] [cxt 0] Bytes parsed: 14
[18:44:16.981] [bmv2] [D] [thread 15969] [27.0] [cxt 0] Parser 'parser': end
[18:44:16.981] [bmv2] [D] [thread 15969] [27.0] [cxt 0] Pipeline 'ingress': start
[18:44:16.981] [bmv2] [T] [thread 15969] [27.0] [cxt 0] basic.p4(121) Condition "hdr.ipv4.isValid()" (node_2) is false
[18:44:16.981] [bmv2] [D] [thread 15969] [27.0] [cxt 0] Pipeline 'ingress': end
[18:44:16.981] [bmv2] [D] [thread 15969] [27.0] [cxt 0] Egress port is 0
[18:44:16.981] [bmv2] [D] [thread 15969] [28.0] [cxt 0] Processing packet received on port 1
[18:44:16.981] [bmv2] [D] [thread 15969] [28.0] [cxt 0] Parser 'parser': start
[18:44:16.981] [bmv2] [D] [thread 15969] [28.0] [cxt 0] Parser 'parser' entering state 'start'
[18:44:16.981] [bmv2] [D] [thread 15969] [28.0] [cxt 0] Extracting header 'ethernet'
[18:44:16.981] [bmv2] [D] [thread 15969] [28.0] [cxt 0] Parser state 'start': key is 86dd
[18:44:16.981] [bmv2] [T] [thread 15969] [28.0] [cxt 0] Bytes parsed: 14
[18:44:16.981] [bmv2] [D] [thread 15969] [28.0] [cxt 0] Parser 'parser': end
[18:44:16.981] [bmv2] [D] [thread 15969] [28.0] [cxt 0] Pipeline 'ingress': start
[18:44:16.981] [bmv2] [T] [thread 15969] [28.0] [cxt 0] basic.p4(121) Condition "hdr.ipv4.isValid()" (node_2) is false
[18:44:16.981] [bmv2] [D] [thread 15969] [28.0] [cxt 0] Pipeline 'ingress': end
[18:44:16.981] [bmv2] [D] [thread 15969] [28.0] [cxt 0] Egress port is 0
[18:44:16.981] [bmv2] [D] [thread 15970] [27.0] [cxt 0] Pipeline 'egress': start
[18:44:16.981] [bmv2] [D] [thread 15970] [27.0] [cxt 0] Pipeline 'egress': end
[18:44:16.981] [bmv2] [D] [thread 15970] [27.0] [cxt 0] Deparser 'deparser': start
[18:44:16.981] [bmv2] [T] [thread 15970] [27.0] [cxt 0] Skipping checksum 'cksum' update because condition not met
[18:44:16.981] [bmv2] [D] [thread 15970] [27.0] [cxt 0] Deparsing header 'ethernet'
[18:44:16.981] [bmv2] [D] [thread 15970] [27.0] [cxt 0] Deparser 'deparser': end
[18:44:16.981] [bmv2] [D] [thread 15970] [28.0] [cxt 0] Pipeline 'egress': start
[18:44:16.981] [bmv2] [D] [thread 15970] [28.0] [cxt 0] Pipeline 'egress': end
[18:44:16.981] [bmv2] [D] [thread 15970] [28.0] [cxt 0] Deparser 'deparser': start
[18:44:16.981] [bmv2] [T] [thread 15970] [28.0] [cxt 0] Skipping checksum 'cksum' update because condition not met
[18:44:16.981] [bmv2] [D] [thread 15970] [28.0] [cxt 0] Deparsing header 'ethernet'
[18:44:16.981] [bmv2] [D] [thread 15970] [28.0] [cxt 0] Deparser 'deparser': end
[18:44:16.981] [bmv2] [D] [thread 15974] [27.0] [cxt 0] Transmitting packet of size 200 out of port 0
[18:44:16.981] [bmv2] [D] [thread 15974] [28.0] [cxt 0] Transmitting packet of size 200 out of port 0
[18:44:17.070] [bmv2] [D] [thread 15969] [29.0] [cxt 0] Processing packet received on port 1
[18:44:17.070] [bmv2] [D] [thread 15969] [29.0] [cxt 0] Parser 'parser': start
[18:44:17.070] [bmv2] [D] [thread 15969] [29.0] [cxt 0] Parser 'parser' entering state 'start'
[18:44:17.070] [bmv2] [D] [thread 15969] [29.0] [cxt 0] Extracting header 'ethernet'
[18:44:17.070] [bmv2] [D] [thread 15969] [29.0] [cxt 0] Parser state 'start': key is 86dd
[18:44:17.070] [bmv2] [T] [thread 15969] [29.0] [cxt 0] Bytes parsed: 14
[18:44:17.070] [bmv2] [D] [thread 15969] [29.0] [cxt 0] Parser 'parser': end
[18:44:17.070] [bmv2] [D] [thread 15969] [29.0] [cxt 0] Pipeline 'ingress': start
[18:44:17.070] [bmv2] [T] [thread 15969] [29.0] [cxt 0] basic.p4(121) Condition "hdr.ipv4.isValid()" (node_2) is false
[18:44:17.070] [bmv2] [D] [thread 15969] [29.0] [cxt 0] Pipeline 'ingress': end
[18:44:17.070] [bmv2] [D] [thread 15969] [29.0] [cxt 0] Egress port is 0
[18:44:17.070] [bmv2] [D] [thread 15970] [29.0] [cxt 0] Pipeline 'egress': start
[18:44:17.070] [bmv2] [D] [thread 15970] [29.0] [cxt 0] Pipeline 'egress': end
[18:44:17.070] [bmv2] [D] [thread 15970] [29.0] [cxt 0] Deparser 'deparser': start
[18:44:17.070] [bmv2] [T] [thread 15970] [29.0] [cxt 0] Skipping checksum 'cksum' update because condition not met
[18:44:17.070] [bmv2] [D] [thread 15970] [29.0] [cxt 0] Deparsing header 'ethernet'
[18:44:17.070] [bmv2] [D] [thread 15970] [29.0] [cxt 0] Deparser 'deparser': end
[18:44:17.070] [bmv2] [D] [thread 15974] [29.0] [cxt 0] Transmitting packet of size 203 out of port 0
[18:44:17.152] [bmv2] [D] [thread 15969] [30.0] [cxt 0] Processing packet received on port 1
[18:44:17.152] [bmv2] [D] [thread 15969] [30.0] [cxt 0] Parser 'parser': start
[18:44:17.152] [bmv2] [D] [thread 15969] [30.0] [cxt 0] Parser 'parser' entering state 'start'
[18:44:17.152] [bmv2] [D] [thread 15969] [30.0] [cxt 0] Extracting header 'ethernet'
[18:44:17.152] [bmv2] [D] [thread 15969] [30.0] [cxt 0] Parser state 'start': key is 86dd
[18:44:17.152] [bmv2] [T] [thread 15969] [30.0] [cxt 0] Bytes parsed: 14
[18:44:17.152] [bmv2] [D] [thread 15969] [30.0] [cxt 0] Parser 'parser': end
[18:44:17.153] [bmv2] [D] [thread 15969] [30.0] [cxt 0] Pipeline 'ingress': start
[18:44:17.153] [bmv2] [T] [thread 15969] [30.0] [cxt 0] basic.p4(121) Condition "hdr.ipv4.isValid()" (node_2) is false
[18:44:17.153] [bmv2] [D] [thread 15969] [30.0] [cxt 0] Pipeline 'ingress': end
[18:44:17.153] [bmv2] [D] [thread 15969] [30.0] [cxt 0] Egress port is 0
[18:44:17.153] [bmv2] [D] [thread 15970] [30.0] [cxt 0] Pipeline 'egress': start
[18:44:17.153] [bmv2] [D] [thread 15970] [30.0] [cxt 0] Pipeline 'egress': end
[18:44:17.153] [bmv2] [D] [thread 15970] [30.0] [cxt 0] Deparser 'deparser': start
[18:44:17.153] [bmv2] [T] [thread 15970] [30.0] [cxt 0] Skipping checksum 'cksum' update because condition not met
[18:44:17.153] [bmv2] [D] [thread 15970] [30.0] [cxt 0] Deparsing header 'ethernet'
[18:44:17.153] [bmv2] [D] [thread 15970] [30.0] [cxt 0] Deparser 'deparser': end
[18:44:17.153] [bmv2] [D] [thread 15974] [30.0] [cxt 0] Transmitting packet of size 110 out of port 0
[18:44:17.241] [bmv2] [W] [thread 16007] [P4Runtime] p4::tmp::P4DeviceConfig is deprecated
[18:44:17.242] [bmv2] [D] [thread 16007] Set default default entry for table 'MyIngress.ipv4_lpm': MyIngress.drop - 
[18:44:17.242] [bmv2] [D] [thread 16007] Set default default entry for table 'tbl_clone_packet': MyIngress.clone_packet - 
[18:44:17.247] [bmv2] [D] [thread 16007] simple_switch target has been notified of a config swap
[18:44:17.248] [bmv2] [D] [thread 16008] Set default entry for table 'MyIngress.ipv4_lpm': MyIngress.drop - 
[18:44:17.249] [bmv2] [D] [thread 16007] Entry 0 added to table 'MyIngress.ipv4_lpm'
[18:44:17.249] [bmv2] [D] [thread 16007] Dumping entry 0
Match key:
* hdr.ipv4.dstAddr    : LPM       0a000101/32
Action entry: MyIngress.ipv4_forward - 80000000200,1,

[18:44:17.250] [bmv2] [D] [thread 16008] Entry 1 added to table 'MyIngress.ipv4_lpm'
[18:44:17.250] [bmv2] [D] [thread 16008] Dumping entry 1
Match key:
* hdr.ipv4.dstAddr    : LPM       0a000202/32
Action entry: MyIngress.ipv4_forward - 80000000200,1,

[18:44:17.250] [bmv2] [D] [thread 16007] Entry 2 added to table 'MyIngress.ipv4_lpm'
[18:44:17.250] [bmv2] [D] [thread 16007] Dumping entry 2
Match key:
* hdr.ipv4.dstAddr    : LPM       0a000303/32
Action entry: MyIngress.ipv4_forward - 80000000333,2,

[18:44:17.294] [bmv2] [D] [thread 15969] [31.0] [cxt 0] Processing packet received on port 2
[18:44:17.294] [bmv2] [D] [thread 15969] [31.0] [cxt 0] Parser 'parser': start
[18:44:17.294] [bmv2] [D] [thread 15969] [31.0] [cxt 0] Parser 'parser' entering state 'start'
[18:44:17.294] [bmv2] [D] [thread 15969] [31.0] [cxt 0] Extracting header 'ethernet'
[18:44:17.294] [bmv2] [D] [thread 15969] [31.0] [cxt 0] Parser state 'start': key is 86dd
[18:44:17.294] [bmv2] [T] [thread 15969] [31.0] [cxt 0] Bytes parsed: 14
[18:44:17.294] [bmv2] [D] [thread 15969] [31.0] [cxt 0] Parser 'parser': end
[18:44:17.294] [bmv2] [D] [thread 15969] [31.0] [cxt 0] Pipeline 'ingress': start
[18:44:17.294] [bmv2] [T] [thread 15969] [31.0] [cxt 0] basic.p4(121) Condition "hdr.ipv4.isValid()" (node_2) is false
[18:44:17.294] [bmv2] [D] [thread 15969] [31.0] [cxt 0] Pipeline 'ingress': end
[18:44:17.294] [bmv2] [D] [thread 15969] [31.0] [cxt 0] Egress port is 0
[18:44:17.294] [bmv2] [D] [thread 15969] [32.0] [cxt 0] Processing packet received on port 1
[18:44:17.294] [bmv2] [D] [thread 15969] [32.0] [cxt 0] Parser 'parser': start
[18:44:17.294] [bmv2] [D] [thread 15969] [32.0] [cxt 0] Parser 'parser' entering state 'start'
[18:44:17.294] [bmv2] [D] [thread 15969] [32.0] [cxt 0] Extracting header 'ethernet'
[18:44:17.294] [bmv2] [D] [thread 15969] [32.0] [cxt 0] Parser state 'start': key is 86dd
[18:44:17.294] [bmv2] [T] [thread 15969] [32.0] [cxt 0] Bytes parsed: 14
[18:44:17.294] [bmv2] [D] [thread 15969] [32.0] [cxt 0] Parser 'parser': end
[18:44:17.294] [bmv2] [D] [thread 15969] [32.0] [cxt 0] Pipeline 'ingress': start
[18:44:17.294] [bmv2] [T] [thread 15969] [32.0] [cxt 0] basic.p4(121) Condition "hdr.ipv4.isValid()" (node_2) is false
[18:44:17.294] [bmv2] [D] [thread 15969] [32.0] [cxt 0] Pipeline 'ingress': end
[18:44:17.294] [bmv2] [D] [thread 15969] [32.0] [cxt 0] Egress port is 0
[18:44:17.294] [bmv2] [D] [thread 15970] [31.0] [cxt 0] Pipeline 'egress': start
[18:44:17.294] [bmv2] [D] [thread 15970] [31.0] [cxt 0] Pipeline 'egress': end
[18:44:17.294] [bmv2] [D] [thread 15970] [31.0] [cxt 0] Deparser 'deparser': start
[18:44:17.294] [bmv2] [T] [thread 15970] [31.0] [cxt 0] Skipping checksum 'cksum' update because condition not met
[18:44:17.294] [bmv2] [D] [thread 15970] [31.0] [cxt 0] Deparsing header 'ethernet'
[18:44:17.294] [bmv2] [D] [thread 15970] [31.0] [cxt 0] Deparser 'deparser': end
[18:44:17.294] [bmv2] [D] [thread 15970] [32.0] [cxt 0] Pipeline 'egress': start
[18:44:17.294] [bmv2] [D] [thread 15970] [32.0] [cxt 0] Pipeline 'egress': end
[18:44:17.294] [bmv2] [D] [thread 15970] [32.0] [cxt 0] Deparser 'deparser': start
[18:44:17.294] [bmv2] [T] [thread 15970] [32.0] [cxt 0] Skipping checksum 'cksum' update because condition not met
[18:44:17.294] [bmv2] [D] [thread 15970] [32.0] [cxt 0] Deparsing header 'ethernet'
[18:44:17.294] [bmv2] [D] [thread 15970] [32.0] [cxt 0] Deparser 'deparser': end
[18:44:17.294] [bmv2] [D] [thread 15974] [31.0] [cxt 0] Transmitting packet of size 203 out of port 0
[18:44:17.294] [bmv2] [D] [thread 15974] [32.0] [cxt 0] Transmitting packet of size 203 out of port 0
[18:44:17.791] [bmv2] [D] [thread 15969] [33.0] [cxt 0] Processing packet received on port 1
[18:44:17.791] [bmv2] [D] [thread 15969] [33.0] [cxt 0] Parser 'parser': start
[18:44:17.791] [bmv2] [D] [thread 15969] [33.0] [cxt 0] Parser 'parser' entering state 'start'
[18:44:17.791] [bmv2] [D] [thread 15969] [33.0] [cxt 0] Extracting header 'ethernet'
[18:44:17.791] [bmv2] [D] [thread 15969] [33.0] [cxt 0] Parser state 'start': key is 86dd
[18:44:17.791] [bmv2] [T] [thread 15969] [33.0] [cxt 0] Bytes parsed: 14
[18:44:17.791] [bmv2] [D] [thread 15969] [33.0] [cxt 0] Parser 'parser': end
[18:44:17.791] [bmv2] [D] [thread 15969] [33.0] [cxt 0] Pipeline 'ingress': start
[18:44:17.791] [bmv2] [T] [thread 15969] [33.0] [cxt 0] basic.p4(121) Condition "hdr.ipv4.isValid()" (node_2) is false
[18:44:17.791] [bmv2] [D] [thread 15969] [33.0] [cxt 0] Pipeline 'ingress': end
[18:44:17.791] [bmv2] [D] [thread 15969] [33.0] [cxt 0] Egress port is 0
[18:44:17.792] [bmv2] [D] [thread 15970] [33.0] [cxt 0] Pipeline 'egress': start
[18:44:17.792] [bmv2] [D] [thread 15970] [33.0] [cxt 0] Pipeline 'egress': end
[18:44:17.792] [bmv2] [D] [thread 15970] [33.0] [cxt 0] Deparser 'deparser': start
[18:44:17.792] [bmv2] [T] [thread 15970] [33.0] [cxt 0] Skipping checksum 'cksum' update because condition not met
[18:44:17.792] [bmv2] [D] [thread 15970] [33.0] [cxt 0] Deparsing header 'ethernet'
[18:44:17.792] [bmv2] [D] [thread 15970] [33.0] [cxt 0] Deparser 'deparser': end
[18:44:17.793] [bmv2] [D] [thread 15974] [33.0] [cxt 0] Transmitting packet of size 200 out of port 0
[18:44:18.017] [bmv2] [D] [thread 15969] [34.0] [cxt 0] Processing packet received on port 2
[18:44:18.017] [bmv2] [D] [thread 15969] [34.0] [cxt 0] Parser 'parser': start
[18:44:18.017] [bmv2] [D] [thread 15969] [34.0] [cxt 0] Parser 'parser' entering state 'start'
[18:44:18.017] [bmv2] [D] [thread 15969] [34.0] [cxt 0] Extracting header 'ethernet'
[18:44:18.017] [bmv2] [D] [thread 15969] [34.0] [cxt 0] Parser state 'start': key is 86dd
[18:44:18.017] [bmv2] [T] [thread 15969] [34.0] [cxt 0] Bytes parsed: 14
[18:44:18.017] [bmv2] [D] [thread 15969] [34.0] [cxt 0] Parser 'parser': end
[18:44:18.017] [bmv2] [D] [thread 15969] [34.0] [cxt 0] Pipeline 'ingress': start
[18:44:18.017] [bmv2] [T] [thread 15969] [34.0] [cxt 0] basic.p4(121) Condition "hdr.ipv4.isValid()" (node_2) is false
[18:44:18.017] [bmv2] [D] [thread 15969] [34.0] [cxt 0] Pipeline 'ingress': end
[18:44:18.017] [bmv2] [D] [thread 15969] [34.0] [cxt 0] Egress port is 0
[18:44:18.017] [bmv2] [D] [thread 15969] [35.0] [cxt 0] Processing packet received on port 1
[18:44:18.017] [bmv2] [D] [thread 15969] [35.0] [cxt 0] Parser 'parser': start
[18:44:18.017] [bmv2] [D] [thread 15969] [35.0] [cxt 0] Parser 'parser' entering state 'start'
[18:44:18.017] [bmv2] [D] [thread 15969] [35.0] [cxt 0] Extracting header 'ethernet'
[18:44:18.017] [bmv2] [D] [thread 15969] [35.0] [cxt 0] Parser state 'start': key is 86dd
[18:44:18.017] [bmv2] [T] [thread 15969] [35.0] [cxt 0] Bytes parsed: 14
[18:44:18.017] [bmv2] [D] [thread 15969] [35.0] [cxt 0] Parser 'parser': end
[18:44:18.017] [bmv2] [D] [thread 15969] [35.0] [cxt 0] Pipeline 'ingress': start
[18:44:18.017] [bmv2] [T] [thread 15969] [35.0] [cxt 0] basic.p4(121) Condition "hdr.ipv4.isValid()" (node_2) is false
[18:44:18.017] [bmv2] [D] [thread 15969] [35.0] [cxt 0] Pipeline 'ingress': end
[18:44:18.017] [bmv2] [D] [thread 15969] [35.0] [cxt 0] Egress port is 0
[18:44:18.017] [bmv2] [D] [thread 15970] [34.0] [cxt 0] Pipeline 'egress': start
[18:44:18.017] [bmv2] [D] [thread 15970] [34.0] [cxt 0] Pipeline 'egress': end
[18:44:18.017] [bmv2] [D] [thread 15970] [34.0] [cxt 0] Deparser 'deparser': start
[18:44:18.017] [bmv2] [T] [thread 15970] [34.0] [cxt 0] Skipping checksum 'cksum' update because condition not met
[18:44:18.017] [bmv2] [D] [thread 15970] [34.0] [cxt 0] Deparsing header 'ethernet'
[18:44:18.017] [bmv2] [D] [thread 15970] [34.0] [cxt 0] Deparser 'deparser': end
[18:44:18.017] [bmv2] [D] [thread 15970] [35.0] [cxt 0] Pipeline 'egress': start
[18:44:18.017] [bmv2] [D] [thread 15970] [35.0] [cxt 0] Pipeline 'egress': end
[18:44:18.017] [bmv2] [D] [thread 15970] [35.0] [cxt 0] Deparser 'deparser': start
[18:44:18.017] [bmv2] [T] [thread 15970] [35.0] [cxt 0] Skipping checksum 'cksum' update because condition not met
[18:44:18.017] [bmv2] [D] [thread 15970] [35.0] [cxt 0] Deparsing header 'ethernet'
[18:44:18.017] [bmv2] [D] [thread 15970] [35.0] [cxt 0] Deparser 'deparser': end
[18:44:18.017] [bmv2] [D] [thread 15974] [34.0] [cxt 0] Transmitting packet of size 200 out of port 0
[18:44:18.017] [bmv2] [D] [thread 15974] [35.0] [cxt 0] Transmitting packet of size 200 out of port 0
[18:44:19.071] [bmv2] [D] [thread 15969] [36.0] [cxt 0] Processing packet received on port 1
[18:44:19.071] [bmv2] [D] [thread 15969] [36.0] [cxt 0] Parser 'parser': start
[18:44:19.072] [bmv2] [D] [thread 15969] [36.0] [cxt 0] Parser 'parser' entering state 'start'
[18:44:19.072] [bmv2] [D] [thread 15969] [36.0] [cxt 0] Extracting header 'ethernet'
[18:44:19.072] [bmv2] [D] [thread 15969] [36.0] [cxt 0] Parser state 'start': key is 86dd
[18:44:19.072] [bmv2] [T] [thread 15969] [36.0] [cxt 0] Bytes parsed: 14
[18:44:19.072] [bmv2] [D] [thread 15969] [36.0] [cxt 0] Parser 'parser': end
[18:44:19.072] [bmv2] [D] [thread 15969] [36.0] [cxt 0] Pipeline 'ingress': start
[18:44:19.072] [bmv2] [T] [thread 15969] [36.0] [cxt 0] basic.p4(121) Condition "hdr.ipv4.isValid()" (node_2) is false
[18:44:19.072] [bmv2] [D] [thread 15969] [36.0] [cxt 0] Pipeline 'ingress': end
[18:44:19.072] [bmv2] [D] [thread 15969] [36.0] [cxt 0] Egress port is 0
[18:44:19.072] [bmv2] [D] [thread 15970] [36.0] [cxt 0] Pipeline 'egress': start
[18:44:19.072] [bmv2] [D] [thread 15970] [36.0] [cxt 0] Pipeline 'egress': end
[18:44:19.072] [bmv2] [D] [thread 15970] [36.0] [cxt 0] Deparser 'deparser': start
[18:44:19.072] [bmv2] [T] [thread 15970] [36.0] [cxt 0] Skipping checksum 'cksum' update because condition not met
[18:44:19.072] [bmv2] [D] [thread 15970] [36.0] [cxt 0] Deparsing header 'ethernet'
[18:44:19.072] [bmv2] [D] [thread 15970] [36.0] [cxt 0] Deparser 'deparser': end
[18:44:19.072] [bmv2] [D] [thread 15974] [36.0] [cxt 0] Transmitting packet of size 203 out of port 0
[18:44:19.296] [bmv2] [D] [thread 15969] [37.0] [cxt 0] Processing packet received on port 1
[18:44:19.296] [bmv2] [D] [thread 15969] [37.0] [cxt 0] Parser 'parser': start
[18:44:19.296] [bmv2] [D] [thread 15969] [37.0] [cxt 0] Parser 'parser' entering state 'start'
[18:44:19.296] [bmv2] [D] [thread 15969] [37.0] [cxt 0] Extracting header 'ethernet'
[18:44:19.296] [bmv2] [D] [thread 15969] [37.0] [cxt 0] Parser state 'start': key is 86dd
[18:44:19.296] [bmv2] [T] [thread 15969] [37.0] [cxt 0] Bytes parsed: 14
[18:44:19.296] [bmv2] [D] [thread 15969] [37.0] [cxt 0] Parser 'parser': end
[18:44:19.296] [bmv2] [D] [thread 15969] [37.0] [cxt 0] Pipeline 'ingress': start
[18:44:19.296] [bmv2] [T] [thread 15969] [37.0] [cxt 0] basic.p4(121) Condition "hdr.ipv4.isValid()" (node_2) is false
[18:44:19.296] [bmv2] [D] [thread 15969] [37.0] [cxt 0] Pipeline 'ingress': end
[18:44:19.296] [bmv2] [D] [thread 15969] [37.0] [cxt 0] Egress port is 0
[18:44:19.296] [bmv2] [D] [thread 15969] [38.0] [cxt 0] Processing packet received on port 2
[18:44:19.296] [bmv2] [D] [thread 15969] [38.0] [cxt 0] Parser 'parser': start
[18:44:19.296] [bmv2] [D] [thread 15969] [38.0] [cxt 0] Parser 'parser' entering state 'start'
[18:44:19.296] [bmv2] [D] [thread 15969] [38.0] [cxt 0] Extracting header 'ethernet'
[18:44:19.296] [bmv2] [D] [thread 15969] [38.0] [cxt 0] Parser state 'start': key is 86dd
[18:44:19.296] [bmv2] [T] [thread 15969] [38.0] [cxt 0] Bytes parsed: 14
[18:44:19.296] [bmv2] [D] [thread 15969] [38.0] [cxt 0] Parser 'parser': end
[18:44:19.296] [bmv2] [D] [thread 15969] [38.0] [cxt 0] Pipeline 'ingress': start
[18:44:19.296] [bmv2] [T] [thread 15969] [38.0] [cxt 0] basic.p4(121) Condition "hdr.ipv4.isValid()" (node_2) is false
[18:44:19.297] [bmv2] [D] [thread 15969] [38.0] [cxt 0] Pipeline 'ingress': end
[18:44:19.297] [bmv2] [D] [thread 15969] [38.0] [cxt 0] Egress port is 0
[18:44:19.297] [bmv2] [D] [thread 15970] [37.0] [cxt 0] Pipeline 'egress': start
[18:44:19.297] [bmv2] [D] [thread 15970] [37.0] [cxt 0] Pipeline 'egress': end
[18:44:19.297] [bmv2] [D] [thread 15970] [37.0] [cxt 0] Deparser 'deparser': start
[18:44:19.297] [bmv2] [T] [thread 15970] [37.0] [cxt 0] Skipping checksum 'cksum' update because condition not met
[18:44:19.297] [bmv2] [D] [thread 15970] [37.0] [cxt 0] Deparsing header 'ethernet'
[18:44:19.297] [bmv2] [D] [thread 15970] [37.0] [cxt 0] Deparser 'deparser': end
[18:44:19.297] [bmv2] [D] [thread 15970] [38.0] [cxt 0] Pipeline 'egress': start
[18:44:19.297] [bmv2] [D] [thread 15970] [38.0] [cxt 0] Pipeline 'egress': end
[18:44:19.297] [bmv2] [D] [thread 15970] [38.0] [cxt 0] Deparser 'deparser': start
[18:44:19.297] [bmv2] [T] [thread 15970] [38.0] [cxt 0] Skipping checksum 'cksum' update because condition not met
[18:44:19.297] [bmv2] [D] [thread 15970] [38.0] [cxt 0] Deparsing header 'ethernet'
[18:44:19.297] [bmv2] [D] [thread 15970] [38.0] [cxt 0] Deparser 'deparser': end
[18:44:19.297] [bmv2] [D] [thread 15974] [37.0] [cxt 0] Transmitting packet of size 203 out of port 0
[18:44:19.297] [bmv2] [D] [thread 15974] [38.0] [cxt 0] Transmitting packet of size 203 out of port 0
[18:44:19.827] [bmv2] [D] [thread 15969] [39.0] [cxt 0] Processing packet received on port 1
[18:44:19.827] [bmv2] [D] [thread 15969] [39.0] [cxt 0] Parser 'parser': start
[18:44:19.827] [bmv2] [D] [thread 15969] [39.0] [cxt 0] Parser 'parser' entering state 'start'
[18:44:19.827] [bmv2] [D] [thread 15969] [39.0] [cxt 0] Extracting header 'ethernet'
[18:44:19.827] [bmv2] [D] [thread 15969] [39.0] [cxt 0] Parser state 'start': key is 86dd
[18:44:19.827] [bmv2] [T] [thread 15969] [39.0] [cxt 0] Bytes parsed: 14
[18:44:19.827] [bmv2] [D] [thread 15969] [39.0] [cxt 0] Parser 'parser': end
[18:44:19.827] [bmv2] [D] [thread 15969] [39.0] [cxt 0] Pipeline 'ingress': start
[18:44:19.827] [bmv2] [T] [thread 15969] [39.0] [cxt 0] basic.p4(121) Condition "hdr.ipv4.isValid()" (node_2) is false
[18:44:19.827] [bmv2] [D] [thread 15969] [39.0] [cxt 0] Pipeline 'ingress': end
[18:44:19.827] [bmv2] [D] [thread 15969] [39.0] [cxt 0] Egress port is 0
[18:44:19.827] [bmv2] [D] [thread 15970] [39.0] [cxt 0] Pipeline 'egress': start
[18:44:19.827] [bmv2] [D] [thread 15970] [39.0] [cxt 0] Pipeline 'egress': end
[18:44:19.827] [bmv2] [D] [thread 15970] [39.0] [cxt 0] Deparser 'deparser': start
[18:44:19.827] [bmv2] [T] [thread 15970] [39.0] [cxt 0] Skipping checksum 'cksum' update because condition not met
[18:44:19.827] [bmv2] [D] [thread 15970] [39.0] [cxt 0] Deparsing header 'ethernet'
[18:44:19.827] [bmv2] [D] [thread 15970] [39.0] [cxt 0] Deparser 'deparser': end
[18:44:19.827] [bmv2] [D] [thread 15974] [39.0] [cxt 0] Transmitting packet of size 200 out of port 0
[18:44:19.999] [bmv2] [D] [thread 15969] [40.0] [cxt 0] Processing packet received on port 2
[18:44:19.999] [bmv2] [D] [thread 15969] [40.0] [cxt 0] Parser 'parser': start
[18:44:19.999] [bmv2] [D] [thread 15969] [40.0] [cxt 0] Parser 'parser' entering state 'start'
[18:44:19.999] [bmv2] [D] [thread 15969] [40.0] [cxt 0] Extracting header 'ethernet'
[18:44:19.999] [bmv2] [D] [thread 15969] [40.0] [cxt 0] Parser state 'start': key is 86dd
[18:44:19.999] [bmv2] [T] [thread 15969] [40.0] [cxt 0] Bytes parsed: 14
[18:44:19.999] [bmv2] [D] [thread 15969] [40.0] [cxt 0] Parser 'parser': end
[18:44:19.999] [bmv2] [D] [thread 15969] [40.0] [cxt 0] Pipeline 'ingress': start
[18:44:19.999] [bmv2] [T] [thread 15969] [40.0] [cxt 0] basic.p4(121) Condition "hdr.ipv4.isValid()" (node_2) is false
[18:44:19.999] [bmv2] [D] [thread 15969] [40.0] [cxt 0] Pipeline 'ingress': end
[18:44:19.999] [bmv2] [D] [thread 15969] [40.0] [cxt 0] Egress port is 0
[18:44:19.999] [bmv2] [D] [thread 15970] [40.0] [cxt 0] Pipeline 'egress': start
[18:44:19.999] [bmv2] [D] [thread 15970] [40.0] [cxt 0] Pipeline 'egress': end
[18:44:19.999] [bmv2] [D] [thread 15970] [40.0] [cxt 0] Deparser 'deparser': start
[18:44:19.999] [bmv2] [T] [thread 15970] [40.0] [cxt 0] Skipping checksum 'cksum' update because condition not met
[18:44:19.999] [bmv2] [D] [thread 15970] [40.0] [cxt 0] Deparsing header 'ethernet'
[18:44:19.999] [bmv2] [D] [thread 15970] [40.0] [cxt 0] Deparser 'deparser': end
[18:44:19.999] [bmv2] [D] [thread 15974] [40.0] [cxt 0] Transmitting packet of size 70 out of port 0
[18:44:20.052] [bmv2] [D] [thread 15969] [41.0] [cxt 0] Processing packet received on port 2
[18:44:20.052] [bmv2] [D] [thread 15969] [41.0] [cxt 0] Parser 'parser': start
[18:44:20.052] [bmv2] [D] [thread 15969] [41.0] [cxt 0] Parser 'parser' entering state 'start'
[18:44:20.052] [bmv2] [D] [thread 15969] [41.0] [cxt 0] Extracting header 'ethernet'
[18:44:20.052] [bmv2] [D] [thread 15969] [41.0] [cxt 0] Parser state 'start': key is 86dd
[18:44:20.052] [bmv2] [T] [thread 15969] [41.0] [cxt 0] Bytes parsed: 14
[18:44:20.052] [bmv2] [D] [thread 15969] [41.0] [cxt 0] Parser 'parser': end
[18:44:20.052] [bmv2] [D] [thread 15969] [41.0] [cxt 0] Pipeline 'ingress': start
[18:44:20.052] [bmv2] [T] [thread 15969] [41.0] [cxt 0] basic.p4(121) Condition "hdr.ipv4.isValid()" (node_2) is false
[18:44:20.052] [bmv2] [D] [thread 15969] [41.0] [cxt 0] Pipeline 'ingress': end
[18:44:20.052] [bmv2] [D] [thread 15969] [41.0] [cxt 0] Egress port is 0
[18:44:20.052] [bmv2] [D] [thread 15969] [42.0] [cxt 0] Processing packet received on port 1
[18:44:20.052] [bmv2] [D] [thread 15969] [42.0] [cxt 0] Parser 'parser': start
[18:44:20.052] [bmv2] [D] [thread 15969] [42.0] [cxt 0] Parser 'parser' entering state 'start'
[18:44:20.052] [bmv2] [D] [thread 15969] [42.0] [cxt 0] Extracting header 'ethernet'
[18:44:20.052] [bmv2] [D] [thread 15969] [42.0] [cxt 0] Parser state 'start': key is 86dd
[18:44:20.052] [bmv2] [T] [thread 15969] [42.0] [cxt 0] Bytes parsed: 14
[18:44:20.052] [bmv2] [D] [thread 15969] [42.0] [cxt 0] Parser 'parser': end
[18:44:20.052] [bmv2] [D] [thread 15969] [42.0] [cxt 0] Pipeline 'ingress': start
[18:44:20.052] [bmv2] [T] [thread 15969] [42.0] [cxt 0] basic.p4(121) Condition "hdr.ipv4.isValid()" (node_2) is false
[18:44:20.052] [bmv2] [D] [thread 15969] [42.0] [cxt 0] Pipeline 'ingress': end
[18:44:20.052] [bmv2] [D] [thread 15969] [42.0] [cxt 0] Egress port is 0
[18:44:20.052] [bmv2] [D] [thread 15970] [41.0] [cxt 0] Pipeline 'egress': start
[18:44:20.052] [bmv2] [D] [thread 15970] [41.0] [cxt 0] Pipeline 'egress': end
[18:44:20.052] [bmv2] [D] [thread 15970] [41.0] [cxt 0] Deparser 'deparser': start
[18:44:20.052] [bmv2] [T] [thread 15970] [41.0] [cxt 0] Skipping checksum 'cksum' update because condition not met
[18:44:20.052] [bmv2] [D] [thread 15970] [41.0] [cxt 0] Deparsing header 'ethernet'
[18:44:20.052] [bmv2] [D] [thread 15970] [41.0] [cxt 0] Deparser 'deparser': end
[18:44:20.052] [bmv2] [D] [thread 15970] [42.0] [cxt 0] Pipeline 'egress': start
[18:44:20.052] [bmv2] [D] [thread 15970] [42.0] [cxt 0] Pipeline 'egress': end
[18:44:20.052] [bmv2] [D] [thread 15970] [42.0] [cxt 0] Deparser 'deparser': start
[18:44:20.052] [bmv2] [T] [thread 15970] [42.0] [cxt 0] Skipping checksum 'cksum' update because condition not met
[18:44:20.052] [bmv2] [D] [thread 15974] [41.0] [cxt 0] Transmitting packet of size 200 out of port 0
[18:44:20.052] [bmv2] [D] [thread 15970] [42.0] [cxt 0] Deparsing header 'ethernet'
[18:44:20.052] [bmv2] [D] [thread 15970] [42.0] [cxt 0] Deparser 'deparser': end
[18:44:20.053] [bmv2] [D] [thread 15974] [42.0] [cxt 0] Transmitting packet of size 200 out of port 0
[18:44:20.255] [bmv2] [D] [thread 15969] [43.0] [cxt 0] Processing packet received on port 1
[18:44:20.255] [bmv2] [D] [thread 15969] [43.0] [cxt 0] Parser 'parser': start
[18:44:20.255] [bmv2] [D] [thread 15969] [43.0] [cxt 0] Parser 'parser' entering state 'start'
[18:44:20.255] [bmv2] [D] [thread 15969] [43.0] [cxt 0] Extracting header 'ethernet'
[18:44:20.255] [bmv2] [D] [thread 15969] [43.0] [cxt 0] Parser state 'start': key is 86dd
[18:44:20.255] [bmv2] [T] [thread 15969] [43.0] [cxt 0] Bytes parsed: 14
[18:44:20.255] [bmv2] [D] [thread 15969] [43.0] [cxt 0] Parser 'parser': end
[18:44:20.255] [bmv2] [D] [thread 15969] [43.0] [cxt 0] Pipeline 'ingress': start
[18:44:20.255] [bmv2] [T] [thread 15969] [43.0] [cxt 0] basic.p4(121) Condition "hdr.ipv4.isValid()" (node_2) is false
[18:44:20.255] [bmv2] [D] [thread 15969] [43.0] [cxt 0] Pipeline 'ingress': end
[18:44:20.255] [bmv2] [D] [thread 15969] [43.0] [cxt 0] Egress port is 0
[18:44:20.255] [bmv2] [D] [thread 15970] [43.0] [cxt 0] Pipeline 'egress': start
[18:44:20.255] [bmv2] [D] [thread 15970] [43.0] [cxt 0] Pipeline 'egress': end
[18:44:20.255] [bmv2] [D] [thread 15970] [43.0] [cxt 0] Deparser 'deparser': start
[18:44:20.255] [bmv2] [T] [thread 15970] [43.0] [cxt 0] Skipping checksum 'cksum' update because condition not met
[18:44:20.255] [bmv2] [D] [thread 15970] [43.0] [cxt 0] Deparsing header 'ethernet'
[18:44:20.255] [bmv2] [D] [thread 15970] [43.0] [cxt 0] Deparser 'deparser': end
[18:44:20.255] [bmv2] [D] [thread 15974] [43.0] [cxt 0] Transmitting packet of size 70 out of port 0
[18:44:20.511] [bmv2] [D] [thread 15969] [44.0] [cxt 0] Processing packet received on port 1
[18:44:20.511] [bmv2] [D] [thread 15969] [44.0] [cxt 0] Parser 'parser': start
[18:44:20.512] [bmv2] [D] [thread 15969] [44.0] [cxt 0] Parser 'parser' entering state 'start'
[18:44:20.512] [bmv2] [D] [thread 15969] [44.0] [cxt 0] Extracting header 'ethernet'
[18:44:20.512] [bmv2] [D] [thread 15969] [44.0] [cxt 0] Parser state 'start': key is 86dd
[18:44:20.512] [bmv2] [T] [thread 15969] [44.0] [cxt 0] Bytes parsed: 14
[18:44:20.512] [bmv2] [D] [thread 15969] [44.0] [cxt 0] Parser 'parser': end
[18:44:20.512] [bmv2] [D] [thread 15969] [44.0] [cxt 0] Pipeline 'ingress': start
[18:44:20.512] [bmv2] [T] [thread 15969] [44.0] [cxt 0] basic.p4(121) Condition "hdr.ipv4.isValid()" (node_2) is false
[18:44:20.512] [bmv2] [D] [thread 15969] [44.0] [cxt 0] Pipeline 'ingress': end
[18:44:20.512] [bmv2] [D] [thread 15969] [44.0] [cxt 0] Egress port is 0
[18:44:20.512] [bmv2] [D] [thread 15970] [44.0] [cxt 0] Pipeline 'egress': start
[18:44:20.512] [bmv2] [D] [thread 15970] [44.0] [cxt 0] Pipeline 'egress': end
[18:44:20.512] [bmv2] [D] [thread 15970] [44.0] [cxt 0] Deparser 'deparser': start
[18:44:20.512] [bmv2] [T] [thread 15970] [44.0] [cxt 0] Skipping checksum 'cksum' update because condition not met
[18:44:20.512] [bmv2] [D] [thread 15970] [44.0] [cxt 0] Deparsing header 'ethernet'
[18:44:20.512] [bmv2] [D] [thread 15970] [44.0] [cxt 0] Deparser 'deparser': end
[18:44:20.512] [bmv2] [D] [thread 15974] [44.0] [cxt 0] Transmitting packet of size 70 out of port 0
[18:44:23.073] [bmv2] [D] [thread 15969] [45.0] [cxt 0] Processing packet received on port 1
[18:44:23.073] [bmv2] [D] [thread 15969] [45.0] [cxt 0] Parser 'parser': start
[18:44:23.073] [bmv2] [D] [thread 15969] [45.0] [cxt 0] Parser 'parser' entering state 'start'
[18:44:23.073] [bmv2] [D] [thread 15969] [45.0] [cxt 0] Extracting header 'ethernet'
[18:44:23.073] [bmv2] [D] [thread 15969] [45.0] [cxt 0] Parser state 'start': key is 86dd
[18:44:23.073] [bmv2] [T] [thread 15969] [45.0] [cxt 0] Bytes parsed: 14
[18:44:23.073] [bmv2] [D] [thread 15969] [45.0] [cxt 0] Parser 'parser': end
[18:44:23.073] [bmv2] [D] [thread 15969] [45.0] [cxt 0] Pipeline 'ingress': start
[18:44:23.073] [bmv2] [T] [thread 15969] [45.0] [cxt 0] basic.p4(121) Condition "hdr.ipv4.isValid()" (node_2) is false
[18:44:23.073] [bmv2] [D] [thread 15969] [45.0] [cxt 0] Pipeline 'ingress': end
[18:44:23.073] [bmv2] [D] [thread 15969] [45.0] [cxt 0] Egress port is 0
[18:44:23.073] [bmv2] [D] [thread 15970] [45.0] [cxt 0] Pipeline 'egress': start
[18:44:23.073] [bmv2] [D] [thread 15970] [45.0] [cxt 0] Pipeline 'egress': end
[18:44:23.073] [bmv2] [D] [thread 15970] [45.0] [cxt 0] Deparser 'deparser': start
[18:44:23.073] [bmv2] [T] [thread 15970] [45.0] [cxt 0] Skipping checksum 'cksum' update because condition not met
[18:44:23.074] [bmv2] [D] [thread 15970] [45.0] [cxt 0] Deparsing header 'ethernet'
[18:44:23.074] [bmv2] [D] [thread 15970] [45.0] [cxt 0] Deparser 'deparser': end
[18:44:23.074] [bmv2] [D] [thread 15974] [45.0] [cxt 0] Transmitting packet of size 203 out of port 0
[18:44:23.298] [bmv2] [D] [thread 15969] [46.0] [cxt 0] Processing packet received on port 2
[18:44:23.298] [bmv2] [D] [thread 15969] [46.0] [cxt 0] Parser 'parser': start
[18:44:23.298] [bmv2] [D] [thread 15969] [46.0] [cxt 0] Parser 'parser' entering state 'start'
[18:44:23.298] [bmv2] [D] [thread 15969] [46.0] [cxt 0] Extracting header 'ethernet'
[18:44:23.298] [bmv2] [D] [thread 15969] [46.0] [cxt 0] Parser state 'start': key is 86dd
[18:44:23.298] [bmv2] [T] [thread 15969] [46.0] [cxt 0] Bytes parsed: 14
[18:44:23.298] [bmv2] [D] [thread 15969] [46.0] [cxt 0] Parser 'parser': end
[18:44:23.298] [bmv2] [D] [thread 15969] [46.0] [cxt 0] Pipeline 'ingress': start
[18:44:23.298] [bmv2] [T] [thread 15969] [46.0] [cxt 0] basic.p4(121) Condition "hdr.ipv4.isValid()" (node_2) is false
[18:44:23.298] [bmv2] [D] [thread 15969] [46.0] [cxt 0] Pipeline 'ingress': end
[18:44:23.298] [bmv2] [D] [thread 15969] [46.0] [cxt 0] Egress port is 0
[18:44:23.298] [bmv2] [D] [thread 15969] [47.0] [cxt 0] Processing packet received on port 1
[18:44:23.299] [bmv2] [D] [thread 15969] [47.0] [cxt 0] Parser 'parser': start
[18:44:23.299] [bmv2] [D] [thread 15969] [47.0] [cxt 0] Parser 'parser' entering state 'start'
[18:44:23.299] [bmv2] [D] [thread 15969] [47.0] [cxt 0] Extracting header 'ethernet'
[18:44:23.299] [bmv2] [D] [thread 15969] [47.0] [cxt 0] Parser state 'start': key is 86dd
[18:44:23.299] [bmv2] [T] [thread 15969] [47.0] [cxt 0] Bytes parsed: 14
[18:44:23.299] [bmv2] [D] [thread 15969] [47.0] [cxt 0] Parser 'parser': end
[18:44:23.299] [bmv2] [D] [thread 15969] [47.0] [cxt 0] Pipeline 'ingress': start
[18:44:23.299] [bmv2] [T] [thread 15969] [47.0] [cxt 0] basic.p4(121) Condition "hdr.ipv4.isValid()" (node_2) is false
[18:44:23.299] [bmv2] [D] [thread 15969] [47.0] [cxt 0] Pipeline 'ingress': end
[18:44:23.299] [bmv2] [D] [thread 15969] [47.0] [cxt 0] Egress port is 0
[18:44:23.299] [bmv2] [D] [thread 15970] [46.0] [cxt 0] Pipeline 'egress': start
[18:44:23.299] [bmv2] [D] [thread 15970] [46.0] [cxt 0] Pipeline 'egress': end
[18:44:23.299] [bmv2] [D] [thread 15970] [46.0] [cxt 0] Deparser 'deparser': start
[18:44:23.299] [bmv2] [T] [thread 15970] [46.0] [cxt 0] Skipping checksum 'cksum' update because condition not met
[18:44:23.299] [bmv2] [D] [thread 15970] [46.0] [cxt 0] Deparsing header 'ethernet'
[18:44:23.299] [bmv2] [D] [thread 15970] [46.0] [cxt 0] Deparser 'deparser': end
[18:44:23.299] [bmv2] [D] [thread 15970] [47.0] [cxt 0] Pipeline 'egress': start
[18:44:23.299] [bmv2] [D] [thread 15970] [47.0] [cxt 0] Pipeline 'egress': end
[18:44:23.299] [bmv2] [D] [thread 15970] [47.0] [cxt 0] Deparser 'deparser': start
[18:44:23.299] [bmv2] [T] [thread 15970] [47.0] [cxt 0] Skipping checksum 'cksum' update because condition not met
[18:44:23.300] [bmv2] [D] [thread 15970] [47.0] [cxt 0] Deparsing header 'ethernet'
[18:44:23.300] [bmv2] [D] [thread 15974] [46.0] [cxt 0] Transmitting packet of size 203 out of port 0
[18:44:23.300] [bmv2] [D] [thread 15970] [47.0] [cxt 0] Deparser 'deparser': end
[18:44:23.300] [bmv2] [D] [thread 15974] [47.0] [cxt 0] Transmitting packet of size 203 out of port 0
open: No such file or directory
open: No such file or directory
